  -- BOUND ------ BOUND ------ BOUND ------ BOUND ------ BOUND ------ BOUND --
 |                                                                            |
 |          Bound states of interacting pairs of atoms and molecules          |
 |                                                                            |
 |              Copyright (C) 2019 J. M. Hutson & C. R. Le Sueur              |
 |                                                                            |
 |                               Version 2019.1                               |
 |                                                                            |
 |                       Run on 30 May 2019   at 11:57:16                     |
 |                                                                            |
  -- BOUND ------ BOUND ------ BOUND ------ BOUND ------ BOUND ------ BOUND --


  This program is free software: you can redistribute it and/or modify it under
  the terms of the GNU General Public License, version 3, as published by
  the Free Software Foundation.

  Publications resulting from the use of this program should refer to
  J. M. Hutson & C. R. Le Sueur, BOUND computer code 2019.1              
  or to the published paper in Computer Physics Communications when available.


  USING CODATA 2018 RECOMMENDED VALUES OF FUNDAMENTAL PHYSICAL CONSTANTS

  MEMORY ALLOCATED TO MAIN WORKING ARRAY IS   1000000 (8-BYTE) WORDS (    7.63 MB)

  PRINT LEVEL (IPRINT) =  5

  REDUCED MASS FOR INTERACTION =   1.000000000 (UNITS OF 5.485799091E-04 DALTONS)

  NO SCRATCH FILE SPECIFIED BY ISCRU PARAMETER: FULL CALCULATION WILL BE DONE AT EACH ENERGY

  ======================================================================================================================

  INTERACTION TYPE IS    LINEAR RIGID ROTOR  -  ATOM.  

  MOLECULAR QUANTUM NUMBERS TAKEN FROM JLEVEL INPUT.  NLEVEL =  1

  ENERGY LEVELS OBTAINED FROM B(E) =    1.000000

  QUANTUM NUMBERS FOR INTERACTING PAIR:
  EACH PAIR STATE IS LABELLED BY  1 QUANTUM NUMBER 
  EACH CHANNEL FUNCTION IS FORMED BY COMBINING A PAIR STATE WITH A VALUE OF L.
  THE RESULTING BASIS SET IS ASYMPTOTICALLY DIAGONAL.

  PAIR STATE     PAIR STATE QUANTUM NUMBERS    PAIR LEVEL     PAIR ENERGY (CM-1)
                ---------        J ---------
        1                        0                1             0.0000000

  ======================================================================================================================
  GENERAL-PURPOSE POTENL ROUTINE (MAY 18)

  ANGULAR DEPENDENCE OF POTENTIAL EXPANDED IN TERMS OF
  LEGENDRE POLYNOMIALS, P(LAMBDA).

  INTERACTION POTENTIAL FOR EXPANSION TERM NUMBER   1
  WHICH HAS LAMBDA =   0

                -1.00000000E+00 * R ** -1

  POTENL PROCESSING FINISHED.

  POTENTIAL RETURNED IN UNITS OF EPSIL  =  219474.63     CM-1

  ALL LENGTHS ARE IN UNITS OF BOHR (  0.52917721 ANGSTROM ) UNLESS OTHERWISE STATED

  INTERACTION MATRIX USES   1 BLOCKS OF VL ARRAY FOR R-DEPENDENT TERMS IN POTENTIAL

  ======================================================================================================================

  PROPAGATION METHODS FOR COUPLED EQUATIONS SPECIFIED BY IPROPS =  8 AND IPROPL =  9

  COUPLED EQUATIONS WILL BE PROPAGATED TOWARDS RMATCH IN 3 SEGMENTS

  PROPAGATION RANGES ARE CONTROLLED BY VARIABLES RMIN, RMID, RMATCH AND RMAX, WITH INPUT VALUES
  RMIN =   0.000     RMID =   3.000     RMATCH =   1.000     RMAX =   100.0    
  ++++++++++++++++++++++++++++++++++++++++++++++++++++++++++++++++++++++++++++++++++++++++++++++++++++++++++++++++++++++
  SEGMENT 1 WILL BE PROPAGATED OUTWARDS

  FROM RMIN =      0.00 TO RMATCH =      1.00

  COUPLED EQUATIONS SOLVED BY SYMPLECTIC LOG-DERIVATIVE PROPAGATOR OF MANOLOPOULOS AND GRAY
  USING THE FIVE-STEP FOURTH-ORDER METHOD OF CALVO AND SANZ-SERNA

  PROPAGATION STEP SIZE DETERMINED USING DR =  1.000E-04
  STEP SIZE CONSTANT THROUGHOUT RANGE
  STEP SIZE MAY BE ADJUSTED SLIGHTLY SO THAT RANGE IS A WHOLE NUMBER OF STEPS

  LOG-DERIVATIVE MATRIX INITIALISED IN THE LOCAL EIGENBASIS AT RMIN IN THE OUTWARD PROPAGATION PART
  LOCALLY CLOSED CHANNELS INITIALISED WITH A WKB BOUNDARY CONDITION
  LOCALLY  OPEN  CHANNELS INITIALISED WITH THE VALUE  1.000E+08
  ++++++++++++++++++++++++++++++++++++++++++++++++++++++++++++++++++++++++++++++++++++++++++++++++++++++++++++++++++++++
  SEGMENT 2 WILL BE PROPAGATED  INWARDS

  TO RMID =      3.00 FROM RMAX =    100.00

  COUPLED EQUATIONS SOLVED BY VARIABLE-STEP AIRY PROPAGATOR.
  PUBLICATIONS RESULTING FROM THE USE OF THIS PROPAGATOR SHOULD REFERENCE
  M. H. ALEXANDER AND D. E. MANOLOPOULOS,  J. CHEM. PHYS. 86, 2044 (1987).

  PROPAGATION STEP SIZE DETERMINED USING DR =  1.000E-03
  STEP SIZES ADJUSTED TO MAINTAIN APPROXIMATE ACCURACY VIA PERTURBATION THEORY
  WITH TOLHI =  1.00E-04 AND POWR =   3.0    

  LOG-DERIVATIVE MATRIX INITIALISED IN THE LOCAL EIGENBASIS AT RMAX IN THE INWARD PROPAGATION PART
  LOCALLY CLOSED CHANNELS INITIALISED WITH A WKB BOUNDARY CONDITION
  LOCALLY  OPEN  CHANNELS INITIALISED WITH THE VALUE  0.000E+00
  ++++++++++++++++++++++++++++++++++++++++++++++++++++++++++++++++++++++++++++++++++++++++++++++++++++++++++++++++++++++
  SEGMENT 3 WILL BE PROPAGATED  INWARDS

  TO RMATCH =      1.00 FROM RMID =      3.00

  COUPLED EQUATIONS SOLVED BY SYMPLECTIC LOG-DERIVATIVE PROPAGATOR OF MANOLOPOULOS AND GRAY
  USING THE FIVE-STEP FOURTH-ORDER METHOD OF CALVO AND SANZ-SERNA

  INITIAL STEP SIZE TAKEN FROM SIZE OF FINAL STEP OF SHORT-RANGE PROPAGATION
  STEP SIZE CONSTANT THROUGHOUT RANGE
  STEP SIZE MAY BE ADJUSTED SLIGHTLY SO THAT RANGE IS A WHOLE NUMBER OF STEPS

  ======================================================================================================================

  PROGRAM WILL ATTEMPT TO CONVERGE ON BOUND STATES AS A FUNCTION OF ENERGY

  FOR EACH LEVEL, THE BISECTION METHOD WILL BE USED UNTIL THE VWDB METHOD OFFERS RELIABLE CONVERGENCE.

  VWDB CONVERGENCE WILL TERMINATE WHEN THE STEP SIZE IS LESS THAN 1.00000E-07 AU      

  INPUT ENERGY VALUES CONVERTED FROM AU
  TO INTERNAL WORKING UNITS OF CM-1 DUE TO INTEGER INPUT =   7

  PROGRAM WILL SEEK EIGENVALUES WITH GENERALISED NODE COUNTS FROM    0 TO  99999
  LYING IN ENERGY RANGE  -1.0000     TO   0.0000     AU      

  ======================================================================================================================

  TOTAL ANGULAR MOMENTUM JTOT RUNS FROM   0  TO     1  IN STEPS OF   1

  EACH JTOT IS SPLIT INTO A MAXIMUM OF   2 SYMMETRY BLOCKS

  CALCULATIONS WILL BE FOR SYMMETRY BLOCK   2  ONLY

  INITIALIZATION DONE.  TIME WAS   0.00 CPU SECS.         3 WORDS OF STORAGE USED.

  ======================================= Hydrogen: ITYPE=1; IPROPS=8, IPROPL=9 ========================================

  *****************************  ANGULAR MOMENTUM JTOT  =   0   AND SYMMETRY BLOCK  =    2  ****************************

  CHANNEL FUNCTION LIST:

  EACH CHANNEL FUNCTION IS FORMED BY COMBINING A PAIR STATE WITH A VALUE OF L.

  CHANNEL  PAIR STATE    PAIR STATE QUANTUM NUMBERS            L        PAIR LEVEL   PAIR ENERGY (CM-1)
                         ---------      J   ---------
        1           1                   0                      0             1         0.0000000

  NODE COUNT IMPLIES     0 STATES BELOW MINIMUM ENERGY =  -1.000000000     AU    
  NODE COUNT IMPLIES     9 STATES BELOW MAXIMUM ENERGY =   0.000000000     AU    

  - - - - - - - - - - - - - - - - - - - - - - - - - - - - - - - - - - - - - - - - - - - - - - - - - - - - - - - - - - - 

  SEARCHING FOR BOUND STATE NUMBER     1

  CONVERGED ON STATE NUMBER     1 AT                              ENERGY = -0.4999999980     AU    

  SMALLEST EIGENVALUE OF MATCHING MATRIX IS NUMBER  1 =  1.48490E-08

  WITH PRINCIPAL EIGENVECTOR COMPONENTS
  CHAN     VEC    VEC**2   L   QUANTUM NUMBERS

   1    1.0000    1.0000   0   0   1

  - - - - - - - - - - - - - - - - - - - - - - - - - - - - - - - - - - - - - - - - - - - - - - - - - - - - - - - - - - - 

  SEARCHING FOR BOUND STATE NUMBER     2

  CONVERGED ON STATE NUMBER     2 AT                              ENERGY = -0.1249999949     AU    

  SMALLEST EIGENVALUE OF MATCHING MATRIX IS NUMBER  1 =  2.23652E-07

  WITH PRINCIPAL EIGENVECTOR COMPONENTS
  CHAN     VEC    VEC**2   L   QUANTUM NUMBERS

   1    1.0000    1.0000   0   0   1

  - - - - - - - - - - - - - - - - - - - - - - - - - - - - - - - - - - - - - - - - - - - - - - - - - - - - - - - - - - - 

  SEARCHING FOR BOUND STATE NUMBER     3

  CONVERGED ON STATE NUMBER     3 AT                              ENERGY = -5.5555550881E-02 AU    

  SMALLEST EIGENVALUE OF MATCHING MATRIX IS NUMBER  1 = -1.72173E-06

  WITH PRINCIPAL EIGENVECTOR COMPONENTS
  CHAN     VEC    VEC**2   L   QUANTUM NUMBERS

   1    1.0000    1.0000   0   0   1

  - - - - - - - - - - - - - - - - - - - - - - - - - - - - - - - - - - - - - - - - - - - - - - - - - - - - - - - - - - - 

  SEARCHING FOR BOUND STATE NUMBER     4

  CONVERGED ON STATE NUMBER     4 AT                              ENERGY = -3.1249998636E-02 AU    

  SMALLEST EIGENVALUE OF MATCHING MATRIX IS NUMBER  1 =  1.22656E-06

  WITH PRINCIPAL EIGENVECTOR COMPONENTS
  CHAN     VEC    VEC**2   L   QUANTUM NUMBERS

   1    1.0000    1.0000   0   0   1

  - - - - - - - - - - - - - - - - - - - - - - - - - - - - - - - - - - - - - - - - - - - - - - - - - - - - - - - - - - - 

  SEARCHING FOR BOUND STATE NUMBER     5

  CONVERGED ON STATE NUMBER     5 AT                              ENERGY = -1.9999998011E-02 AU    

  SMALLEST EIGENVALUE OF MATCHING MATRIX IS NUMBER  1 = -7.08304E-08

  WITH PRINCIPAL EIGENVECTOR COMPONENTS
  CHAN     VEC    VEC**2   L   QUANTUM NUMBERS

   1    1.0000    1.0000   0   0   1

  - - - - - - - - - - - - - - - - - - - - - - - - - - - - - - - - - - - - - - - - - - - - - - - - - - - - - - - - - - - 

  SEARCHING FOR BOUND STATE NUMBER     6

  CONVERGED ON STATE NUMBER     6 AT                              ENERGY = -1.3889504320E-02 AU    

  SMALLEST EIGENVALUE OF MATCHING MATRIX IS NUMBER  1 = -4.35831E-05

  WITH PRINCIPAL EIGENVECTOR COMPONENTS
  CHAN     VEC    VEC**2   L   QUANTUM NUMBERS

   1    1.0000    1.0000   0   0   1

  - - - - - - - - - - - - - - - - - - - - - - - - - - - - - - - - - - - - - - - - - - - - - - - - - - - - - - - - - - - 

  SEARCHING FOR BOUND STATE NUMBER     7

  CONVERGED ON STATE NUMBER     7 AT                              ENERGY = -1.0332270774E-02 AU    

  SMALLEST EIGENVALUE OF MATCHING MATRIX IS NUMBER  1 = -7.32435E-07

  WITH PRINCIPAL EIGENVECTOR COMPONENTS
  CHAN     VEC    VEC**2   L   QUANTUM NUMBERS

   1    1.0000    1.0000   0   0   1

  - - - - - - - - - - - - - - - - - - - - - - - - - - - - - - - - - - - - - - - - - - - - - - - - - - - - - - - - - - - 

  SEARCHING FOR BOUND STATE NUMBER     8

  CONVERGED ON STATE NUMBER     8 AT                              ENERGY = -7.1321668566E-03 AU    

  SMALLEST EIGENVALUE OF MATCHING MATRIX IS NUMBER  1 = -1.18372E-06

  WITH PRINCIPAL EIGENVECTOR COMPONENTS
  CHAN     VEC    VEC**2   L   QUANTUM NUMBERS

   1    1.0000    1.0000   0   0   1

  - - - - - - - - - - - - - - - - - - - - - - - - - - - - - - - - - - - - - - - - - - - - - - - - - - - - - - - - - - - 

  SEARCHING FOR BOUND STATE NUMBER     9

  CONVERGED ON STATE NUMBER     9 AT                              ENERGY = -1.6256807516E-03 AU    

  SMALLEST EIGENVALUE OF MATCHING MATRIX IS NUMBER  1 =  7.45008E-09

  WITH PRINCIPAL EIGENVECTOR COMPONENTS
  CHAN     VEC    VEC**2   L   QUANTUM NUMBERS

   1    1.0000    1.0000   0   0   1

  *****************************  ANGULAR MOMENTUM JTOT  =   1   AND SYMMETRY BLOCK  =    2  ****************************

  CHANNEL FUNCTION LIST:

  EACH CHANNEL FUNCTION IS FORMED BY COMBINING A PAIR STATE WITH A VALUE OF L.

  CHANNEL  PAIR STATE    PAIR STATE QUANTUM NUMBERS            L        PAIR LEVEL   PAIR ENERGY (CM-1)
                         ---------      J   ---------
        1           1                   0                      1             1         0.0000000

  NODE COUNT IMPLIES     0 STATES BELOW MINIMUM ENERGY =  -1.000000000     AU    
  NODE COUNT IMPLIES     8 STATES BELOW MAXIMUM ENERGY =   0.000000000     AU    

  - - - - - - - - - - - - - - - - - - - - - - - - - - - - - - - - - - - - - - - - - - - - - - - - - - - - - - - - - - - 

  SEARCHING FOR BOUND STATE NUMBER     1

  CONVERGED ON STATE NUMBER     1 AT                              ENERGY = -0.1249999970     AU    

  SMALLEST EIGENVALUE OF MATCHING MATRIX IS NUMBER  1 =  9.76352E-07

  WITH PRINCIPAL EIGENVECTOR COMPONENTS
  CHAN     VEC    VEC**2   L   QUANTUM NUMBERS

   1    1.0000    1.0000   1   0   1

  - - - - - - - - - - - - - - - - - - - - - - - - - - - - - - - - - - - - - - - - - - - - - - - - - - - - - - - - - - - 

  SEARCHING FOR BOUND STATE NUMBER     2

  CONVERGED ON STATE NUMBER     2 AT                              ENERGY = -5.5555549751E-02 AU    

  SMALLEST EIGENVALUE OF MATCHING MATRIX IS NUMBER  1 =  5.62923E-07

  WITH PRINCIPAL EIGENVECTOR COMPONENTS
  CHAN     VEC    VEC**2   L   QUANTUM NUMBERS

   1    1.0000    1.0000   1   0   1

  - - - - - - - - - - - - - - - - - - - - - - - - - - - - - - - - - - - - - - - - - - - - - - - - - - - - - - - - - - - 

  SEARCHING FOR BOUND STATE NUMBER     3

  CONVERGED ON STATE NUMBER     3 AT                              ENERGY = -3.1249998117E-02 AU    

  SMALLEST EIGENVALUE OF MATCHING MATRIX IS NUMBER  1 =  3.21493E-06

  WITH PRINCIPAL EIGENVECTOR COMPONENTS
  CHAN     VEC    VEC**2   L   QUANTUM NUMBERS

   1    1.0000    1.0000   1   0   1

  - - - - - - - - - - - - - - - - - - - - - - - - - - - - - - - - - - - - - - - - - - - - - - - - - - - - - - - - - - - 

  SEARCHING FOR BOUND STATE NUMBER     4

  CONVERGED ON STATE NUMBER     4 AT                              ENERGY = -1.9999997683E-02 AU    

  SMALLEST EIGENVALUE OF MATCHING MATRIX IS NUMBER  1 =  1.20411E-05

  WITH PRINCIPAL EIGENVECTOR COMPONENTS
  CHAN     VEC    VEC**2   L   QUANTUM NUMBERS

   1    1.0000    1.0000   1   0   1

  - - - - - - - - - - - - - - - - - - - - - - - - - - - - - - - - - - - - - - - - - - - - - - - - - - - - - - - - - - - 

  SEARCHING FOR BOUND STATE NUMBER     5

  CONVERGED ON STATE NUMBER     5 AT                              ENERGY = -1.3889377554E-02 AU    

  SMALLEST EIGENVALUE OF MATCHING MATRIX IS NUMBER  1 = -3.37768E-06

  WITH PRINCIPAL EIGENVECTOR COMPONENTS
  CHAN     VEC    VEC**2   L   QUANTUM NUMBERS

   1    1.0000    1.0000   1   0   1

  - - - - - - - - - - - - - - - - - - - - - - - - - - - - - - - - - - - - - - - - - - - - - - - - - - - - - - - - - - - 

  SEARCHING FOR BOUND STATE NUMBER     6

  CONVERGED ON STATE NUMBER     6 AT                              ENERGY = -1.0310452683E-02 AU    

  SMALLEST EIGENVALUE OF MATCHING MATRIX IS NUMBER  1 =  1.28430E-04

  WITH PRINCIPAL EIGENVECTOR COMPONENTS
  CHAN     VEC    VEC**2   L   QUANTUM NUMBERS

   1    1.0000    1.0000   1   0   1

  - - - - - - - - - - - - - - - - - - - - - - - - - - - - - - - - - - - - - - - - - - - - - - - - - - - - - - - - - - - 

  SEARCHING FOR BOUND STATE NUMBER     7

  CONVERGED ON STATE NUMBER     7 AT                              ENERGY = -7.2376953000E-03 AU    

  SMALLEST EIGENVALUE OF MATCHING MATRIX IS NUMBER  1 = -8.66247E-07

  WITH PRINCIPAL EIGENVECTOR COMPONENTS
  CHAN     VEC    VEC**2   L   QUANTUM NUMBERS

   1    1.0000    1.0000   1   0   1

  - - - - - - - - - - - - - - - - - - - - - - - - - - - - - - - - - - - - - - - - - - - - - - - - - - - - - - - - - - - 

  SEARCHING FOR BOUND STATE NUMBER     8

  CONVERGED ON STATE NUMBER     8 AT                              ENERGY = -1.8797040416E-03 AU    

  SMALLEST EIGENVALUE OF MATCHING MATRIX IS NUMBER  1 =  1.00326E-04

  WITH PRINCIPAL EIGENVECTOR COMPONENTS
  CHAN     VEC    VEC**2   L   QUANTUM NUMBERS

   1    1.0000    1.0000   1   0   1


  -- BOUND ------ BOUND ------ BOUND ------ BOUND ------ BOUND ------ BOUND --
 |                                                                            |
 |          Bound states of interacting pairs of atoms and molecules          |
 |                                                                            |
 |              Copyright (C) 2019 J. M. Hutson & C. R. Le Sueur              |
 |                                                                            |
 |                               Version 2019.1                               |
 |                                                                            |
 |                    This run used       2.60 cpu secs and                   |
 |                 43 of the allocated   1000000 words of storage             |
 |                                                                            |
  -- BOUND ------ BOUND ------ BOUND ------ BOUND ------ BOUND ------ BOUND --
