  ---- MOLSCAT ------ MOLSCAT ------ MOLSCAT ------ MOLSCAT ------ MOLSCAT ---
 |                                                                            |
 |                Non-reactive quantum scattering calculations                |
 |                     on atomic and molecular collisions                     |
 |                                                                            |
 |              Copyright (C) 2019 J. M. Hutson & C. R. Le Sueur              |
 |                                                                            |
 |                               Version 2019.1                               |
 |                                                                            |
 |                       Run on 30 May 2019   at 11:43:19                     |
 |                                                                            |
  ---- MOLSCAT ------ MOLSCAT ------ MOLSCAT ------ MOLSCAT ------ MOLSCAT ---


  This program is free software: you can redistribute it and/or modify it under
  the terms of the GNU General Public License, version 3, as published by
  the Free Software Foundation.

  Publications resulting from the use of this program should refer to
  J. M. Hutson & C. R. Le Sueur, MOLSCAT computer code 2019.1              
  or to the published paper in Computer Physics Communications when available.


  USING CODATA 2018 RECOMMENDED VALUES OF FUNDAMENTAL PHYSICAL CONSTANTS

  MEMORY ALLOCATED TO MAIN WORKING ARRAY IS   1000000 (8-BYTE) WORDS (    7.63 MB)
  2 INTEGERS CAN BE STORED IN EACH WORD.

  PRINT LEVEL (IPRINT) = 11     OTHER PRINT CONTROLS  ISIGPR = 0

  REDUCED MASS FOR INTERACTION =   4.002600000 ATOMIC MASS UNITS (DALTONS)

  NO SCRATCH FILE SPECIFIED BY ISCRU PARAMETER: FULL CALCULATION WILL BE DONE AT EVERY ENERGY

  ======================================================================================================================

  INTERACTION TYPE IS    ATOM - CORRUGATED SURFACE     
  LATTICE LENGTHS ARE  2.840000 AND  2.840000 A
  RECIPROCAL LATTICE ANGLE IS       90.000 DEGREES,  COSINE =  0.000000

  BASIS FUNCTIONS GENERATED WITH
     EMIN   =     0.000
     EMAX   =   190.000
     G1MAX  =         3
     G2MAX  =         3


  QUANTUM NUMBERS FOR INTERACTING PAIR:
  EACH PAIR STATE IS LABELLED BY  2 QUANTUM NUMBERS
  EACH CHANNEL FUNCTION IS FORMED BY COMBINING A PAIR STATE WITH A VALUE OF L.
  THE RESULTING BASIS SET IS ASYMPTOTICALLY DIAGONAL.

  PAIR STATE     PAIR STATE QUANTUM NUMBERS    PAIR LEVEL     PAIR ENERGY (CM-1)
                ----       G1        G2 ----
        1                   0         0           1             0.0000000
        2                   0        -1           2            20.6147163
        3                  -1         0           3            20.6147163
        4                   0         1           4            20.6147163
        5                   1         0           5            20.6147163
        6                  -1        -1           6            41.2294326
        7                   1        -1           7            41.2294326
        8                  -1         1           8            41.2294326
        9                   1         1           9            41.2294326
       10                   0        -2          10            82.4588652
       11                  -2         0          11            82.4588652
       12                   0         2          12            82.4588652
       13                   2         0          13            82.4588652
       14                   1        -2          14           103.0735815
       15                  -2         1          15           103.0735815
       16                  -1        -2          16           103.0735815
       17                  -1         2          17           103.0735815
       18                   1         2          18           103.0735815
       19                   2        -1          19           103.0735815
       20                  -2        -1          20           103.0735815
       21                   2         1          21           103.0735815
       22                  -2         2          22           164.9177303
       23                  -2        -2          23           164.9177303
       24                   2        -2          24           164.9177303
       25                   2         2          25           164.9177303
       26                  -3         0          26           185.5324466
       27                   0         3          27           185.5324466
       28                   0        -3          28           185.5324466
       29                   3         0          29           185.5324466

  ======================================================================================================================
  GENERAL-PURPOSE POTENL ROUTINE (MAY 18)

  ANGULAR DEPENDENCE OF POTENTIAL EXPANDED IN TERMS OF

  INTERACTION POTENTIAL FOR EXPANSION TERM NUMBER   1
  WHICH HAS G1 =   0,  G2 =   0

                 7.63000000E+00 * EXP(   -2.2000 * R )
                -1.52600000E+01 * EXP(   -1.1000 * R )

  INTERACTION POTENTIAL FOR EXPANSION TERM NUMBER   2
  WHICH HAS G1 =   1,  G2 =   0

                -7.63000000E-01 * EXP(   -2.2000 * R )

  POTENL PROCESSING FINISHED.

  POTENTIAL RETURNED IN UNITS OF EPSIL  =  8.0655440     CM-1
        CODED WITH R IN UNITS OF RM     =  1.0000000     ANGSTROM

  ALL LENGTHS ARE IN UNITS OF ANGSTROM UNLESS OTHERWISE STATED

  SURFACE FOURIER COMPONENTS
  NRPOTL = 2 FROM SURBAS
  IVCHK.  COMPLETED SUCCESSFULLY.
  INTERACTION MATRIX USES   2 BLOCKS OF VL ARRAY FOR R-DEPENDENT TERMS IN POTENTIAL

  ======================================================================================================================

  PROPAGATION METHODS FOR COUPLED EQUATIONS SPECIFIED BY IPROPS =  6

  COUPLED EQUATIONS WILL BE PROPAGATED OUTWARDS IN 1 SEGMENT 

  PROPAGATION RANGE IS CONTROLLED BY VARIABLES RMIN AND RMAX, WITH INPUT VALUES
  RMIN =  -2.000     RMAX =   6.000    
  ++++++++++++++++++++++++++++++++++++++++++++++++++++++++++++++++++++++++++++++++++++++++++++++++++++++++++++++++++++++
  SEGMENT 1 WILL BE PROPAGATED OUTWARDS

  FROM RMIN CHOSEN USING IRMSET =  9 TO RMAX =      6.00

  COUPLED EQUATIONS SOLVED BY DIABATIC MODIFIED LOG-DERIVATIVE PROPAGATOR OF MANOLOPOULOS

  PROPAGATION STEP SIZE DETERMINED USING STEP =   10.0     (PER WAVELENGTH)
  STEP SIZE CONSTANT THROUGHOUT RANGE
  STEP SIZE MAY BE ADJUSTED SLIGHTLY SO THAT RANGE IS A WHOLE NUMBER OF STEPS

  LOG-DERIVATIVE MATRIX INITIALISED IN THE LOCAL EIGENBASIS AT RMIN
  LOCALLY CLOSED CHANNELS INITIALISED WITH A WKB BOUNDARY CONDITION

  ======================================================================================================================

  INPUT ENERGY VALUES CONVERTED FROM EV
  TO INTERNAL WORKING UNITS OF CM-1 DUE TO INTEGER INPUT =   5

  INPUT ENERGY LIST IS
                     161.311         177.442    

  CONTROL DATA FOR TOTAL ENERGIES.  CALCULATIONS WILL BE PERFORMED FOR    2 VALUES
       ENERGY NO.    1 =   161.31087874     CM-1 =  2.00000000000E-02 EV      
       ENERGY NO.    2 =   177.44196661     CM-1 =  2.20000000000E-02 EV      

  ======================================================================================================================

  TOTAL ANGULAR MOMENTUM JTOT =   0

  EACH JTOT IS SPLIT INTO A MAXIMUM OF   2 SYMMETRY BLOCKS

  NOTE.  MAXIMUM LEVEL FOR WHICH CROSS SECTIONS ARE ACCUMULATED MAY BE LIMITED BY MXSIG =   1

  STATE-TO-STATE INTEGRAL CROSS-SECTIONS WILL BE COMPUTED BUT NOT STORED ON DISK

  ======================================================================================================================

  INITIALIZATION DONE.  TIME WAS   0.00 CPU SECS.        93 WORDS OF STORAGE USED.

  =========================== He-LiF potential of Wolken, JCP 58, 3047 (1973). Basis set 16 ============================

  *****************************  ANGULAR MOMENTUM JTOT  =   0   AND SYMMETRY BLOCK  =    1  ****************************

  18 CHANNEL BASIS FOR THETA =  30.000  PHI =   0.000 DEGREES
  CORRESPONDING TO K = (  3.094387  0.000000 ) A-1
  SYMMETRIZED BASIS USED FOR THESE ANGLES
  NOTE THAT CALCULATED INTENSITIES FOR OUT-OF-PLANE BEAMS ARE IMPLICITLY SUMMED OVER EQUIVALENT PAIRS
  BASIS FUNCTIONS LIMITED BY EMAXK =  1000.000

  CHANNEL FUNCTION LIST:

  EACH CHANNEL FUNCTION IS FORMED BY COMBINING A PAIR STATE WITH A VALUE OF L.

  CHANNEL  PAIR STATE    PAIR STATE QUANTUM NUMBERS            L        PAIR LEVEL   PAIR ENERGY (CM-1)
                         ----     G1        G2   ----
        1           1              0         0                 0             1        40.3277197
        2           3             -1         0                 0             3         3.2763454
        3           4              0         1                 0             4        60.9424360
        4           5              1         0                 0             5       118.6085265
        5           8             -1         1                 0             8        23.8910617
        6           9              1         1                 0             9       139.2232428
        7          11             -2         0                 0            11         7.4544037
        8          12              0         2                 0            12       122.7865849
        9          13              2         0                 0            13       238.1187660
       10          15             -2         1                 0            15        28.0691200
       11          17             -1         2                 0            17        85.7352106
       12          18              1         2                 0            18       201.0673917
       13          21              2         1                 0            21       258.7334823
       14          22             -2         2                 0            22        89.9132689
       15          25              2         2                 0            25       320.5776311
       16          26             -3         0                 0            26        52.8618946
       17          27              0         3                 0            27       225.8601663
       18          29              3         0                 0            29       398.8584380
  INNER CLASSICAL TURNING POINT AT R = -1.2118
  RADIAL PROPAGATION WILL START AT R = -2.4041

  MDPROP. LOG-DERIVATIVE MATRIX PROPAGATED FROM      -2.4041  TO  6.0000      IN    164  STEPS.

  OPEN CHANNEL   WVEC (1/ANG.)    CHANNEL           L    PAIR LEVEL            PAIR ENERGY (CM-1)
           1    6.12560299E+00         2            0         3              3.276345420741
           2    6.04408741E+00         7            0        11              7.454403740672
           3    5.71212273E+00         5            0         8             23.891061712836
           4    5.62461791E+00        10            0        15             28.069120032767
           5    5.35963615E+00         1            0         1             40.327719685000
           6    5.07441043E+00        16            0        26             52.861894644793
           7    4.88170397E+00         3            0         4             60.942435977095
           8    4.23607699E+00        11            0        17             85.735210589121
           9    4.11732059E+00        14            0        22             89.913268909053
          10    3.18418833E+00         4            0         5            118.608526533450
          11    3.02440670E+00         8            0        12            122.786584853381
          12    2.29006318E+00         6            0         9            139.223242825545

   G1   G2       S**2                  PHASE/2PI              RE (S)                 IM (S)
   -1    0 1.3581536270591E-002   4.1388754005525E-001  -9.9893638605243E-002   6.0023305780305E-002
   -2    0 6.6326946798799E-002   4.6806726649070E-001  -2.5237376694300E-001   5.1326684656240E-002
   -1    1 1.4410988838134E-001   7.8457153186930E-002   3.3441906366821E-001   1.7964904184722E-001
   -2    1 2.4668109510911E-001   3.4918572723063E-001  -2.8987571914157E-001   4.0330281744772E-001
    0    0 2.2260060295298E-002   1.5695114466084E-001   8.2342688201138E-002   1.2441761127392E-001
   -3    0 4.6692381348677E-003   4.0303181486279E-001  -5.6036640988570E-002   3.9104130236918E-002
    0    1 4.3279738838309E-002  -3.1512546200521E-001  -8.2772268278436E-002  -1.9086249092567E-001
   -1    2 9.9961979541096E-002   1.3185568384894E-001   2.1372973299082E-001   2.3298407837612E-001
   -2    2 8.2433693760597E-002   3.5862570078205E-001  -1.8109544869410E-001   2.2279616743311E-001
    1    0 2.8539778476156E-002  -2.1101254512297E-001   4.0971116921582E-002  -1.6389370352260E-001
    0    2 4.7296404570128E-002  -1.5953013350181E-001   1.1707179139930E-001  -1.8327738602645E-001
    1    1 2.0085963982371E-001  -1.9347661029187E-001   1.5584259337753E-001  -4.2020557577580E-001

  - - - - - - - - - - - - - - - - - - - - - - - - - - - - - - - - - - - - - - - - - - - - - - - - - - - - - - - - - - - 

  NOTE: K VECTORS PARALLEL TO SURFACE WERE CALCULATED FOR ENERGY(1)
  SUBSEQUENT ENERGY(   2) =  177.4420 CORRESPONDS TO THETA =   28.4721 DEGREES

  MDPROP. LOG-DERIVATIVE MATRIX PROPAGATED FROM      -2.4041  TO  6.0000      IN    172  STEPS.

  OPEN CHANNEL   WVEC (1/ANG.)    CHANNEL           L    PAIR LEVEL            PAIR ENERGY (CM-1)
           1    6.43063802E+00         2            0         3              3.276345420741
           2    6.35303753E+00         7            0        11              7.454403740672
           3    6.03808243E+00         5            0         8             23.891061712836
           4    5.95536900E+00        10            0        15             28.069120032767
           5    5.70576839E+00         1            0         1             40.327719685000
           6    5.43872545E+00        16            0        26             52.861894644793
           7    5.25938466E+00         3            0         4             60.942435977095
           8    4.66630920E+00        11            0        17             85.735210589121
           9    4.55877419E+00        14            0        22             89.913268909053
          10    3.73753242E+00         4            0         5            118.608526533450
          11    3.60237826E+00         8            0        12            122.786584853381
          12    3.01238820E+00         6            0         9            139.223242825545

   G1   G2       S**2                  PHASE/2PI              RE (S)                 IM (S)
   -1    0 1.6593712319269E-002  -4.9971660227960E-001  -1.2881637980463E-001  -2.2937589157773E-004
   -2    0 7.3052021492376E-002  -4.2977191784698E-001  -2.4439272907586E-001  -1.1543056556749E-001
   -1    1 1.1844482024639E-001   1.6430834896059E-001   1.7647643860061E-001   2.9546723484209E-001
   -2    1 2.4209173021080E-001   4.3975497359784E-001  -4.5719683598588E-001   1.8183174468531E-001
    0    0 1.7912428173713E-002   2.2995586058638E-001   1.6811088654126E-002   1.3277731535159E-001
   -3    0 4.4135992865725E-003   4.9675400035007E-001  -6.6421108382636E-002   1.3548608026574E-003
    0    1 2.2818451056587E-002  -2.6185295953489E-001  -1.1239531592443E-002  -1.5063905199572E-001
   -1    2 1.0763477479985E-001   2.2868385489867E-001   4.3809233769162E-002   3.2513924068991E-001
   -2    2 8.9395928503321E-002   4.4360013570313E-001  -2.8041368332363E-001   1.0375015522010E-001
    1    0 1.1820201511450E-002  -1.4632954207928E-001   6.5915757809220E-002  -8.6459900438793E-002
    0    2 5.7491864711702E-002  -5.9785145521476E-002   2.2305575100768E-001  -8.7965883466839E-002
    1    1 2.3833046768797E-001  -1.4462548170669E-001   3.0012261414084E-001  -3.8504140578546E-001

  *****************************  ANGULAR MOMENTUM JTOT  =   0   AND SYMMETRY BLOCK  =    2  ****************************

  29 CHANNEL BASIS FOR THETA =  30.000  PHI =   0.001 DEGREES
  CORRESPONDING TO K = (  3.094387  0.000054 ) A-1
  BASIS FUNCTIONS LIMITED BY EMAXK =  1000.000

  CHANNEL FUNCTION LIST:

  EACH CHANNEL FUNCTION IS FORMED BY COMBINING A PAIR STATE WITH A VALUE OF L.

  CHANNEL  PAIR STATE    PAIR STATE QUANTUM NUMBERS            L        PAIR LEVEL   PAIR ENERGY (CM-1)
                         ----     G1        G2   ----
        1           1              0         0                 0             1        40.3277197
        2           2              0        -1                 0             2        60.9414295
        3           3             -1         0                 0             3         3.2763454
        4           4              0         1                 0             4        60.9434424
        5           5              1         0                 0             5       118.6085265
        6           6             -1        -1                 0             6        23.8900553
        7           7              1        -1                 0             7       139.2222364
        8           8             -1         1                 0             8        23.8920682
        9           9              1         1                 0             9       139.2242493
       10          10              0        -2                 0            10       122.7845719
       11          11             -2         0                 0            11         7.4544038
       12          12              0         2                 0            12       122.7885978
       13          13              2         0                 0            13       238.1187659
       14          14              1        -2                 0            14       201.0653788
       15          15             -2         1                 0            15        28.0701265
       16          16             -1        -2                 0            16        85.7331977
       17          17             -1         2                 0            17        85.7372235
       18          18              1         2                 0            18       201.0694046
       19          19              2        -1                 0            19       258.7324758
       20          20             -2        -1                 0            20        28.0681136
       21          21              2         1                 0            21       258.7344887
       22          22             -2         2                 0            22        89.9152819
       23          23             -2        -2                 0            23        89.9112560
       24          24              2        -2                 0            24       320.5756182
       25          25              2         2                 0            25       320.5796440
       26          26             -3         0                 0            26        52.8618947
       27          27              0         3                 0            27       225.8631857
       28          28              0        -3                 0            28       225.8571469
       29          29              3         0                 0            29       398.8584380
  INNER CLASSICAL TURNING POINT AT R = -1.2118
  RADIAL PROPAGATION WILL START AT R = -2.4041

  MDPROP. LOG-DERIVATIVE MATRIX PROPAGATED FROM      -2.4041  TO  6.0000      IN    164  STEPS.

  OPEN CHANNEL   WVEC (1/ANG.)    CHANNEL           L    PAIR LEVEL            PAIR ENERGY (CM-1)
           1    6.12560299E+00         3            0         3              3.276345429524
           2    6.04408741E+00        11            0        11              7.454403758238
           3    5.71214365E+00         6            0         6             23.890055258472
           4    5.71210181E+00         8            0         8             23.892068184766
           5    5.62463915E+00        20            0        20             28.068113587186
           6    5.62459667E+00        15            0        15             28.070126513480
           7    5.35963615E+00         1            0         1             40.327719685000
           8    5.07441043E+00        26            0        26             52.861894671142
           9    4.88172845E+00         2            0         2             60.941429513948
          10    4.88167950E+00         4            0         4             60.943442440242
          11    4.23613340E+00        16            0        16             85.733197671611
          12    4.23602058E+00        17            0        17             85.737223524198
          13    4.11737863E+00        23            0        23             89.911256000325
          14    4.11726255E+00        22            0        22             89.915281852912
          15    3.18418833E+00         5            0         5            118.608526524666
          16    3.02448571E+00        10            0        10            122.784571927087
          17    3.02432768E+00        12            0        12            122.788597779674
          18    2.29011536E+00         7            0         7            139.222236353615
          19    2.29001101E+00         9            0         9            139.224249279909

   G1   G2       S**2                  PHASE/2PI              RE (S)                 IM (S)
   -1    0 1.3581536449580E-002   4.1388754271470E-001  -9.9893640266463E-002   6.0023304506620E-002
   -2    0 6.6326946238322E-002   4.6806726670873E-001  -2.5237376594700E-001   5.1326684093644E-002
   -1   -1 7.2053103875704E-002   7.8459157324627E-002   2.3646536826463E-001   1.2703241116809E-001
   -1    1 7.2056785300476E-002   7.8455149962813E-002   2.3647460763092E-001   1.2702970222069E-001
   -2   -1 1.2334130958332E-001   3.4918947933877E-001  -2.0498044298612E-001   2.8517420566477E-001
   -2    1 1.2333978572234E-001   3.4918197536533E-001  -2.0496573095065E-001   2.8518210823648E-001
    0    0 2.2260061301464E-002   1.5695114592407E-001   8.2342689074582E-002   1.2441761473936E-001
   -3    0 4.6692381208323E-003   4.0303181415262E-001  -5.6036640729860E-002   3.9104130428189E-002
    0   -1 2.1638210075202E-002  -3.1513118218186E-001  -5.8531438527021E-002  -1.3495288355259E-001
    0    1 2.1641529912454E-002  -3.1511973868199E-001  -5.8526224212881E-002  -1.3496744419243E-001
   -1   -2 4.9983221939086E-002   1.3186459373919E-001   1.5112389499785E-001   1.6475676101382E-001
   -1    2 4.9978757179333E-002   1.3184677104500E-001   1.5113559349596E-001   1.6473247875861E-001
   -2   -2 4.1218180266546E-002   3.5863231176939E-001  -1.2806243502979E-001   1.5753790972583E-001
   -2    2 4.1215513843564E-002   3.5861908842224E-001  -1.2804520373902E-001   1.5754345318990E-001
    1    0 2.8539780524098E-002  -2.1101254506476E-001   4.0971118451519E-002  -1.6389370938791E-001
    0   -2 2.3650864266393E-002  -1.5951877256139E-001   8.2796167978903E-002  -1.2959806647633E-001
    0    2 2.3645538801885E-002  -1.5954150251798E-001   8.2768338342225E-002  -1.2959529686664E-001
    1   -1 1.0043199913540E-001  -1.9346973815046E-001   1.1021137995639E-001  -2.9712867728226E-001
    1    1 1.0042763746400E-001  -1.9348348753557E-001   1.1018331795905E-001  -2.9713174503499E-001

  - - - - - - - - - - - - - - - - - - - - - - - - - - - - - - - - - - - - - - - - - - - - - - - - - - - - - - - - - - - 

  NOTE: K VECTORS PARALLEL TO SURFACE WERE CALCULATED FOR ENERGY(1)
  SUBSEQUENT ENERGY(   2) =  177.4420 CORRESPONDS TO THETA =   28.4721 DEGREES

  MDPROP. LOG-DERIVATIVE MATRIX PROPAGATED FROM      -2.4041  TO  6.0000      IN    172  STEPS.

  OPEN CHANNEL   WVEC (1/ANG.)    CHANNEL           L    PAIR LEVEL            PAIR ENERGY (CM-1)
           1    6.43063802E+00         3            0         3              3.276345429524
           2    6.35303753E+00        11            0        11              7.454403758238
           3    6.03810221E+00         6            0         6             23.890055258472
           4    6.03806264E+00         8            0         8             23.892068184766
           5    5.95538906E+00        20            0        20             28.068113587186
           6    5.95534894E+00        15            0        15             28.070126513480
           7    5.70576839E+00         1            0         1             40.327719685000
           8    5.43872545E+00        26            0        26             52.861894671142
           9    5.25940737E+00         2            0         2             60.941429513948
          10    5.25936194E+00         4            0         4             60.943442440242
          11    4.66636041E+00        16            0        16             85.733197671611
          12    4.66625799E+00        17            0        17             85.737223524198
          13    4.55882661E+00        23            0        23             89.911256000325
          14    4.55872177E+00        22            0        22             89.915281852912
          15    3.73753242E+00         5            0         5            118.608526524666
          16    3.60244460E+00        10            0        10            122.784571927087
          17    3.60231192E+00        12            0        12            122.788597779674
          18    3.01242786E+00         7            0         7            139.222236353615
          19    3.01234853E+00         9            0         9            139.224249279909

   G1   G2       S**2                  PHASE/2PI              RE (S)                 IM (S)
   -1    0 1.6593712585238E-002  -4.9971660455588E-001  -1.2881638084026E-001  -2.2937405104284E-004
   -2    0 7.3052022034850E-002  -4.2977191771068E-001  -2.4439272988442E-001  -1.1543056620537E-001
   -1   -1 5.9222090020804E-002   1.6430978726401E-001   1.2478546111064E-001   2.0892744845091E-001
   -1    1 5.9222730645719E-002   1.6430690928878E-001   1.2478991403569E-001   2.0892632194313E-001
   -2   -1 1.2104757504557E-001   4.3975875393246E-001  -3.2329232039309E-001   1.2856768886629E-001
   -2    1 1.2104415562914E-001   4.3975119280416E-001  -3.2328164582545E-001   1.2858123152907E-001
    0    0 1.7912427870107E-002   2.2995585664026E-001   1.6811091803765E-002   1.3277731380952E-001
   -3    0 4.4135992700318E-003   4.9675400081374E-001  -6.6421108262121E-002   1.3548606066095E-003
    0   -1 1.1409535565816E-002  -2.6186342214652E-001  -7.9546593976831E-003  -1.0651881974413E-001
    0    1 1.1408916016140E-002  -2.6184250275116E-001  -7.9404428527871E-003  -1.0651697227880E-001
   -1   -2 5.3818390262756E-002   2.2869306091414E-001   3.0964796127393E-002   2.2991209551380E-001
   -1    2 5.3816383257759E-002   2.2867465077920E-001   3.0990812964807E-002   2.2990422521028E-001
   -2   -2 4.4698957428760E-002   4.4360669924033E-001  -1.9828764522130E-001   7.3355076043538E-002
   -2    2 4.4696970368286E-002   4.4359357224426E-001  -1.9827718698508E-001   7.3369799574275E-002
    1    0 1.1820200448542E-002  -1.4632954831085E-001   6.5915751460293E-002  -8.6459899132296E-002
    0   -2 2.8747549005626E-002  -5.9770992820268E-002   1.5773419992506E-001  -6.2188995647365E-002
    0    2 2.8744315422803E-002  -5.9799290646046E-002   1.5771426943904E-001  -6.2213540633140E-002
    1   -1 1.1916419206211E-001  -1.4461606050183E-001   2.1223392435656E-001  -2.7225163620138E-001
    1    1 1.1916627705994E-001  -1.4463489735033E-001   2.1220355683860E-001  -2.7227913530968E-001


  ---- MOLSCAT ------ MOLSCAT ------ MOLSCAT ------ MOLSCAT ------ MOLSCAT ---
 |                                                                            |
 |                Non-reactive quantum scattering calculations                |
 |                     on atomic and molecular collisions                     |
 |                                                                            |
 |              Copyright (C) 2019 J. M. Hutson & C. R. Le Sueur              |
 |                                                                            |
 |                               Version 2019.1                               |
 |                                                                            |
 |                    This run used       0.12 cpu secs and                   |
 |               4271 of the allocated   1000000 words of storage             |
 |                                                                            |
  ---- MOLSCAT ------ MOLSCAT ------ MOLSCAT ------ MOLSCAT ------ MOLSCAT ---
