  -- BOUND ------ BOUND ------ BOUND ------ BOUND ------ BOUND ------ BOUND --
 |                                                                            |
 |          Bound states of interacting pairs of atoms and molecules          |
 |                                                                            |
 |              Copyright (C) 2018 J. M. Hutson & C. R. Le Sueur              |
 |                                                                            |
 |                               Version 2019.0 (beta)                        |
 |                                                                            |
 |                       Run on 14 Nov 2018   at 09:50:57                     |
 |                                                                            |
  -- BOUND ------ BOUND ------ BOUND ------ BOUND ------ BOUND ------ BOUND --


  This program is free software: you can redistribute it and/or modify it under
  the terms of the GNU General Public License, version 3, as published by
  the Free Software Foundation.

  Publications resulting from the use of this program should refer to
  J. M. Hutson & C. R. Le Sueur, BOUND computer code 2019.0 (beta)       
  or to the published paper in Computer Physics Communications when available.


  PHYSICAL CONSTANTS OBTAINED FROM NIST CODATA TABULATION OF 2014

  MEMORY ALLOCATED TO MAIN WORKING ARRAY IS   1000000 (8-BYTE) WORDS (    7.63 MB)

  PRINT LEVEL =  5

  RUN LABEL = NH3-He k=1 bound states on simple analytic potential                            

  REDUCED MASS FOR INTERACTION =   3.240000000 ATOMIC MASS UNITS

  *** WARNING - NO SCRATCH FILE SPECIFIED BY ISCRU PARAMETER - FULL CALCULATION WILL BE DONE AT EACH ENERGY

  ======================================================================================================================

  INTERACTION TYPE IS  ATOM - NEAR SYM. TOP RIGID ROTOR

  TARGET ROTATIONAL LEVELS COMPUTED FROM JMIN =  0,  JMAX =  4,  AND JSTEP = 1

  ENERGY LEVELS COMPUTED FROM ZEROTH-ORDER NEAR-SYMMETRIC TOP FORMULA
          ROTATIONAL CONSTANTS ARE A, B, C (CM-1) =      9.9441      9.9441      6.2294
          N.B. THESE MOMENTS MUST CORRESPOND RESPECTIVELY TO X, Y, Z COORDINATES USED TO DEFINE INTERACTION POTENTIAL

  TUNNELLING SPLITTING                   =   0.7934000
  WITH CENTRIFUGAL TERMS FOR J(J+1)-K**2 =   0.0000000
  AND                    FOR K**2        =   0.0000000
  WITH K=0 STATE ALLOWED FOR STATE OF |-1> SYMMETRY
  3-FOLD SYMMETRY: ONLY E STATES INCLUDED

  QUANTUM NUMBERS FOR INTERACTING PAIR:
  EACH PAIR STATE IS LABELLED BY  3 QUANTUM LABELS
  EACH CHANNEL FUNCTION IS FORMED BY COMBINING A PAIR STATE WITH A VALUE OF L.
  THE RESULTING BASIS SET IS ASYMPTOTICALLY DIAGONAL.

  PAIR STATE    - PAIR STATE QUANTUM NUMBERS -   PAIR LEVEL     PAIR ENERGY (CM-1)
                        J         K      PRTY
        1               1         1         2       1            15.3801000
        2               1         1         1       2            16.1735000
        3               2         1         2       3            55.9499000
        4               2         1         1       4            55.1565000
        5               2         2         2       5            44.8058000
        6               2         2         1       6            44.0124000
        7               3         1         2       7           114.8211000
        8               3         1         1       8           115.6145000
        9               3         2         2       9           103.6770000
       10               3         2         1      10           104.4704000
       11               4         1         2      11           195.1673000
       12               4         1         1      12           194.3739000
       13               4         2         2      13           184.0232000
       14               4         2         1      14           183.2298000
       15               4         4         2      15           139.4468000
       16               4         4         1      16           138.6534000

  ======================================================================================================================
  GENERAL-PURPOSE POTENL ROUTINE (MAY 18)

  ANGULAR DEPENDENCE OF POTENTIAL EXPANDED IN TERMS OF
  NORMALISED SPHERICAL HARMONICS: (Y(LAM,KAP) + (-1)**KAP Y(LAM,-KAP))
                                  / (1+DELTA(KAP,0))

  INTERACTION POTENTIAL FOR EXPANSION TERM NUMBER   1
  WHICH HAS LAMBDA =   0,  ABS(KAP) =   0

                -1.20000000E+07 * R ** -6
                 6.20000000E+08 * EXP(   -2.4000 * R )

  INTERACTION POTENTIAL FOR EXPANSION TERM NUMBER   2
  WHICH HAS LAMBDA =   1,  ABS(KAP) =   0

                -5.40000000E+07 * EXP(   -2.4000 * R )

  INTERACTION POTENTIAL FOR EXPANSION TERM NUMBER   3
  WHICH HAS LAMBDA =   2,  ABS(KAP) =   0

                 2.20000000E+06 * R ** -6

  INTERACTION POTENTIAL FOR EXPANSION TERM NUMBER   4
  WHICH HAS LAMBDA =   3,  ABS(KAP) =   0

                 3.60000000E+07 * EXP(   -2.4000 * R )

  INTERACTION POTENTIAL FOR EXPANSION TERM NUMBER   5
  WHICH HAS LAMBDA =   3,  ABS(KAP) =   3

                 1.00000000E+08 * EXP(   -2.4000 * R )

  POTENL PROCESSING FINISHED.

  UNITS FOR POTENTIAL ROUTINES:
  POTENTIAL RETURNED IN UNITS OF EPSIL =       1.000000 CM-1
  R                  IN UNITS OF RM    =       0.529177 ANGSTROMS
  INTERACTION MATRIX USES   5 BLOCKS OF VL ARRAY FOR R-DEPENDENT TERMS IN POTENTIAL

  ======================================================================================================================

  PROPAGATION ALGORITHMS FOR COUPLED EQUATIONS SPECIFIED BY IPROPS =  6 AND IPROPL =  6

  COUPLED EQUATIONS WILL BE PROPAGATED TOWARDS RMATCH IN 2 SEGMENTS
  ++++++++++++++++++++++++++++++++++++++++++++++++++++++++++++++++++++++++++++++++++++++++++++++++++++++++++++++++++++++
  SEGMENT 1 WILL BE PROPAGATED OUTWARDS

  FROM RMIN CHOSEN USING IRMSET =   8  TO RMATCH =     10.00

  COUPLED EQUATIONS SOLVED BY DIABATIC MODIFIED LOG DERIVATIVE METHOD OF MANOLOPOULOS

  PROPAGATION STEP SIZE DETERMINED USING DR =  4.000E-02

  LOG-DERIVATIVE MATRIX WILL BE INITIALISED IN THE LOCAL EIGENBASIS FOR RMIN IN THE OUTWARDS PROPAGATION PART
  LOCALLY CLOSED CHANNELS WILL BE INITIALISED WITH A WKB BOUNDARY CONDITION
  LOCALLY OPEN CHANNELS WILL BE INITIALISED WITH THE VALUE  1.0000000E+08
  ++++++++++++++++++++++++++++++++++++++++++++++++++++++++++++++++++++++++++++++++++++++++++++++++++++++++++++++++++++++
  SEGMENT 2 WILL BE PROPAGATED  INWARDS

  FROM RMAX   =     20.00  TO RMATCH =     10.00

  COUPLED EQUATIONS SOLVED BY DIABATIC MODIFIED LOG DERIVATIVE METHOD OF MANOLOPOULOS

  PROPAGATION STEP SIZE DETERMINED USING DR =  4.000E-02

  LOG-DERIVATIVE MATRIX WILL BE INITIALISED IN THE LOCAL EIGENBASIS FOR RMAX IN THE INWARDS PROPAGATION PART
  LOCALLY CLOSED CHANNELS WILL BE INITIALISED WITH A WKB BOUNDARY CONDITION
  LOCALLY   OPEN CHANNELS WILL BE INITIALISED WITH THE VALUE  0.0000000E+00
  ++++++++++++++++++++++++++++++++++++++++++++++++++++++++++++++++++++++++++++++++++++++++++++++++++++++++++++++++++++++

  ======================================================================================================================

  PROGRAM WILL ATTEMPT TO CONVERGE ON BOUND STATES AS A FUNCTION OF ENERGY

  FOR EACH LEVEL, THE BISECTION METHOD WILL BE USED UNTIL THE VWDB METHOD OFFERS RELIABLE CONVERGENCE.

  BOUND STATE POSITIONS WILL BE IDENTIFIED WITH AN ACCURACY OF  1.00000E-07 CM-1    

  INPUT ENERGY VALUES ASSUMED TO BE IN UNITS OF CM-1 BY DEFAULT.

  PROGRAM WILL SEEK EIGENVALUES WITH GENERALISED NODE COUNTS FROM    0 TO  99999
  LYING IN ENERGY RANGE  -20.000     TO   15.300     CM-1    

  INITIALIZATION DONE.  TIME WAS   0.00 CPU SECS.        69 WORDS OF STORAGE USED.

  ======================================================================================================================

  TOTAL ANGULAR MOMENTUM JTOT =   1

  EACH JTOT IS SPLIT INTO A MAXIMUM OF   2 DIFFERENT SYMMETRY BLOCKS

  ================================ NH3-He k=1 bound states on simple analytic potential ================================

  *******************************************  ANGULAR MOMENTUM JTOT  =   1  *******************************************

  SYMMETRY BLOCK =   1

  CHANNEL FUNCTION LIST:

  EACH CHANNEL FUNCTION IS FORMED BY COMBINING A PAIR STATE WITH A VALUE OF L.

  CHANNEL  PAIR STATE   - PAIR STATE QUANTUM NUMBERS -           L        PAIR LEVEL   PAIR ENERGY (CM-1)
                               J         K       PRTY 
        1           1          1         1         2             0             1        15.3801000
        2           2          1         1         1             1             2        16.1735000
        3           3          2         1         2             1             3        55.9499000
        4           6          2         2         1             1             6        44.0124000
        5           1          1         1         2             2             1        15.3801000
        6           4          2         1         1             2             4        55.1565000
        7           5          2         2         2             2             5        44.8058000
        8           7          3         1         2             2             7       114.8211000
        9          10          3         2         1             2            10       104.4704000
       10           3          2         1         2             3             3        55.9499000
       11           6          2         2         1             3             6        44.0124000
       12           8          3         1         1             3             8       115.6145000
       13           9          3         2         2             3             9       103.6770000
       14          11          4         1         2             3            11       195.1673000
       15          14          4         2         1             3            14       183.2298000
       16          16          4         4         1             3            16       138.6534000
       17           7          3         1         2             4             7       114.8211000
       18          10          3         2         1             4            10       104.4704000
       19          12          4         1         1             4            12       194.3739000
       20          13          4         2         2             4            13       184.0232000
       21          15          4         4         2             4            15       139.4468000
       22          11          4         1         2             5            11       195.1673000
       23          14          4         2         1             5            14       183.2298000
       24          16          4         4         1             5            16       138.6534000
  = = = = = = = = = = = = = = = = = = = = = = = = = = = = = = = = = = = = = = = = = = = = = = = = = = = = = = = = = = = 
  INNER CLASSICAL TURNING POINT AT R =  6.0799
  RADIAL PROPAGATION WILL START AT R =  3.5302

  NODE COUNT =    0 AT MINIMUM ENERGY =  -20.00000000     CM-1  
  NODE COUNT =    3 AT MAXIMUM ENERGY =   15.30000000     CM-1  

  - - - - - - - - - - - - - - - - - - - - - - - - - - - - - - - - - - - - - - - - - - - - - - - - - - - - - - - - - - - 

  SEARCHING FOR INODE =    1 CORRESPONDING TO NODE COUNT =    1

  CONVERGED ON NODE NUMBER     1 AT                               ENERGY =   8.166238644     CM-1  

  SMALLEST EIGENVALUE IS NUMBER  1 = -0.32747E-11

  WITH PRINCIPAL EIGENVECTOR COMPONENTS
  CHAN     VEC    VEC**2   L   QUANTUM NUMBERS

   1    0.8860    0.7850   0   1   1   2   1
   5   -0.4600    0.2116   2   1   1   2   1

  - - - - - - - - - - - - - - - - - - - - - - - - - - - - - - - - - - - - - - - - - - - - - - - - - - - - - - - - - - - 

  SEARCHING FOR INODE =    2 CORRESPONDING TO NODE COUNT =    2

  CONVERGED ON NODE NUMBER     2 AT                               ENERGY =   10.17329826     CM-1  

  SMALLEST EIGENVALUE IS NUMBER  1 =  0.10578E-08

  WITH PRINCIPAL EIGENVECTOR COMPONENTS
  CHAN     VEC    VEC**2   L   QUANTUM NUMBERS

   1    0.4253    0.1809   0   1   1   2   1
   2    0.4755    0.2261   1   1   1   1   2
   5    0.7698    0.5926   2   1   1   2   1

  - - - - - - - - - - - - - - - - - - - - - - - - - - - - - - - - - - - - - - - - - - - - - - - - - - - - - - - - - - - 

  SEARCHING FOR INODE =    3 CORRESPONDING TO NODE COUNT =    3

  CONVERGED ON NODE NUMBER     3 AT                               ENERGY =   10.98420211     CM-1  

  SMALLEST EIGENVALUE IS NUMBER  2 =  0.62642E-09

  WITH PRINCIPAL EIGENVECTOR COMPONENTS
  CHAN     VEC    VEC**2   L   QUANTUM NUMBERS

   1    0.3302    0.1090   0   1   1   2   1
   2   -0.8534    0.7284   1   1   1   1   2
   5    0.4027    0.1622   2   1   1   2   1

  ======================================================================================================================

  SYMMETRY BLOCK =   2

  CHANNEL FUNCTION LIST:

  EACH CHANNEL FUNCTION IS FORMED BY COMBINING A PAIR STATE WITH A VALUE OF L.

  CHANNEL  PAIR STATE   - PAIR STATE QUANTUM NUMBERS -           L        PAIR LEVEL   PAIR ENERGY (CM-1)
                               J         K       PRTY 
        1           2          1         1         1             0             2        16.1735000
        2           1          1         1         2             1             1        15.3801000
        3           4          2         1         1             1             4        55.1565000
        4           5          2         2         2             1             5        44.8058000
        5           2          1         1         1             2             2        16.1735000
        6           3          2         1         2             2             3        55.9499000
        7           6          2         2         1             2             6        44.0124000
        8           8          3         1         1             2             8       115.6145000
        9           9          3         2         2             2             9       103.6770000
       10           4          2         1         1             3             4        55.1565000
       11           5          2         2         2             3             5        44.8058000
       12           7          3         1         2             3             7       114.8211000
       13          10          3         2         1             3            10       104.4704000
       14          12          4         1         1             3            12       194.3739000
       15          13          4         2         2             3            13       184.0232000
       16          15          4         4         2             3            15       139.4468000
       17           8          3         1         1             4             8       115.6145000
       18           9          3         2         2             4             9       103.6770000
       19          11          4         1         2             4            11       195.1673000
       20          14          4         2         1             4            14       183.2298000
       21          16          4         4         1             4            16       138.6534000
       22          12          4         1         1             5            12       194.3739000
       23          13          4         2         2             5            13       184.0232000
       24          15          4         4         2             5            15       139.4468000
  = = = = = = = = = = = = = = = = = = = = = = = = = = = = = = = = = = = = = = = = = = = = = = = = = = = = = = = = = = = 
  INNER CLASSICAL TURNING POINT AT R =  6.0891
  RADIAL PROPAGATION WILL START AT R =  3.5101

  NODE COUNT =    0 AT MINIMUM ENERGY =  -20.00000000     CM-1  
  NODE COUNT =    3 AT MAXIMUM ENERGY =   15.30000000     CM-1  

  - - - - - - - - - - - - - - - - - - - - - - - - - - - - - - - - - - - - - - - - - - - - - - - - - - - - - - - - - - - 

  SEARCHING FOR INODE =    1 CORRESPONDING TO NODE COUNT =    1

  CONVERGED ON NODE NUMBER     1 AT                               ENERGY =   8.940332186     CM-1  

  SMALLEST EIGENVALUE IS NUMBER  1 =  0.79333E-08

  WITH PRINCIPAL EIGENVECTOR COMPONENTS
  CHAN     VEC    VEC**2   L   QUANTUM NUMBERS

   1    0.8807    0.7756   0   1   1   1   2
   2    0.1734    0.0301   1   1   1   2   1
   5   -0.4407    0.1942   2   1   1   1   2

  - - - - - - - - - - - - - - - - - - - - - - - - - - - - - - - - - - - - - - - - - - - - - - - - - - - - - - - - - - - 

  SEARCHING FOR INODE =    2 CORRESPONDING TO NODE COUNT =    2

  CONVERGED ON NODE NUMBER     2 AT                               ENERGY =   9.917440172     CM-1  

  SMALLEST EIGENVALUE IS NUMBER  2 =  0.15574E-09

  WITH PRINCIPAL EIGENVECTOR COMPONENTS
  CHAN     VEC    VEC**2   L   QUANTUM NUMBERS

   2   -0.9599    0.9214   1   1   1   2   1
   5   -0.2782    0.0774   2   1   1   1   2

  - - - - - - - - - - - - - - - - - - - - - - - - - - - - - - - - - - - - - - - - - - - - - - - - - - - - - - - - - - - 

  SEARCHING FOR INODE =    3 CORRESPONDING TO NODE COUNT =    3

  CONVERGED ON NODE NUMBER     3 AT                               ENERGY =   11.25851520     CM-1  

  SMALLEST EIGENVALUE IS NUMBER  2 =  0.52372E-12

  WITH PRINCIPAL EIGENVECTOR COMPONENTS
  CHAN     VEC    VEC**2   L   QUANTUM NUMBERS

   1   -0.5254    0.2761   0   1   1   1   2
   2    0.3079    0.0948   1   1   1   2   1
   5   -0.7929    0.6287   2   1   1   1   2

  ======================================================================================================================


  -- BOUND ------ BOUND ------ BOUND ------ BOUND ------ BOUND ------ BOUND --
 |                                                                            |
 |          Bound states of interacting pairs of atoms and molecules          |
 |                                                                            |
 |              Copyright (C) 2018 J. M. Hutson & C. R. Le Sueur              |
 |                                                                            |
 |                               Version 2019.0 (beta)                        |
 |                                                                            |
 |                    This run used       1.89 cpu secs and                   |
 |               4094 of the allocated   1000000 words of storage             |
 |                                                                            |
  -- BOUND ------ BOUND ------ BOUND ------ BOUND ------ BOUND ------ BOUND --
