  -- BOUND ------ BOUND ------ BOUND ------ BOUND ------ BOUND ------ BOUND --
 |                                                                            |
 |          Bound states of interacting pairs of atoms and molecules          |
 |                                                                            |
 |              Copyright (C) 2018 J. M. Hutson & C. R. Le Sueur              |
 |                                                                            |
 |                               Version 2019.0 (beta)                        |
 |                                                                            |
 |                       Run on 14 Nov 2018   at 09:51:03                     |
 |                                                                            |
  -- BOUND ------ BOUND ------ BOUND ------ BOUND ------ BOUND ------ BOUND --


  This program is free software: you can redistribute it and/or modify it under
  the terms of the GNU General Public License, version 3, as published by
  the Free Software Foundation.

  Publications resulting from the use of this program should refer to
  J. M. Hutson & C. R. Le Sueur, BOUND computer code 2019.0 (beta)       
  or to the published paper in Computer Physics Communications when available.


  PHYSICAL CONSTANTS OBTAINED FROM NIST CODATA TABULATION OF 2014

  MEMORY ALLOCATED TO MAIN WORKING ARRAY IS   1000000 (8-BYTE) WORDS (    7.63 MB)

  PRINT LEVEL =  5

  RUN LABEL = Ar-CH4 (T) on MSV potential of Buck et al CPL 98, 199 (1983)                    

  REDUCED MASS FOR INTERACTION =  11.428570000 ATOMIC MASS UNITS

  *** WARNING - NO SCRATCH FILE SPECIFIED BY ISCRU PARAMETER - FULL CALCULATION WILL BE DONE AT EACH ENERGY

  ======================================================================================================================

  INTERACTION TYPE IS    ASYMMETRIC TOP - ATOM         

  SPHERICAL ROTOR LEVELS CALCULATED FROM
  A = B = C =    5.24104
  DJ        =  0.111E-03
  DT        =  0.442E-05

  INPUT ENERGY LEVELS WILL BE INCLUDED ONLY IF THEY MEET SELECTION CRITERIA SPECIFIED BITWISE BY ISYM = 177

  CALCULATED ROTATIONAL LEVELS FOR J =  0 ARE
             0.00000

  CALCULATED ROTATIONAL LEVELS FOR J =  1 ARE
            10.48163    10.48163    10.48163
  ENERGY LEVEL AT    10.48163 HAS SYMMETRY F1

  CALCULATED ROTATIONAL LEVELS FOR J =  2 ARE
            31.44206    31.44206    31.44233    31.44233    31.44233
  ENERGY LEVEL AT    31.44206 HAS SYMMETRY E 
  ENERGY LEVEL AT    31.44233 HAS SYMMETRY F2

  CALCULATED ROTATIONAL LEVELS FOR J =  3 ARE
            62.87567    62.87567    62.87567    62.87673    62.87673    62.87673    62.87806
  ENERGY LEVEL AT    62.87567 HAS SYMMETRY F1
  ENERGY LEVEL AT    62.87673 HAS SYMMETRY F2
  ENERGY LEVEL AT    62.87806 HAS SYMMETRY A2

  CALCULATED ROTATIONAL LEVELS FOR J =  4 ARE
           104.77265   104.77451   104.77451   104.77451   104.77584   104.77584   104.77982   104.77982   104.77982
  ENERGY LEVEL AT   104.77265 HAS SYMMETRY A1
  ENERGY LEVEL AT   104.77451 HAS SYMMETRY F1
  ENERGY LEVEL AT   104.77584 HAS SYMMETRY E 
  ENERGY LEVEL AT   104.77982 HAS SYMMETRY F2

  CALCULATED ROTATIONAL LEVELS FOR J =  5 ARE
           157.12399   157.12399   157.12399   157.12757   157.12757   157.12757   157.13687   157.13687   157.13859
           157.13859   157.13859
  ENERGY LEVEL AT   157.12399 HAS SYMMETRY F1
  ENERGY LEVEL AT   157.12757 HAS SYMMETRY F2
  ENERGY LEVEL AT   157.13687 HAS SYMMETRY E 
  ENERGY LEVEL AT   157.13859 HAS SYMMETRY F1

  CALCULATED ROTATIONAL LEVELS FOR J =  6 ARE
           219.91280   219.91280   219.91438   219.91438   219.91438   219.91917   219.93617   219.93617   219.93617
           219.94068   219.94068   219.94068   219.94466
  ENERGY LEVEL AT   219.91280 HAS SYMMETRY E 
  ENERGY LEVEL AT   219.91438 HAS SYMMETRY F2
  ENERGY LEVEL AT   219.91917 HAS SYMMETRY A2
  ENERGY LEVEL AT   219.93617 HAS SYMMETRY F2
  ENERGY LEVEL AT   219.94068 HAS SYMMETRY F1
  ENERGY LEVEL AT   219.94466 HAS SYMMETRY A1

  CALCULATED ROTATIONAL LEVELS FOR J =  7 ARE
           293.12166   293.12166   293.12166   293.12521   293.12521   293.12521   293.15309   293.16344   293.16344
           293.16344   293.16902   293.16902   293.17761   293.17761   293.17761
  ENERGY LEVEL AT   293.12166 HAS SYMMETRY F1
  ENERGY LEVEL AT   293.12521 HAS SYMMETRY F2
  ENERGY LEVEL AT   293.15309 HAS SYMMETRY A2
  ENERGY LEVEL AT   293.16344 HAS SYMMETRY F2
  ENERGY LEVEL AT   293.16902 HAS SYMMETRY E 
  ENERGY LEVEL AT   293.17761 HAS SYMMETRY F1

  QUANTUM NUMBERS FOR INTERACTING PAIR:
  EACH PAIR STATE IS LABELLED BY  5 QUANTUM LABELS
  EACH CHANNEL FUNCTION IS FORMED BY COMBINING A PAIR STATE WITH A VALUE OF L.
  THE RESULTING BASIS SET IS ASYMPTOTICALLY DIAGONAL.

  PAIR STATE    ----------- PAIR STATE QUANTUM NUMBERS -----------   PAIR LEVEL     PAIR ENERGY (CM-1)
                        J       TAU      PRTY                    
        1               1         1         0        96         3       1            10.4816277
        2               2         2         0        99         5       2            31.4423287
        3               3        -1         0       104         7       3            62.8756663
        4               3         1         1       111         7       4            62.8767283
        5               4        -3         1       118         9       5           104.7745079
        6               4         4         0       127         9       6           104.7798179
        7               5        -3         0       136        11       7           157.1239904
        8               5        -2         1       147        11       8           157.1275734
        9               5         5         0       158        11       9           157.1385904
       10               6        -3         0       169        13      10           219.9143809
       11               6         1         0       182        13      11           219.9361713
       12               6         4         1       195        13      12           219.9406751
       13               7        -5         0       208        15      13           293.1216566
       14               7        -3         1       223        15      14           293.1252078
       15               7         1         1       238        15      15           293.1634398
       16               7         7         0       253        15      16           293.1776110

  ======================================================================================================================
  GENERAL-PURPOSE POTENL ROUTINE (MAY 18)

  ANGULAR DEPENDENCE OF POTENTIAL EXPANDED IN TERMS OF
  NORMALISED SPHERICAL HARMONICS: (Y(LAM,KAP) + (-1)**KAP Y(LAM,-KAP))
                                  / (1+DELTA(KAP,0))

  INTERACTION POTENTIAL FOR EXPANSION TERM NUMBER   1
  WHICH HAS LAMBDA =   0,  ABS(KAP) =   0

  WELL DEPTH =   116.14290000000000       AT RM =   3.8799999999999999     
  BETA =   7.0000000000000000     
  SPLINE PARAMETERS: B =  -0.74657364364121226        3.4998367578972425       -7.8307375065524880        7.6793460557003641     
  C6 =   1.2334449999999999      ,  C8 =  0.44616699999999998     

  INTERACTION POTENTIAL FOR EXPANSION TERM NUMBER   2
  WHICH HAS LAMBDA =   3,  ABS(KAP) =   2

  ALPHAR =  0.78000000000000003     
  ALPHAA =  0.57999999999999996     
  BETA =   7.0000000000000000     

  POTENL PROCESSING FINISHED.

  UNITS FOR POTENTIAL ROUTINES:
  POTENTIAL RETURNED IN UNITS OF EPSIL =     116.142900 CM-1
  R                  IN UNITS OF RM    =       3.880000 ANGSTROMS
  INTERACTION MATRIX USES   2 BLOCKS OF VL ARRAY FOR R-DEPENDENT TERMS IN POTENTIAL

  ======================================================================================================================

  PROPAGATION ALGORITHMS FOR COUPLED EQUATIONS SPECIFIED BY IPROPS =  6 AND IPROPL =  6

  COUPLED EQUATIONS WILL BE PROPAGATED TOWARDS RMATCH IN 2 SEGMENTS
  ++++++++++++++++++++++++++++++++++++++++++++++++++++++++++++++++++++++++++++++++++++++++++++++++++++++++++++++++++++++
  SEGMENT 1 WILL BE PROPAGATED OUTWARDS

  FROM RMIN CHOSEN USING IRMSET =   8  TO RMATCH =      1.20

  COUPLED EQUATIONS SOLVED BY DIABATIC MODIFIED LOG DERIVATIVE METHOD OF MANOLOPOULOS

  PROPAGATION STEP SIZE DETERMINED USING DR =  1.000E-02

  LOG-DERIVATIVE MATRIX WILL BE INITIALISED IN THE LOCAL EIGENBASIS FOR RMIN IN THE OUTWARDS PROPAGATION PART
  LOCALLY CLOSED CHANNELS WILL BE INITIALISED WITH A WKB BOUNDARY CONDITION
  LOCALLY OPEN CHANNELS WILL BE INITIALISED WITH THE VALUE  1.0000000E+08
  ++++++++++++++++++++++++++++++++++++++++++++++++++++++++++++++++++++++++++++++++++++++++++++++++++++++++++++++++++++++
  SEGMENT 2 WILL BE PROPAGATED  INWARDS

  FROM RMAX   =      4.00  TO RMATCH =      1.20

  COUPLED EQUATIONS SOLVED BY DIABATIC MODIFIED LOG DERIVATIVE METHOD OF MANOLOPOULOS

  PROPAGATION STEP SIZE DETERMINED USING DR =  1.000E-02

  LOG-DERIVATIVE MATRIX WILL BE INITIALISED IN THE LOCAL EIGENBASIS FOR RMAX IN THE INWARDS PROPAGATION PART
  LOCALLY CLOSED CHANNELS WILL BE INITIALISED WITH A WKB BOUNDARY CONDITION
  LOCALLY   OPEN CHANNELS WILL BE INITIALISED WITH THE VALUE  0.0000000E+00
  ++++++++++++++++++++++++++++++++++++++++++++++++++++++++++++++++++++++++++++++++++++++++++++++++++++++++++++++++++++++

  ======================================================================================================================

  PROGRAM WILL ATTEMPT TO CONVERGE ON BOUND STATES AS A FUNCTION OF ENERGY

  FOR EACH LEVEL, THE BISECTION METHOD WILL BE USED UNTIL THE VWDB METHOD OFFERS RELIABLE CONVERGENCE.

  BOUND STATE POSITIONS WILL BE IDENTIFIED WITH AN ACCURACY OF  1.00000E-07 CM-1    

  INPUT ENERGY VALUES CONVERTED FROM CM-1
  TO INTERNAL WORKING UNITS OF CM-1 DUE TO INTEGER INPUT =   1

  PROGRAM WILL SEEK EIGENVALUES WITH GENERALISED NODE COUNTS FROM    0 TO  99999
  LYING IN ENERGY RANGE  -100.00     TO  -60.000     CM-1    

  INITIALIZATION DONE.  TIME WAS   0.00 CPU SECS.       976 WORDS OF STORAGE USED.

  ======================================================================================================================

  TOTAL ANGULAR MOMENTUM JTOT =   1

  EACH JTOT IS SPLIT INTO A MAXIMUM OF   2 DIFFERENT SYMMETRY BLOCKS

  CALCULATIONS WILL BE FOR SYMMETRY BLOCK   2  ONLY

  ============================ Ar-CH4 (T) on MSV potential of Buck et al CPL 98, 199 (1983) ============================

  *******************************************  ANGULAR MOMENTUM JTOT  =   1  *******************************************

  CPL6 (MAR 93).   JTOT-INDEPENDENT PARTS OF COUPLING MATRIX STORED.
                   REQUIRED STORAGE =     272

  CHANNEL FUNCTION LIST:

  EACH CHANNEL FUNCTION IS FORMED BY COMBINING A PAIR STATE WITH A VALUE OF L.

  CHANNEL  PAIR STATE   ----------- PAIR STATE QUANTUM NUMBERS -----------           L        PAIR LEVEL   PAIR ENERGY (CM-1)
                               J       TAU       PRTY                     
        1           1          1         1         0        96         3             0             1        10.4816277
        2           2          2         2         0        99         5             1             2        31.4423287
        3           1          1         1         0        96         3             2             1        10.4816277
        4           3          3        -1         0       104         7             2             3        62.8756663
        5           2          2         2         0        99         5             3             2        31.4423287
        6           4          3         1         1       111         7             3             4        62.8767283
        7           6          4         4         0       127         9             3             6       104.7798179
        8           3          3        -1         0       104         7             4             3        62.8756663
        9           5          4        -3         1       118         9             4             5       104.7745079
       10           7          5        -3         0       136        11             4             7       157.1239904
       11           9          5         5         0       158        11             4             9       157.1385904
       12           6          4         4         0       127         9             5             6       104.7798179
       13           8          5        -2         1       147        11             5             8       157.1275734
       14          10          6        -3         0       169        13             5            10       219.9143809
       15          11          6         1         0       182        13             5            11       219.9361713
       16           7          5        -3         0       136        11             6             7       157.1239904
       17           9          5         5         0       158        11             6             9       157.1385904
       18          12          6         4         1       195        13             6            12       219.9406751
       19          13          7        -5         0       208        15             6            13       293.1216566
       20          16          7         7         0       253        15             6            16       293.1776110
       21          10          6        -3         0       169        13             7            10       219.9143809
       22          11          6         1         0       182        13             7            11       219.9361713
       23          14          7        -3         1       223        15             7            14       293.1252078
       24          15          7         1         1       238        15             7            15       293.1634398
       25          13          7        -5         0       208        15             8            13       293.1216566
       26          16          7         7         0       253        15             8            16       293.1776110
  = = = = = = = = = = = = = = = = = = = = = = = = = = = = = = = = = = = = = = = = = = = = = = = = = = = = = = = = = = = 
  INNER CLASSICAL TURNING POINT AT R =  0.9002
  RADIAL PROPAGATION WILL START AT R =  0.6840

  NODE COUNT =    0 AT MINIMUM ENERGY =  -100.0000000     CM-1  
  NODE COUNT =    4 AT MAXIMUM ENERGY =  -60.00000000     CM-1  

  - - - - - - - - - - - - - - - - - - - - - - - - - - - - - - - - - - - - - - - - - - - - - - - - - - - - - - - - - - - 

  SEARCHING FOR INODE =    1 CORRESPONDING TO NODE COUNT =    1

  CONVERGED ON NODE NUMBER     1 AT                               ENERGY =  -85.31575233     CM-1  

  SMALLEST EIGENVALUE IS NUMBER  1 =  0.16998E-05

  WITH PRINCIPAL EIGENVECTOR COMPONENTS
  CHAN     VEC    VEC**2   L   QUANTUM NUMBERS

   1    0.9667    0.9345   0   1   1   0  96   3   1
   3   -0.2237    0.0501   2   1   1   0  96   3   1

  - - - - - - - - - - - - - - - - - - - - - - - - - - - - - - - - - - - - - - - - - - - - - - - - - - - - - - - - - - - 

  SEARCHING FOR INODE =    2 CORRESPONDING TO NODE COUNT =    2

  CONVERGED ON NODE NUMBER     2 AT                               ENERGY =  -84.80170351     CM-1  

  SMALLEST EIGENVALUE IS NUMBER  1 =  0.36322E-05

  WITH PRINCIPAL EIGENVECTOR COMPONENTS
  CHAN     VEC    VEC**2   L   QUANTUM NUMBERS

   1   -0.2499    0.0625   0   1   1   0  96   3   1
   3   -0.9605    0.9225   2   1   1   0  96   3   1

  - - - - - - - - - - - - - - - - - - - - - - - - - - - - - - - - - - - - - - - - - - - - - - - - - - - - - - - - - - - 

  SEARCHING FOR INODE =    3 CORRESPONDING TO NODE COUNT =    3

  CONVERGED ON NODE NUMBER     3 AT                               ENERGY =  -66.21480911     CM-1  

  SMALLEST EIGENVALUE IS NUMBER  1 =  0.74584E-07

  WITH PRINCIPAL EIGENVECTOR COMPONENTS
  CHAN     VEC    VEC**2   L   QUANTUM NUMBERS

   1    0.4070    0.1657   0   1   1   0  96   3   1
   2    0.4318    0.1865   1   2   2   0  99   5   2
   3   -0.7053    0.4974   2   1   1   0  96   3   1
   5   -0.3800    0.1444   3   2   2   0  99   5   2

  - - - - - - - - - - - - - - - - - - - - - - - - - - - - - - - - - - - - - - - - - - - - - - - - - - - - - - - - - - - 

  SEARCHING FOR INODE =    4 CORRESPONDING TO NODE COUNT =    4

  CONVERGED ON NODE NUMBER     4 AT                               ENERGY =  -63.81704077     CM-1  

  SMALLEST EIGENVALUE IS NUMBER  1 = -0.68901E-06

  WITH PRINCIPAL EIGENVECTOR COMPONENTS
  CHAN     VEC    VEC**2   L   QUANTUM NUMBERS

   1    0.6966    0.4853   0   1   1   0  96   3   1
   2   -0.4397    0.1934   1   2   2   0  99   5   2
   3    0.2738    0.0750   2   1   1   0  96   3   1
   5   -0.4870    0.2371   3   2   2   0  99   5   2

  ======================================================================================================================


  -- BOUND ------ BOUND ------ BOUND ------ BOUND ------ BOUND ------ BOUND --
 |                                                                            |
 |          Bound states of interacting pairs of atoms and molecules          |
 |                                                                            |
 |              Copyright (C) 2018 J. M. Hutson & C. R. Le Sueur              |
 |                                                                            |
 |                               Version 2019.0 (beta)                        |
 |                                                                            |
 |                    This run used       1.94 cpu secs and                   |
 |               4280 of the allocated   1000000 words of storage             |
 |                                                                            |
  -- BOUND ------ BOUND ------ BOUND ------ BOUND ------ BOUND ------ BOUND --
