  -- BOUND ------ BOUND ------ BOUND ------ BOUND ------ BOUND ------ BOUND --
 |                                                                            |
 |          Bound states of interacting pairs of atoms and molecules          |
 |                                                                            |
 |              Copyright (C) 2020 J. M. Hutson & C. R. Le Sueur              |
 |                                                                            |
 |                               Version 2020.0                               |
 |                                                                            |
 |                       Run on 14 Feb 2020   at 20:28:33                     |
 |                                                                            |
  -- BOUND ------ BOUND ------ BOUND ------ BOUND ------ BOUND ------ BOUND --


  This program is free software: you can redistribute it and/or modify it under
  the terms of the GNU General Public License, version 3, as published by
  the Free Software Foundation.

  Publications resulting from the use of this program should cite both
  the version of the program used:
  J. M. Hutson & C. R. Le Sueur, BOUND computer code 2020.0              
  and the published paper:
  J. M. Hutson & C. R. Le Sueur, Comput. Phys. Commun. 241, pp 1-8 (2019).


  USING CODATA 2018 RECOMMENDED VALUES OF FUNDAMENTAL PHYSICAL CONSTANTS

  MEMORY ALLOCATED TO MAIN WORKING ARRAY IS   1000000 (8-BYTE) WORDS (    7.63 MB)

  PRINT LEVEL (IPRINT) =  2

  REDUCED MASS FOR INTERACTION =   1.918865040 ATOMIC MASS UNITS (DALTONS)

  ENERGY-INDEPENDENT MATRICES WILL BE SAVED TEMPORARILY ON UNIT 30

  ======================================================================================================================

  INTERACTION TYPE IS    DIATOMIC VIB-ROTOR  -  ATOM.  

  ITYPE = 10*N+7 OPTION. ALL POTENTIAL MATRICES WILL BE CONSTRUCTED FROM POTENTIAL TERMS IN WHICH DIATOM STRETCHING
  DEPENDENCE IS PROPERLY AVERAGED OVER RELEVANT (V,J) AND (V',J') DIATOM INTERNAL STATES.

  MOLECULAR QUANTUM NUMBERS TAKEN FROM JLEVEL INPUT.  NLEVEL =  3

  ENERGY LEVELS TAKEN FROM ELEVEL INPUT

  QUANTUM NUMBERS FOR INTERACTING PAIR:
  EACH PAIR STATE IS LABELLED BY  2 QUANTUM NUMBERS
  EACH CHANNEL FUNCTION IS FORMED BY COMBINING A PAIR STATE WITH A VALUE OF L.
  THE RESULTING BASIS SET IS ASYMPTOTICALLY DIAGONAL.

  PAIR STATE     PAIR STATE QUANTUM NUMBERS    PAIR LEVEL     PAIR ENERGY (CM-1)
                ----        J         V ----
        1                   0         1           1          4162.0500000
        2                   2         1           2          4498.7400000
        3                   4         1           3          5272.3300000

  ======================================================================================================================
  POTENL ROUTINE FOR RARE GAS ATOM + H2 (UPDATED APR 2019)

  /POTL/ DATA IS   NLEG =  2   NSTR =  1   IHET = 0   JMAXV0 = -1    JMAXV1 =  4
                   NGP  = 10    SCAL =     0.0  SCALMX =100000.0
  LENGTH UNITS ARE ANGSTROMS.    ENERGY UNITS ARE WAVENUMBERS (1/CM)
  POTENTIAL REPULSION:  R**(-MM)*EXP(-BETA*R).
  DAMPING FUNCTION IS:  1 - ] SUM(K=0,N) (BETA*R)**K/K! ( EXP(-BETA*R)

                LAMBDA   K   MM   BETA/A-1   EPS/CM-1   REQ/A     C6(L,K)      C8(L,K)     A(L,K)
                ------------------------------------------------------------------------------------
                   0     0    0    3.5815    51.0690  3.581710   134500.00  1202346.51  18778228.93
                   0     1    0    3.5815    33.5700  3.765600   115800.00  1077813.79  22164141.65
                   0     2    0    3.5815     0.8100  4.556908     3051.00   216489.95   8233820.59
                   0     3                                       -25270.00
                   2     0    0    3.5815     6.0812  3.746160    13500.00   319950.59   4212301.98
                   2     1    0    3.5815    11.7100  3.938493    29600.00   948286.77  15411405.70
                   2     2    0    3.5815     4.0351  4.141310     5705.00   628336.94  11199126.43
                   2     3                                       -10395.00
                ------------------------------------------------------------------------------------

   V = 1, J = 0   VIBRATIONALLY AVERAGED POTENTIAL:  LAMBDA = 0   142184.62  1284063.40  20630283.24
                                                              2    15660.09   411718.05   5748506.30
   V = 1, J = 0   DIAGONAL EXPECTATION VALUES        1.00000000  0.06670190  0.04538160  0.00704060

         (V = 1, J = 0: V' = 1, J' = 2) POTENTIAL MATRIX:  LAMBDA = 0   142371.82  1285985.16  20674589.71
                                                                    2    15720.16   413990.57   5786375.05
         (V = 1, J = 0: V' = 1, J' = 2) MATRIX ELEMENTS    0.99944470  0.06902550  0.04577430  0.00737250

         (V = 1, J = 0: V' = 1, J' = 4) POTENTIAL MATRIX:  LAMBDA = 0   142212.61  1285113.34  20692558.65
                                                                    2    15795.48   417651.39   5852132.86
         (V = 1, J = 0: V' = 1, J' = 4) MATRIX ELEMENTS    0.99394260  0.07418570  0.04661440  0.00813590

   V = 1, J = 2   VIBRATIONALLY AVERAGED POTENTIAL:  LAMBDA = 0   142713.93  1289303.12  20741153.12
                                                              2    15796.81   416689.36   5830114.04
   V = 1, J = 2   DIAGONAL EXPECTATION VALUES        1.00000000  0.07139760  0.04620670  0.00771210

         (V = 1, J = 2: V' = 1, J' = 4) POTENTIAL MATRIX:  LAMBDA = 0   142911.96  1291651.76  20810517.14
                                                                    2    15910.52   421340.48   5909536.78
         (V = 1, J = 2: V' = 1, J' = 4) MATRIX ELEMENTS    0.99705090  0.07667910  0.04713980  0.00849440

   V = 1, J = 4   VIBRATIONALLY AVERAGED POTENTIAL:  LAMBDA = 0   143937.93  1301466.41  20999159.62
                                                              2    16113.60   428303.35   6020920.36
   V = 1, J = 4   DIAGONAL EXPECTATION VALUES        1.00000000  0.08226420  0.04829050  0.00932330

  ALL LENGTHS ARE IN UNITS OF ANGSTROM UNLESS OTHERWISE STATED

  INTERACTION MATRIX USES   3 BLOCKS OF VL ARRAY FOR R-DEPENDENT TERMS IN POTENTIAL

  ======================================================================================================================

  PROPAGATION METHODS FOR COUPLED EQUATIONS SPECIFIED BY IPROPS =  6 AND IPROPL =  6

  COUPLED EQUATIONS WILL BE PROPAGATED TOWARDS RMATCH IN 2 SEGMENTS

  PROPAGATION RANGES ARE CONTROLLED BY VARIABLES RMIN, RMATCH AND RMAX, WITH INPUT VALUES
  RMIN =   2.000     RMATCH =   5.000     RMAX =   10.00    
  ++++++++++++++++++++++++++++++++++++++++++++++++++++++++++++++++++++++++++++++++++++++++++++++++++++++++++++++++++++++
  SEGMENT 1 WILL BE PROPAGATED OUTWARDS

  FROM RMIN CHOSEN USING IRMSET =  7 TO RMATCH =      5.00

  COUPLED EQUATIONS SOLVED BY DIABATIC MODIFIED LOG-DERIVATIVE PROPAGATOR OF MANOLOPOULOS

  PROPAGATION STEP SIZE DETERMINED USING DR =  4.000E-02
  STEP SIZE CONSTANT THROUGHOUT RANGE
  STEP SIZE MAY BE ADJUSTED SLIGHTLY SO THAT RANGE IS A WHOLE NUMBER OF STEPS

  LOG-DERIVATIVE MATRIX INITIALISED IN THE LOCAL EIGENBASIS AT RMIN IN THE OUTWARD PROPAGATION PART
  LOCALLY CLOSED CHANNELS INITIALISED WITH A WKB BOUNDARY CONDITION
  ++++++++++++++++++++++++++++++++++++++++++++++++++++++++++++++++++++++++++++++++++++++++++++++++++++++++++++++++++++++
  SEGMENT 2 WILL BE PROPAGATED  INWARDS

  TO RMATCH =      5.00 FROM RMAX =     10.00

  COUPLED EQUATIONS SOLVED BY DIABATIC MODIFIED LOG-DERIVATIVE PROPAGATOR OF MANOLOPOULOS

  INITIAL STEP SIZE TAKEN FROM SIZE OF FINAL STEP OF SHORT-RANGE PROPAGATION
  STEP SIZE CONSTANT THROUGHOUT RANGE
  STEP SIZE MAY BE ADJUSTED SLIGHTLY SO THAT RANGE IS A WHOLE NUMBER OF STEPS

  LOG-DERIVATIVE MATRIX INITIALISED IN THE LOCAL EIGENBASIS AT RMAX IN THE INWARD PROPAGATION PART
  LOCALLY CLOSED CHANNELS INITIALISED WITH A WKB BOUNDARY CONDITION
  LOCALLY  OPEN  CHANNELS INITIALISED WITH THE VALUE  0.000E+00

  ======================================================================================================================

  PROGRAM WILL ATTEMPT TO CONVERGE ON BOUND STATES AS A FUNCTION OF ENERGY

  FOR EACH LEVEL, THE BISECTION METHOD WILL BE USED UNTIL THE VWDB METHOD OFFERS RELIABLE CONVERGENCE.

  VWDB CONVERGENCE WILL TERMINATE WHEN THE STEP SIZE IS LESS THAN 1.00000E-07 CM-1    

  INPUT ENERGIES IN UNITS OF CM-1 BY DEFAULT.

  PROGRAM WILL SEEK STATES WITH NODE COUNTS FROM    0 TO  99999
  LYING IN ENERGY RANGE   4460.0     TO   4480.0     CM-1    

  ======================================================================================================================

  TOTAL ANGULAR MOMENTUM JTOT =   1

  EACH JTOT IS SPLIT INTO A MAXIMUM OF   2 SYMMETRY BLOCKS

  CALCULATIONS WILL BE FOR SYMMETRY BLOCK   1  ONLY

  INITIALIZATION DONE.  TIME WAS   0.00 CPU SECS.        39 WORDS OF STORAGE USED.

  ================================= ground state for Ar-H2 v=1 (LeRoy-Hutson TT3(6,8)) =================================

  *****************************  ANGULAR MOMENTUM JTOT  =   1   AND SYMMETRY BLOCK  =    1  ****************************
  SCRATCH FILE OPENED ON UNIT           30

  NODE COUNT IMPLIES     0 STATES BELOW MINIMUM ENERGY =   4460.000000     CM-1  
  NODE COUNT IMPLIES     1 STATES BELOW MAXIMUM ENERGY =   4480.000000     CM-1  

  - - - - - - - - - - - - - - - - - - - - - - - - - - - - - - - - - - - - - - - - - - - - - - - - - - - - - - - - - - - 

  SEARCHING FOR BOUND STATE NUMBER     1

  CONVERGED ON STATE NUMBER     1 AT                              ENERGY =   4478.290875     CM-1  

  ----------------------------------------------------------------------------------------------------------------------
  TESTING CONVERGENCE OF PROPAGATION PARAMETERS: DRS CHANGED TO   8.00000E-02

  ENERGY CONVERGED: E =   4478.290754     CM-1 FOR DR =  8.000E-02

  FOR BOUND STATE   1, RICHARDSON EXTRAPOLATION BASED ON ERROR PROPORTIONAL TO DR**4 FOR IPROPS =  6
  GIVES EXTRAPOLATED ENERGY =                                                4478.290883     CM-1
  THIS IS THE BEST AVAILABLE EXTRAPOLATED VALUE FROM THIS SET OF CALCULATIONS.

  - - - - - - - - - - - - - - - - - - - - - - - - - - - - - - - - - - - - - - - - - - - - - - - - - - - - - - - - - - - 


  -- BOUND ------ BOUND ------ BOUND ------ BOUND ------ BOUND ------ BOUND --
 |                                                                            |
 |          Bound states of interacting pairs of atoms and molecules          |
 |                                                                            |
 |              Copyright (C) 2020 J. M. Hutson & C. R. Le Sueur              |
 |                                                                            |
 |                               Version 2020.0                               |
 |                                                                            |
 |                    This run used       0.01 cpu secs and                   |
 |                103 of the allocated   1000000 words of storage             |
 |                                                                            |
  -- BOUND ------ BOUND ------ BOUND ------ BOUND ------ BOUND ------ BOUND --
