  -- FIELD ------ FIELD ------ FIELD ------ FIELD ------ FIELD ------ FIELD --

 |                                                                            |
 |          Bound states of interacting pairs of atoms and molecules          |
 |                      as a function of external field                       |
 |                                                                            |
 |              Copyright (C) 2018 J. M. Hutson & C. R. Le Sueur              |
 |                                                                            |
 |                               Version 2019.0 (beta)                        |
 |                                                                            |
 |                       Run on 16 Jan 2019   at 11:42:08                     |
 |                                                                            |
  -- FIELD ------ FIELD ------ FIELD ------ FIELD ------ FIELD ------ FIELD --



  This program is free software: you can redistribute it and/or modify it under
  the terms of the GNU General Public License, version 3, as published by
  the Free Software Foundation.

  Publications resulting from the use of this program should refer to
  J. M. Hutson & C. R. Le Sueur, FIELD computer code 2019.0 (beta)       
  or to the published paper in Computer Physics Communications when available.


  PHYSICAL CONSTANTS OBTAINED FROM NIST CODATA TABULATION OF 2014

  MEMORY ALLOCATED TO MAIN WORKING ARRAY IS   1000000 (8-BYTE) WORDS (    7.63 MB)

  PRINT LEVEL =  3

  RUN LABEL = ITYP = 9: Mg + NH in magnetic field; bound states and threshold crossings       

  REDUCED MASS FOR INTERACTION =   9.232679959 ATOMIC MASS UNITS (DALTONS)

  ======================================================================================================================

  BASIS SETS USE DIATOM SPIN = 1
                 NMAX =  2
                 LMAX =  8

  BASIS SET IS <COUPLED>, OFF-DIAGONAL TERMS INCLUDED

  INTERACTION TYPE IS  ATOM + 3SIGMA IN MAGNETIC FIELD 

  ENERGY LEVELS CALCULATED FROM:
  Bv     =  16.34300
  GAMMA  =  -0.05500
  LAMBDA =   0.92000

  QUANTUM NUMBERS FOR INTERACTING PAIR:
  THE BASIS FUNCTIONS ARE LABELLED BY A SET OF   3 PAIR STATE QUANTUM NUMBERS AND A VALUE OF L.
  THE RESULTING BASIS SET IS ASYMPTOTICALLY NON-DIAGONAL.

  THE SETS OF PAIR STATE QUANTUM NUMBERS ARE:

      SET       - PAIR STATE QUANTUM NUMBERS -
                        N         J        MJ
        1               0         1        -1
        2               0         1         0
        3               0         1         1
        4               1         0         0
        5               1         1        -1
        6               1         1         0
        7               1         1         1
        8               1         2        -2
        9               1         2        -1
       10               1         2         0
       11               1         2         1
       12               1         2         2
       13               2         1        -1
       14               2         1         0
       15               2         1         1
       16               2         2        -2
       17               2         2        -1
       18               2         2         0
       19               2         2         1
       20               2         2         2
       21               2         3        -3
       22               2         3        -2
       23               2         3        -1
       24               2         3         0
       25               2         3         1
       26               2         3         2
       27               2         3         3

  THIS CALCULATION USES  1 EXTERNAL FIELD VARIABLE 

  OFFSET BETWEEN EFV INDICES AND COUPLING MATRIX COEFFICIENT INDICES IS  3

  ======================================================================================================================
  GENERAL-PURPOSE POTENL ROUTINE (MAY 18)

  *** POTENL. ITYPE =   9 CANNOT BE PROCESSED TO DETERMINE THE POTENTIAL EXPANSION LABELS

  INTERACTION POTENTIAL FOR EXPANSION TERM NUMBER   1

  NUMBER OF ANGLES:            9

  INTERACTION POTENTIAL FOR EXPANSION TERM NUMBER   2


  INTERACTION POTENTIAL FOR EXPANSION TERM NUMBER   3


  INTERACTION POTENTIAL FOR EXPANSION TERM NUMBER   4


  INTERACTION POTENTIAL FOR EXPANSION TERM NUMBER   5


  INTERACTION POTENTIAL FOR EXPANSION TERM NUMBER   6


  INTERACTION POTENTIAL FOR EXPANSION TERM NUMBER   7


  POTENL PROCESSING FINISHED.

  POTENTIAL RETURNED IN UNITS OF EPSIL  =  1.0000000     CM-1

  ALL LENGTHS ARE IN UNITS OF ANGSTROM (  1.00000000 ANGSTROM ) UNLESS OTHERWISE STATED

  INTERACTION MATRIX USES   7 BLOCKS OF VL ARRAY FOR R-DEPENDENT TERMS IN POTENTIAL
                            4                    FOR CONSTANT    TERMS IN POTENTIAL

  IN TOTAL: 11 BLOCKS OF VL ARRAY ARE USED


  ======================================================================================================================

  PROPAGATION METHODS FOR COUPLED EQUATIONS SPECIFIED BY IPROPS =  6 AND IPROPL =  9

  COUPLED EQUATIONS WILL BE PROPAGATED TOWARDS RMATCH IN 2 SEGMENTS

  PROPAGATION RANGES ARE CONTROLLED BY VARIABLES RMIN, RMATCH AND RMAX, WITH INPUT VALUES
  RMIN =   2.300     RMATCH =   5.000     RMAX =   50.00    
  ++++++++++++++++++++++++++++++++++++++++++++++++++++++++++++++++++++++++++++++++++++++++++++++++++++++++++++++++++++++
  SEGMENT 1 WILL BE PROPAGATED OUTWARDS

  FROM RMIN =      2.30 TO RMATCH =      5.00

  COUPLED EQUATIONS SOLVED BY DIABATIC MODIFIED LOG-DERIVATIVE PROPAGATOR OF MANOLOPOULOS

  PROPAGATION STEP SIZE DETERMINED USING DR =  4.000E-02
  STEP SIZE CONSTANT THROUGHOUT RANGE
  STEP SIZE MAY BE ADJUSTED SLIGHTLY SO THAT RANGE IS A WHOLE NUMBER OF STEPS

  LOG-DERIVATIVE MATRIX INITIALISED IN THE LOCAL EIGENBASIS AT RMIN IN THE OUTWARD PROPAGATION PART
  LOCALLY CLOSED CHANNELS INITIALISED WITH A WKB BOUNDARY CONDITION
  LOCALLY  OPEN  CHANNELS INITIALISED WITH THE VALUE  1.000E+08
  ++++++++++++++++++++++++++++++++++++++++++++++++++++++++++++++++++++++++++++++++++++++++++++++++++++++++++++++++++++++
  SEGMENT 2 WILL BE PROPAGATED  INWARDS

  TO RMATCH =      5.00 FROM RMAX =     50.00

  COUPLED EQUATIONS SOLVED BY VARIABLE-STEP AIRY PROPAGATOR.
  PUBLICATIONS RESULTING FROM THE USE OF THIS PROPAGATOR SHOULD REFERENCE
  M. H. ALEXANDER AND D. E. MANOLOPOULOS,  J. CHEM. PHYS. 86, 2044 (1987).

  PROPAGATION STEP SIZE DETERMINED USING DR =  0.100    
  STEP SIZES ADJUSTED TO MAINTAIN APPROXIMATE ACCURACY VIA PERTURBATION THEORY
  WITH TOLHI =  1.00E-04 AND POWR =   6.0    

  LOG-DERIVATIVE MATRIX INITIALISED IN THE LOCAL EIGENBASIS AT RMAX IN THE INWARD PROPAGATION PART
  LOCALLY CLOSED CHANNELS INITIALISED WITH A WKB BOUNDARY CONDITION
  LOCALLY  OPEN  CHANNELS INITIALISED WITH THE VALUE  0.000E+00

  ======================================================================================================================

  PROGRAM WILL ATTEMPT TO CONVERGE ON BOUND STATES AS A FUNCTION OF MAGNETIC Z FIELD

  FOR EACH LEVEL, THE BISECTION METHOD WILL BE USED UNTIL THE VWDB METHOD OFFERS RELIABLE CONVERGENCE

  PROGRAM WILL SEEK EIGENVALUES WITH GENERALISED NODE COUNTS FROM    0 TO  99999
  LYING IN 

                  MAGNETIC Z FIELD (GAUSS )
  FLDMIN:             1.000000000    
  FLDMAX:             400.0000000    

  INPUT ENERGY VALUES CONVERTED FROM MHZ
  TO INTERNAL WORKING UNITS OF CM-1 DUE TO INTEGER INPUT =   3

  VWDB CONVERGENCE WILL TERMINATE WHEN THE STEP SIZE IS LESS THAN 1.00000E-07 GAUSS 

  PROGRAM WILL SEEK EIGENVALUES AT ENERGIES (IN MHZ)
                    0.000000E+00   -0.200000E+02   -0.400000E+02

  THESE ENERGY VALUES ARE RELATIVE TO THE REFERENCE ENERGY SPECIFIED BY MONOMER QUANTUM NUMBERS   0   1  -1
  THE REFERENCE ENERGY WILL BE CALCULATED FOR EVERY EFV SET

  FOR EACH LEVEL, THE BISECTION METHOD WILL BE USED UNTIL THE VWDB METHOD OFFERS RELIABLE CONVERGENCE.

  INITIALIZATION DONE.  TIME WAS   0.00 CPU SECS.       112 WORDS OF STORAGE USED.

  ======================================================================================================================

  TOTAL ANGULAR MOMENTUM JTOT =  -1

  EACH JTOT IS SPLIT INTO A MAXIMUM OF   2 SYMMETRY BLOCKS

  CALCULATIONS WILL BE FOR SYMMETRY BLOCK   2  ONLY

  ===================== ITYP = 9: Mg + NH in magnetic field; bound states and threshold crossings ======================

  *******************************************  ANGULAR MOMENTUM JTOT  =  -1  *******************************************

  BASIS SET FOR MTOT = -1, PARITY = (-1)**1
  * * * NOTE.  FOR JTOT =  -1,  ALL COUPLING COEFFICIENTS ARE 0.0 FOR POTENTIAL SYMMETRY   6
  * * * NOTE.  FOR JTOT =  -1,  ALL COUPLING COEFFICIENTS ARE 0.0 FOR POTENTIAL SYMMETRY   7
  = = = = = = = = = = = = = = = = = = = = = = = = = = = = = = = = = = = = = = = = = = = = = = = = = = = = = = = = = = = 

  ENERGY SET     1: ENERGY =   0.000000000     MHZ     
  ** ESTIMATED CORRECTIONS LARGER THAN 5*TOLHI IN AIPROP
   CHECK FOR DISCONTINUITIES OR UNPHYSICAL OSCILLATIONS IN YOUR POTENTIAL
   STEP    RNOW       DRNOW      CDIAG       COFF
     13  3.5731E+01 -1.3091E+00 -4.0432E-05 -5.3140E-04

  NODE COUNT =  170 AT MINIMUM MAGNETIC Z FIELD =   1.000000000     GAUSS 
  NODE COUNT =  169 AT MAXIMUM MAGNETIC Z FIELD =   400.0000000     GAUSS 

  NODE COUNT DECREASES BETWEEN FLDMIN AND FLDMAX
  PROGRAM WILL ASSUME MONOTONIC BEHAVIOUR AND SEEK   1 NODE  IN THIS INTERVAL

  - - - - - - - - - - - - - - - - - - - - - - - - - - - - - - - - - - - - - - - - - - - - - - - - - - - - - - - - - - - 

  SEARCHING FOR INODE =    1 CORRESPONDING TO NODE COUNT =  170

  CONVERGED ON NODE NUMBER   170 AT                     MAGNETIC Z FIELD =   387.2714407     GAUSS 
  = = = = = = = = = = = = = = = = = = = = = = = = = = = = = = = = = = = = = = = = = = = = = = = = = = = = = = = = = = = 

  ENERGY SET     2: ENERGY =  -20.00000000     MHZ     
  ** ESTIMATED CORRECTIONS LARGER THAN 5*TOLHI IN AIPROP
   CHECK FOR DISCONTINUITIES OR UNPHYSICAL OSCILLATIONS IN YOUR POTENTIAL
   STEP    RNOW       DRNOW      CDIAG       COFF
     13  3.5731E+01 -1.3091E+00 -4.0423E-05 -5.3211E-04

  NODE COUNT =  170 AT MINIMUM MAGNETIC Z FIELD =   1.000000000     GAUSS 
  NODE COUNT =  169 AT MAXIMUM MAGNETIC Z FIELD =   400.0000000     GAUSS 

  NODE COUNT DECREASES BETWEEN FLDMIN AND FLDMAX
  PROGRAM WILL ASSUME MONOTONIC BEHAVIOUR AND SEEK   1 NODE  IN THIS INTERVAL

  - - - - - - - - - - - - - - - - - - - - - - - - - - - - - - - - - - - - - - - - - - - - - - - - - - - - - - - - - - - 

  SEARCHING FOR INODE =    1 CORRESPONDING TO NODE COUNT =  170
  ** ESTIMATED CORRECTIONS LARGER THAN 5*TOLHI IN AIPROP
   CHECK FOR DISCONTINUITIES OR UNPHYSICAL OSCILLATIONS IN YOUR POTENTIAL
   STEP    RNOW       DRNOW      CDIAG       COFF
     24  2.4170E+01 -7.7846E-01 -2.6434E-05 -5.6951E-04

  CONVERGED ON NODE NUMBER   170 AT                     MAGNETIC Z FIELD =   379.2585263     GAUSS 
  = = = = = = = = = = = = = = = = = = = = = = = = = = = = = = = = = = = = = = = = = = = = = = = = = = = = = = = = = = = 

  ENERGY SET     3: ENERGY =  -40.00000000     MHZ     
  ** ESTIMATED CORRECTIONS LARGER THAN 5*TOLHI IN AIPROP
   CHECK FOR DISCONTINUITIES OR UNPHYSICAL OSCILLATIONS IN YOUR POTENTIAL
   STEP    RNOW       DRNOW      CDIAG       COFF
     13  3.5731E+01 -1.3091E+00 -4.0414E-05 -5.3280E-04

  NODE COUNT =  170 AT MINIMUM MAGNETIC Z FIELD =   1.000000000     GAUSS 
  NODE COUNT =  169 AT MAXIMUM MAGNETIC Z FIELD =   400.0000000     GAUSS 

  NODE COUNT DECREASES BETWEEN FLDMIN AND FLDMAX
  PROGRAM WILL ASSUME MONOTONIC BEHAVIOUR AND SEEK   1 NODE  IN THIS INTERVAL

  - - - - - - - - - - - - - - - - - - - - - - - - - - - - - - - - - - - - - - - - - - - - - - - - - - - - - - - - - - - 

  SEARCHING FOR INODE =    1 CORRESPONDING TO NODE COUNT =  170

  CONVERGED ON NODE NUMBER   170 AT                     MAGNETIC Z FIELD =   371.1538774     GAUSS 

  ======================================================================================================================


  -- FIELD ------ FIELD ------ FIELD ------ FIELD ------ FIELD ------ FIELD --

 |                                                                            |
 |          Bound states of interacting pairs of atoms and molecules          |
 |                      as a function of external field                       |
 |                                                                            |
 |              Copyright (C) 2018 J. M. Hutson & C. R. Le Sueur              |
 |                                                                            |
 |                               Version 2019.0 (beta)                        |
 |                                                                            |
 |                    This run used      57.78 cpu secs and                   |
 |             116873 of the allocated   1000000 words of storage             |
 |                                                                            |
  -- FIELD ------ FIELD ------ FIELD ------ FIELD ------ FIELD ------ FIELD --

