  -- FIELD ------ FIELD ------ FIELD ------ FIELD ------ FIELD ------ FIELD --
 |                                                                            |
 |          Bound states of interacting pairs of atoms and molecules          |
 |                      as a function of external field                       |
 |                                                                            |
 |              Copyright (C) 2025 J. M. Hutson & C. R. Le Sueur              |
 |                                                                            |
 |                               Version 2025.0                               |
 |                                                                            |
 |                       Run on 06 Nov 2025   at 16:35:24                     |
 |                                                                            |
  -- FIELD ------ FIELD ------ FIELD ------ FIELD ------ FIELD ------ FIELD --


  This program is free software: you can redistribute it and/or modify it under
  the terms of the GNU General Public License, version 3, as published by
  the Free Software Foundation.

  Publications resulting from the use of this program should cite both the
  version of the program used:

  J. M. Hutson & C. R. Le Sueur, FIELD: a program for bound states of
  interacting pairs of atoms and molecules as a function of external field,
  Version 2025.0, https//github.com/molscat/molscat

  and the published paper:

  J. M. Hutson & C. R. Le Sueur, Comput. Phys. Commun., 241, 1-8 (2019).


  USING CODATA 2022 RECOMMENDED VALUES OF FUNDAMENTAL PHYSICAL CONSTANTS

  PRINT LEVEL (IPRINT) =  6

  REDUCED MASS FOR INTERACTION =  42.455894869 ATOMIC MASS UNITS (DALTONS)

  ======================================================================================================================
  ATOM - ATOM IN UNCOUPLED BASIS  


  ATOMS  WITH S = 1/2,     MU_S   =    2.002331 MU_B
              I = 5/2,     MU_NUC =   -0.000294 MU_B
              HYPERFINE SPLITTING =    3.035732, COUPLING CONST =    1.011911 GHZ

  L UP TO    2
  SPIN-SPIN TERM INCLUDED

  INTERACTION TYPE IS  ATOM - ATOM IN UNCOUPLED BASIS  

  QUANTUM NUMBERS FOR INTERACTING PAIR:
  THE BASIS FUNCTIONS ARE LABELLED BY A SET OF   4 PAIR STATE QUANTUM NUMBERS AND A VALUE OF L.
  THE RESULTING BASIS SET IS ASYMPTOTICALLY NON-DIAGONAL.

  THE SETS OF PAIR STATE QUANTUM NUMBERS ARE:

      SET       ------ PAIR STATE QUANTUM NUMBERS ------
                    2*MSA     2*MIA     2*MSB     2*MIB
        1              -1        -5        -1        -5
        2              -1        -3        -1        -5
        3              -1        -3        -1        -3
        4              -1        -1        -1        -5
        5              -1        -1        -1        -3
        6              -1        -1        -1        -1
        7              -1         1        -1        -5
        8              -1         1        -1        -3
        9              -1         1        -1        -1
       10              -1         1        -1         1
       11              -1         3        -1        -5
       12              -1         3        -1        -3
       13              -1         3        -1        -1
       14              -1         3        -1         1
       15              -1         3        -1         3
       16              -1         5        -1        -5
       17              -1         5        -1        -3
       18              -1         5        -1        -1
       19              -1         5        -1         1
       20              -1         5        -1         3
       21              -1         5        -1         5
       22               1        -5        -1        -5
       23               1        -5        -1        -3
       24               1        -5        -1        -1
       25               1        -5        -1         1
       26               1        -5        -1         3
       27               1        -5        -1         5
       28               1        -5         1        -5
       29               1        -3        -1        -5
       30               1        -3        -1        -3
       31               1        -3        -1        -1
       32               1        -3        -1         1
       33               1        -3        -1         3
       34               1        -3        -1         5
       35               1        -3         1        -5
       36               1        -3         1        -3
       37               1        -1        -1        -5
       38               1        -1        -1        -3
       39               1        -1        -1        -1
       40               1        -1        -1         1
       41               1        -1        -1         3
       42               1        -1        -1         5
       43               1        -1         1        -5
       44               1        -1         1        -3
       45               1        -1         1        -1
       46               1         1        -1        -5
       47               1         1        -1        -3
       48               1         1        -1        -1
       49               1         1        -1         1
       50               1         1        -1         3
       51               1         1        -1         5
       52               1         1         1        -5
       53               1         1         1        -3
       54               1         1         1        -1
       55               1         1         1         1
       56               1         3        -1        -5
       57               1         3        -1        -3
       58               1         3        -1        -1
       59               1         3        -1         1
       60               1         3        -1         3
       61               1         3        -1         5
       62               1         3         1        -5
       63               1         3         1        -3
       64               1         3         1        -1
       65               1         3         1         1
       66               1         3         1         3
       67               1         5        -1        -5
       68               1         5        -1        -3
       69               1         5        -1        -1
       70               1         5        -1         1
       71               1         5        -1         3
       72               1         5        -1         5
       73               1         5         1        -5
       74               1         5         1        -3
       75               1         5         1        -1
       76               1         5         1         1
       77               1         5         1         3
       78               1         5         1         5

  THIS CALCULATION USES  1 EXTERNAL FIELD VARIABLE 

  OFFSET BETWEEN EFV INDICES AND COUPLING MATRIX COEFFICIENT INDICES IS  1

  ======================================================================================================================
  GENERAL-PURPOSE POTENL ROUTINE (MAY 18)

  *** POTENL. ITYPE =   9 CANNOT BE PROCESSED TO DETERMINE THE POTENTIAL EXPANSION LABELS

  INTERACTION POTENTIAL FOR EXPANSION TERM NUMBER   1

  JMH routine for alkali dimer potentials with generalized Hannover form
  Rb2 potential from Strauss et al., PRA 82, 052514 (2010)

  gamma shifted from   5.317689000000    
                  to   5.317691182680    

  For potential  1 at RLR =  11.00000000000     A
                  with C6 =  22700320.00000     and C8 =  778288600.0000    
  V_LR  =  -18.02609056183    cm-1
  V_mid =  -18.02577440996    cm-1, dV/dR =   11.44316013529    cm-1/A
  A(0) shifted from  -3993.592873000     cm-1
                 to  -3993.593189152     cm-1 to match value of V(R) at RLR
  Derivative discontinuity at RLR (intrinsic to functional form) is  0.1531623299471     cm-1/A
  Discontinuity / value is  1.3207836398671E-02

  For potential  1 at RSR =  3.126000000000     A
  V     =  -6.255737840563    cm-1, dV/dR =  -9257.490374248    cm-1/A from mid-range power series.
  Short-range potential is A(SR) / R**n(SR) * exp(-alpha(SR)*R),
  with n(SR) =   4.533895000000     and alpha =  0.000000000000    
  B(SR) shifted from   1120053.610000     cm-1 A^n(SR)
                  to   1120053.629089     cm-1 A^n(SR)
  A(SR) shifted from  -6389.048800000     cm-1
                  to  -6389.049099818     cm-1

  INTERACTION POTENTIAL FOR EXPANSION TERM NUMBER   2


  For potential  2 at RLR =  11.00000000000     A
                  with C6 =  22700320.00000     and C8 =  778288600.0000    
  V_LR  =  -17.12240051202    cm-1
  V_mid =  -17.12208948080    cm-1, dV/dR =   9.935247938667    cm-1/A
  A(0) shifted from  -241.5033520000     cm-1
                 to  -241.5036630312     cm-1 to match value of V(R) at RLR
  Derivative discontinuity at RLR (intrinsic to functional form) is -0.1489325178644     cm-1/A
  Discontinuity / value is -1.5218446520516E-02

  For potential  2 at RSR =  5.070000000000     A
  V     =  -10.77028535202    cm-1, dV/dR =  -543.9945779764    cm-1/A from mid-range power series.
  Short-range potential is A(SR) / R**n(SR) * exp(-alpha(SR)*R),
  with n(SR) =   4.533895000000     and alpha =  0.000000000000    
  B(SR) shifted from   956231.6770000     cm-1 A^n(SR)
                  to   956231.6938206     cm-1 A^n(SR)
  A(SR) shifted from  -619.0885430000     cm-1
                  to  -619.0888525752     cm-1

  INTERACTION POTENTIAL FOR EXPANSION TERM NUMBER   3

                -1.00232065E+00 * R ** -3
                 9.18291680E+00 * EXP(   -0.7196 * R )

  POTENL PROCESSING FINISHED.

  POTENTIAL RETURNED IN UNITS OF EPSIL  =  1.0000000     CM-1
        CODED WITH R IN UNITS OF RM     = 0.52917721     ANGSTROM

  ALL LENGTHS ARE IN UNITS OF BOHR (  0.52917721 ANGSTROM ) UNLESS OTHERWISE STATED

  INTERACTION MATRIX USES   3 BLOCKS OF VL ARRAY FOR R-DEPENDENT TERMS IN POTENTIAL
                            2                    FOR CONSTANT    TERMS IN POTENTIAL

  IN TOTAL:  5 BLOCKS OF VL ARRAY ARE USED


  ======================================================================================================================

  PROPAGATION METHODS FOR COUPLED EQUATIONS SPECIFIED BY IPROPS =  6 AND IPROPL =  9

  COUPLED EQUATIONS WILL BE PROPAGATED TOWARDS RMATCH IN 2 SEGMENTS

  PROPAGATION RANGES ARE CONTROLLED BY VARIABLES RMIN, RMATCH AND RMAX, WITH INPUT VALUES
  RMIN =   3.000     RMATCH =   21.00     RMAX =  1.5000E+04
  ++++++++++++++++++++++++++++++++++++++++++++++++++++++++++++++++++++++++++++++++++++++++++++++++++++++++++++++++++++++
  SEGMENT 1 WILL BE PROPAGATED OUTWARDS

  FROM RMIN =      3.00 TO RMATCH =     21.00

  COUPLED EQUATIONS SOLVED BY DIABATIC MODIFIED LOG-DERIVATIVE PROPAGATOR OF MANOLOPOULOS

  PROPAGATION STEP SIZE DETERMINED USING DR =  2.000E-03
  STEP SIZE CONSTANT THROUGHOUT RANGE
  STEP SIZE MAY BE ADJUSTED SLIGHTLY SO THAT RANGE IS A WHOLE NUMBER OF STEPS

  LOG-DERIVATIVE MATRIX INITIALISED IN THE LOCAL EIGENBASIS AT RMIN IN THE OUTWARD PROPAGATION PART
  LOCALLY CLOSED CHANNELS INITIALISED WITH A WKB BOUNDARY CONDITION
  ++++++++++++++++++++++++++++++++++++++++++++++++++++++++++++++++++++++++++++++++++++++++++++++++++++++++++++++++++++++
  SEGMENT 2 WILL BE PROPAGATED  INWARDS

  TO RMATCH =     21.00 FROM RMAX =  15000.00

  COUPLED EQUATIONS SOLVED BY VARIABLE-STEP AIRY PROPAGATOR.
  PUBLICATIONS RESULTING FROM THE USE OF THIS PROPAGATOR SHOULD REFERENCE
  M. H. ALEXANDER AND D. E. MANOLOPOULOS,  J. CHEM. PHYS. 86, 2044 (1987).

  INITIAL STEP SIZE TAKEN FROM SIZE OF FINAL STEP OF SHORT-RANGE PROPAGATION
  STEP SIZES ADJUSTED TO MAINTAIN APPROXIMATE ACCURACY VIA PERTURBATION THEORY
  WITH TOLHI =  1.00E-07 AND POWR =   3.0    

  LOG-DERIVATIVE MATRIX INITIALISED IN THE LOCAL EIGENBASIS AT RMAX IN THE INWARD PROPAGATION PART
  LOCALLY CLOSED CHANNELS INITIALISED WITH A WKB BOUNDARY CONDITION
  LOCALLY  OPEN  CHANNELS INITIALISED WITH THE VALUE  0.000E+00

  ======================================================================================================================

  PROGRAM WILL ATTEMPT TO CONVERGE ON BOUND STATES AS A FUNCTION OF MAGNETIC Z FIELD

  FOR EACH LEVEL, THE BISECTION METHOD WILL BE USED UNTIL THE VWDB METHOD OFFERS RELIABLE CONVERGENCE

  VWDB CONVERGENCE WILL TERMINATE WHEN THE STEP SIZE IS LESS THAN 1.00000E-06 GAUSS 

  PROGRAM WILL SEEK STATES WITH NODE COUNTS FROM    0 TO  99999
  LYING IN 

                  MAGNETIC Z FIELD (GAUSS )
  FLDMIN:             800.0000000    
  FLDMAX:             900.0000000    

  INPUT ENERGIES CONVERTED FROM MHZ
  TO INTERNAL WORKING UNITS OF CM-1 DUE TO INTEGER INPUT EUNITS =   3

  PROGRAM WILL SEEK STATES AT ENERGIES (IN MHZ)
                     0.00000    

  THESE ENERGY VALUES ARE RELATIVE TO THE REFERENCE ENERGY SPECIFIED BY MONOMER QUANTUM NUMBERS   4   4   4   4
  THE REFERENCE ENERGY WILL BE CALCULATED FOR EVERY EFV SET

  ======================================================================================================================

  TOTAL ANGULAR MOMENTUM JTOT =   8

  EACH JTOT IS SPLIT INTO A MAXIMUM OF   2 SYMMETRY BLOCKS

  CALCULATIONS WILL BE FOR SYMMETRY BLOCK   2  ONLY

  INITIALIZATION DONE.  TIME WAS   0.00 CPU SECS.

  ================================ 85Rb-85Rb: positions of bound states on aa threshold ================================

  *****************************  ANGULAR MOMENTUM JTOT  =   8   AND SYMMETRY BLOCK  =    2  ****************************
  SYMMETRY BLOCK =   2 SELECTS PARITY  1
  MTOT =  8/2
  BASIS SET GENERATED FOR TWO IDENTICAL BOSONS
  CONSTRUCTION OF BASIS SET TOOK                  0.00 CPU SECS.
  CONSTRUCTION OF COUPLING (VL) ARRAY TOOK        0.00 CPU SECS.

  BASIS FUNCTION LIST:
  BASIS FN        SET   ------ PAIR STATE QUANTUM NUMBERS ------           L 
                            2*MSA     2*MIA     2*MSB     2*MIB 
        1          21         -1         5        -1         5             0
        2          61          1         3        -1         5             0
        3          66          1         3         1         3             0
        4          71          1         5        -1         3             0
        5          76          1         5         1         1             0
        6          42          1        -1        -1         5             2
        7          50          1         1        -1         3             2
        8          51          1         1        -1         5             2
        9          55          1         1         1         1             2
       10          59          1         3        -1         1             2
       11          60          1         3        -1         3             2
       12          19         -1         5        -1         1             2
       13          61          1         3        -1         5             2
       14          64          1         3         1        -1             2
       15          65          1         3         1         1             2
       16          20         -1         5        -1         3             2
       17          66          1         3         1         3             2
       18          69          1         5        -1        -1             2
       19          70          1         5        -1         1             2
       20          15         -1         3        -1         3             2
       21          71          1         5        -1         3             2
       22          72          1         5        -1         5             2
       23          74          1         5         1        -3             2
       24          75          1         5         1        -1             2
       25          21         -1         5        -1         5             2
       26          76          1         5         1         1             2
       27          77          1         5         1         3             2
       28          78          1         5         1         5             2
  = = = = = = = = = = = = = = = = = = = = = = = = = = = = = = = = = = = = = = = = = = = = = = = = = = = = = = = = = = = 

  ENERGY      1 =   0.000000000     MHZ     

  NODE COUNT IMPLIES  1471 STATES BELOW SPECIFIED ENERGY AT MAGNETIC Z FIELD =   800.0000000     GAUSS 
  NODE COUNT IMPLIES  1468 STATES BELOW SPECIFIED ENERGY AT MAGNETIC Z FIELD =   900.0000000     GAUSS 

  NODE COUNT DECREASES BETWEEN FLDMIN AND FLDMAX
  PROGRAM WILL ASSUME MONOTONIC BEHAVIOUR AND SEEK   3 STATES IN THIS INTERVAL

  - - - - - - - - - - - - - - - - - - - - - - - - - - - - - - - - - - - - - - - - - - - - - - - - - - - - - - - - - - - 

  SEARCHING FOR BOUND STATE NUMBER  1469

  PROPAGATION   1: - - - - - - - - - - - - - - - - - -  MAGNETIC Z FIELD =   850.0000000     GAUSS 

  PROPAGATION   2: - - - - - - - - - - - - - - - - - -  MAGNETIC Z FIELD =   852.0081091     GAUSS 

  PROPAGATION   3: - - - - - - - - - - - - - - - - - -  MAGNETIC Z FIELD =   851.8765209     GAUSS 

  PROPAGATION   4: - - - - - - - - - - - - - - - - - -  MAGNETIC Z FIELD =   851.8761790     GAUSS 

  CONVERGED ON STATE NUMBER  1469 AT                    MAGNETIC Z FIELD =   851.8761789     GAUSS 

  LAST STEP WAS                                                            -9.9918679553E-08 GAUSS 

  SMALLEST EIGENVALUE OF MATCHING MATRIX IS NUMBER  8 =  8.37112E-10

  WITH PRINCIPAL EIGENVECTOR COMPONENTS
  CHAN     VEC    VEC**2   L   QUANTUM NUMBERS

   1    0.1811    0.0328   0  -1   5  -1   5  21
   2    0.1877    0.0352   0   1   3  -1   5  61
   4    0.9034    0.8161   0   1   5  -1   3  71
   5   -0.3328    0.1108   0   1   5   1   1  76

  - - - - - - - - - - - - - - - - - - - - - - - - - - - - - - - - - - - - - - - - - - - - - - - - - - - - - - - - - - - 

  SEARCHING FOR BOUND STATE NUMBER  1470

  PROPAGATION   1: - - - - - - - - - - - - - - - - - -  MAGNETIC Z FIELD =   825.0000000     GAUSS 

  PROPAGATION   2: - - - - - - - - - - - - - - - - - -  MAGNETIC Z FIELD =   812.5000000     GAUSS 

  PROPAGATION   3: - - - - - - - - - - - - - - - - - -  MAGNETIC Z FIELD =   818.7500000     GAUSS 

  PROPAGATION   4: - - - - - - - - - - - - - - - - - -  MAGNETIC Z FIELD =   819.5684173     GAUSS 

  PROPAGATION   5: - - - - - - - - - - - - - - - - - -  MAGNETIC Z FIELD =   819.5626002     GAUSS 

  PROPAGATION   6: - - - - - - - - - - - - - - - - - -  MAGNETIC Z FIELD =   819.5625939     GAUSS 

  CONVERGED ON STATE NUMBER  1470 AT                    MAGNETIC Z FIELD =   819.5625939     GAUSS 

  LAST STEP WAS                                                            -1.8565060600E-10 GAUSS 

  SMALLEST EIGENVALUE OF MATCHING MATRIX IS NUMBER  9 =  1.61293E-12

  WITH PRINCIPAL EIGENVECTOR COMPONENTS
  CHAN     VEC    VEC**2   L   QUANTUM NUMBERS

  22    0.9710    0.9429   2   1   5  -1   5  72
  27   -0.2389    0.0571   2   1   5   1   3  77

  - - - - - - - - - - - - - - - - - - - - - - - - - - - - - - - - - - - - - - - - - - - - - - - - - - - - - - - - - - - 

  SEARCHING FOR BOUND STATE NUMBER  1471

  PROPAGATION   1: - - - - - - - - - - - - - - - - - -  MAGNETIC Z FIELD =   806.2500000     GAUSS 

  PROPAGATION   2: - - - - - - - - - - - - - - - - - -  MAGNETIC Z FIELD =   810.9569705     GAUSS 

  PROPAGATION   3: - - - - - - - - - - - - - - - - - -  MAGNETIC Z FIELD =   810.9471815     GAUSS 

  CONVERGED ON STATE NUMBER  1471 AT                    MAGNETIC Z FIELD =   810.9471815     GAUSS 

  LAST STEP WAS                                                             7.0531314122E-08 GAUSS 

  SMALLEST EIGENVALUE OF MATCHING MATRIX IS NUMBER  9 = -6.18293E-10

  WITH PRINCIPAL EIGENVECTOR COMPONENTS
  CHAN     VEC    VEC**2   L   QUANTUM NUMBERS

  11    0.9056    0.8201   2   1   3  -1   3  60
  15   -0.3449    0.1190   2   1   3   1   1  65
  16    0.2361    0.0558   2  -1   5  -1   3  20


  -- FIELD ------ FIELD ------ FIELD ------ FIELD ------ FIELD ------ FIELD --
 |                                                                            |
 |          Bound states of interacting pairs of atoms and molecules          |
 |                      as a function of external field                       |
 |                                                                            |
 |              Copyright (C) 2025 J. M. Hutson & C. R. Le Sueur              |
 |                                                                            |
 |                               Version 2025.0                               |
 |                                                                            |
 |                      This run used      15.14 cpu secs                     |
 |                                                                            |
  -- FIELD ------ FIELD ------ FIELD ------ FIELD ------ FIELD ------ FIELD --
