  ---- MOLSCAT ------ MOLSCAT ------ MOLSCAT ------ MOLSCAT ------ MOLSCAT ---
 |                                                                            |
 |                Non-reactive quantum scattering calculations                |
 |                     on atomic and molecular collisions                     |
 |                                                                            |
 |              Copyright (C) 2020 J. M. Hutson & C. R. Le Sueur              |
 |                                                                            |
 |                               Version 2020.0                               |
 |                                                                            |
 |                       Run on 14 Feb 2020   at 20:09:39                     |
 |                                                                            |
  ---- MOLSCAT ------ MOLSCAT ------ MOLSCAT ------ MOLSCAT ------ MOLSCAT ---


  This program is free software: you can redistribute it and/or modify it under
  the terms of the GNU General Public License, version 3, as published by
  the Free Software Foundation.

  Publications resulting from the use of this program should cite both
  the version of the program used:
  J. M. Hutson & C. R. Le Sueur, MOLSCAT computer code 2020.0              
  and the published paper:
  J. M. Hutson & C. R. Le Sueur, Comput. Phys. Commun. 241, pp 9-18 (2019).


  USING CODATA 2018 RECOMMENDED VALUES OF FUNDAMENTAL PHYSICAL CONSTANTS

  MEMORY ALLOCATED TO MAIN WORKING ARRAY IS   1000000 (8-BYTE) WORDS (    7.63 MB)
  2 INTEGERS CAN BE STORED IN EACH WORD.

  PRINT LEVEL (IPRINT) =  1     OTHER PRINT CONTROLS  ISIGPR = 2

  REDUCED MASS FOR INTERACTION =  20.000000000 ATOMIC MASS UNITS (DALTONS)

  ======================================================================================================================

  INTERACTION TYPE IS    LINEAR RIGID ROTOR  -  ATOM.  

  MOLECULAR QUANTUM NUMBERS TAKEN FROM JLEVEL INPUT.  NLEVEL =  4

  ENERGY LEVELS OBTAINED FROM B(E) =   30.000000

  QUANTUM NUMBERS FOR INTERACTING PAIR:
  EACH PAIR STATE IS LABELLED BY  1 QUANTUM NUMBER 
  EACH CHANNEL FUNCTION IS FORMED BY COMBINING A PAIR STATE WITH A VALUE OF L.
  THE RESULTING BASIS SET IS ASYMPTOTICALLY DIAGONAL.

  PAIR STATE     PAIR STATE QUANTUM NUMBERS    PAIR LEVEL     PAIR ENERGY (CM-1)
                ---------        J ---------
        1                        0                1             0.0000000
        2                        2                2           180.0000000
        3                        4                3           600.0000000
        4                        6                4          1260.0000000

  ======================================================================================================================
  GENERAL-PURPOSE POTENL ROUTINE (MAY 18)

  ANGULAR DEPENDENCE OF POTENTIAL EXPANDED IN TERMS OF
  LEGENDRE POLYNOMIALS, P(LAMBDA).

  INTERACTION POTENTIAL FOR EXPANSION TERM NUMBER   1
  WHICH HAS LAMBDA =   0

                 1.00000000E+00 * R **-12
                -2.00000000E+00 * R ** -6

  INTERACTION POTENTIAL FOR EXPANSION TERM NUMBER   2
  WHICH HAS LAMBDA =   2

                -2.00000000E-01 * R ** -6

  POTENL PROCESSING FINISHED.

  POTENTIAL RETURNED IN UNITS OF EPSIL  =  50.000000     CM-1
        CODED WITH R IN UNITS OF RM     =  3.5000000     ANGSTROM

  ALL LENGTHS ARE IN UNITS OF RM (  3.50000000 ANGSTROM ) UNLESS OTHERWISE STATED

  INTERACTION MATRIX USES   2 BLOCKS OF VL ARRAY FOR R-DEPENDENT TERMS IN POTENTIAL

  ======================================================================================================================

  PROPAGATION METHODS FOR COUPLED EQUATIONS SPECIFIED BY IPROPS =  6

  COUPLED EQUATIONS WILL BE PROPAGATED OUTWARDS IN 1 SEGMENT 

  PROPAGATION RANGE IS CONTROLLED BY VARIABLES RMIN AND RMAX, WITH INPUT VALUES
  RMIN =  0.5000     RMAX =   20.00    
  ++++++++++++++++++++++++++++++++++++++++++++++++++++++++++++++++++++++++++++++++++++++++++++++++++++++++++++++++++++++
  SEGMENT 1 WILL BE PROPAGATED OUTWARDS

  FROM RMIN CHOSEN USING IRMSET =  9 TO RMAX =     20.00

  COUPLED EQUATIONS SOLVED BY DIABATIC MODIFIED LOG-DERIVATIVE PROPAGATOR OF MANOLOPOULOS

  PROPAGATION STEP SIZE DETERMINED USING DR =  1.000E-03
  STEP SIZE CONSTANT THROUGHOUT RANGE
  STEP SIZE MAY BE ADJUSTED SLIGHTLY SO THAT RANGE IS A WHOLE NUMBER OF STEPS

  LOG-DERIVATIVE MATRIX INITIALISED IN THE LOCAL EIGENBASIS AT RMIN
  LOCALLY CLOSED CHANNELS INITIALISED WITH A WKB BOUNDARY CONDITION

  ======================================================================================================================

  INPUT ENERGIES IN UNITS OF CM-1 BY DEFAULT.

  CALCULATIONS WILL BE PERFORMED FOR    1 ENERGY  
  ENERGY    1           =   1250.000000     CM-1

  ======================================================================================================================

  TOTAL ANGULAR MOMENTUM JTOT RUNS FROM  10  TO     20  IN STEPS OF  10

  EACH JTOT IS SPLIT INTO A MAXIMUM OF   2 SYMMETRY BLOCKS

  STATE-TO-STATE INTEGRAL CROSS-SECTIONS WILL BE COMPUTED BUT NOT STORED ON DISK

  ======================================================================================================================

  INITIALIZATION DONE.  TIME WAS   0.00 CPU SECS.        57 WORDS OF STORAGE USED.

  =============================================== model system: ITYPE=1 ================================================

  FOR JTOT =   10, SYMMETRY BLOCK =  1, ENERGY(  1) =  1250.000    : MAX DIAG & OFF-DIAG =  9.88E-02 &   1.16E-06

  FOR JTOT =   10, SYMMETRY BLOCK =  2, ENERGY(  1) =  1250.000    : MAX DIAG & OFF-DIAG =  1.75E-01 &   1.29E-03

  FOR JTOT =   20, SYMMETRY BLOCK =  1, ENERGY(  1) =  1250.000    : MAX DIAG & OFF-DIAG =  1.88E-01 &   1.95E-06

  FOR JTOT =   20, SYMMETRY BLOCK =  2, ENERGY(  1) =  1250.000    : MAX DIAG & OFF-DIAG =  1.68E-01 &   2.43E-03

  =============================================== model system: ITYPE=1 ================================================

  LEVEL   4 WITH ENERGY   1260.000000000000 IS NEVER OPEN

  STATE-TO-STATE INTEGRAL CROSS SECTIONS IN ANGSTROM**2 BETWEEN    3 LEVELS WITH THRESHOLD ENERGIES (IN CM-1):

    1     0.000000000000
    2   180.000000000000
    3   600.000000000000

  *** N.B. CROSS SECTIONS HAVE BEEN MULTIPLIED BY 10.0 TO ACCOUNT FOR JSTEP

   ENERGY (CM-1)    JTOTL  JSTEP  JTOTU      F    I         SIG(F,I)
   1250.000000         10     10     20      1    1          1.81057      
   1250.000000         10     10     20      2    1         3.722327E-02  
   1250.000000         10     10     20      3    1         6.542671E-07  

   1250.000000         10     10     20      1    2         8.697026E-03  
   1250.000000         10     10     20      2    2          3.00836      
   1250.000000         10     10     20      3    2         8.161625E-05  

   1250.000000         10     10     20      1    3         1.398007E-07  
   1250.000000         10     10     20      2    3         7.464050E-05  
   1250.000000         10     10     20      3    3          5.24476      

  TOTAL INELASTIC INTEGRAL CROSS SECTIONS IN ANGSTROM**2 FROM LEVEL
   3.72239E-02                                                 1
   8.77864E-03                                                 2
   7.47803E-05                                                 3



  ---- MOLSCAT ------ MOLSCAT ------ MOLSCAT ------ MOLSCAT ------ MOLSCAT ---
 |                                                                            |
 |                Non-reactive quantum scattering calculations                |
 |                     on atomic and molecular collisions                     |
 |                                                                            |
 |              Copyright (C) 2020 J. M. Hutson & C. R. Le Sueur              |
 |                                                                            |
 |                               Version 2020.0                               |
 |                                                                            |
 |                    This run used       2.32 cpu secs and                   |
 |               1279 of the allocated   1000000 words of storage             |
 |                                                                            |
  ---- MOLSCAT ------ MOLSCAT ------ MOLSCAT ------ MOLSCAT ------ MOLSCAT ---
