  ---- MOLSCAT ------ MOLSCAT ------ MOLSCAT ------ MOLSCAT ------ MOLSCAT ---
 |                                                                            |
 |                Non-reactive quantum scattering calculations                |
 |                     on atomic and molecular collisions                     |
 |                                                                            |
 |              Copyright (C) 2018 J. M. Hutson & C. R. Le Sueur              |
 |                                                                            |
 |                               Version 2019.0 (beta)                        |
 |                                                                            |
 |                       Run on 14 Nov 2018   at 09:42:58                     |
 |                                                                            |
  ---- MOLSCAT ------ MOLSCAT ------ MOLSCAT ------ MOLSCAT ------ MOLSCAT ---


  This program is free software: you can redistribute it and/or modify it under
  the terms of the GNU General Public License, version 3, as published by
  the Free Software Foundation.

  Publications resulting from the use of this program should refer to
  J. M. Hutson & C. R. Le Sueur, MOLSCAT computer code 2019.0 (beta)       
  or to the published paper in Computer Physics Communications when available.


  PHYSICAL CONSTANTS OBTAINED FROM NIST CODATA TABULATION OF 2014

  MEMORY ALLOCATED TO MAIN WORKING ARRAY IS   1000000 (8-BYTE) WORDS (    7.63 MB)
  2 INTEGERS CAN BE STORED IN EACH WORD.

  PRINT LEVEL = 11     OTHER PRINT CONTROLS  ISIGPR = 0

  RUN LABEL = He-LiF potential of Wolken, JCP 58, 3047 (1973). Basis set 16                   

  REDUCED MASS FOR INTERACTION =   4.002600000 ATOMIC MASS UNITS

  ***** WARNING - NO SCRATCH FILE SPECIFIED BY ISCRU PARAMETER - FULL CALCULATION WILL BE DONE AT EACH ENERGY

  ======================================================================================================================

  INTERACTION TYPE IS    ATOM - CORRUGATED SURFACE     
  LATTICE LENGTHS ARE  2.840000 AND  2.840000 A
  RECIPROCAL LATTICE ANGLE IS       90.000 DEGREES,  COSINE =  0.000000

  BASIS FUNCTIONS GENERATED WITH
     EMIN   =     0.000
     EMAX   =   190.000
     G1MAX  =         3
     G2MAX  =         3


  QUANTUM NUMBERS FOR INTERACTING PAIR:
  EACH PAIR STATE IS LABELLED BY  2 QUANTUM LABELS
  EACH CHANNEL FUNCTION IS FORMED BY COMBINING A PAIR STATE WITH A VALUE OF L.
  THE RESULTING BASIS SET IS ASYMPTOTICALLY DIAGONAL.

  PAIR STATE     PAIR STATE QUANTUM NUMBERS    PAIR LEVEL     PAIR ENERGY (CM-1)
                ----       G1        G2 ----
        1                   0         0           1             0.0000000
        2                   0        -1           2            20.6147163
        3                  -1         0           3            20.6147163
        4                   0         1           4            20.6147163
        5                   1         0           5            20.6147163
        6                  -1        -1           6            41.2294326
        7                   1        -1           7            41.2294326
        8                  -1         1           8            41.2294326
        9                   1         1           9            41.2294326
       10                   0        -2          10            82.4588651
       11                  -2         0          11            82.4588651
       12                   0         2          12            82.4588651
       13                   2         0          13            82.4588651
       14                   1        -2          14           103.0735814
       15                  -2         1          15           103.0735814
       16                  -1        -2          16           103.0735814
       17                  -1         2          17           103.0735814
       18                   1         2          18           103.0735814
       19                   2        -1          19           103.0735814
       20                  -2        -1          20           103.0735814
       21                   2         1          21           103.0735814
       22                  -2         2          22           164.9177302
       23                  -2        -2          23           164.9177302
       24                   2        -2          24           164.9177302
       25                   2         2          25           164.9177302
       26                  -3         0          26           185.5324465
       27                   0         3          27           185.5324465
       28                   0        -3          28           185.5324465
       29                   3         0          29           185.5324465

  ======================================================================================================================
  GENERAL-PURPOSE POTENL ROUTINE (MAY 18)

  ANGULAR DEPENDENCE OF POTENTIAL EXPANDED IN TERMS OF

  INTERACTION POTENTIAL FOR EXPANSION TERM NUMBER   1
  WHICH HAS G1 =   0,  G2 =   0

                 7.63000000E+00 * EXP(   -2.2000 * R )
                -1.52600000E+01 * EXP(   -1.1000 * R )

  INTERACTION POTENTIAL FOR EXPANSION TERM NUMBER   2
  WHICH HAS G1 =   1,  G2 =   0

                -7.63000000E-01 * EXP(   -2.2000 * R )

  POTENL PROCESSING FINISHED.

  UNITS FOR POTENTIAL ROUTINES:
  POTENTIAL RETURNED IN UNITS OF EPSIL =       8.065544 CM-1
  R                  IN UNITS OF RM    =       1.000000 ANGSTROMS

  ALL LENGTHS ARE IN UNITS OF RM =  1.000000 ANGSTROM UNLESS OTHERWISE STATED

  SURFACE FOURIER COMPONENTS
  NRPOTL = 2 FROM SURBAS
  IVCHK.  COMPLETED SUCCESSFULLY.
  INTERACTION MATRIX USES   2 BLOCKS OF VL ARRAY FOR R-DEPENDENT TERMS IN POTENTIAL

  ======================================================================================================================

  PROPAGATION ALGORITHM FOR COUPLED EQUATIONS SPECIFIED BY IPROPS =  6

  COUPLED EQUATIONS WILL BE PROPAGATED OUTWARDS IN 1 SEGMENT 
  ++++++++++++++++++++++++++++++++++++++++++++++++++++++++++++++++++++++++++++++++++++++++++++++++++++++++++++++++++++++
  SEGMENT 1 WILL BE PROPAGATED OUTWARDS

  FROM RMIN CHOSEN USING IRMSET =   9  TO RMAX   =      6.00

  COUPLED EQUATIONS SOLVED BY DIABATIC MODIFIED LOG DERIVATIVE METHOD OF MANOLOPOULOS

  PROPAGATION STEP SIZE DETERMINED USING STEPS =   10.0     (PER WAVELENGTH)

  LOG-DERIVATIVE MATRIX WILL BE INITIALISED IN THE LOCAL EIGENBASIS FOR RMIN IN THE OUTWARDS PROPAGATION PART
  LOCALLY CLOSED CHANNELS WILL BE INITIALISED WITH A WKB BOUNDARY CONDITION
  LOCALLY OPEN CHANNELS WILL BE INITIALISED WITH THE VALUE  1.0000000E+08
  ++++++++++++++++++++++++++++++++++++++++++++++++++++++++++++++++++++++++++++++++++++++++++++++++++++++++++++++++++++++

  ======================================================================================================================

  INPUT ENERGY VALUES CONVERTED FROM EV
  TO INTERNAL WORKING UNITS OF CM-1 DUE TO INTEGER INPUT =   5

  INPUT ENERGY LIST IS
                     161.311         177.442    

  CONTROL DATA FOR TOTAL ENERGIES.  CALCULATIONS WILL BE PERFORMED FOR   2 VALUES
       ENERGY NO.   1 =   161.31088010     CM-1 =  2.00000000000E-02 EV      
       ENERGY NO.   2 =   177.44196811     CM-1 =  2.20000000000E-02 EV      

  ======================================================================================================================

  TOTAL ANGULAR MOMENTUM JTOT =   0

  EACH JTOT IS SPLIT INTO A MAXIMUM OF   2 DIFFERENT SYMMETRY BLOCKS

  NOTE.  MAXIMUM LEVEL FOR WHICH CROSS SECTIONS ARE ACCUMULATED MAY BE LIMITED BY MXSIG =   1

  STATE-TO-STATE INTEGRAL CROSS-SECTIONS WILL BE COMPUTED BUT NOT STORED ON DISK

  ======================================================================================================================

  INITIALIZATION DONE.  TIME WAS   0.00 CPU SECS.        93 WORDS OF STORAGE USED.

  =========================== He-LiF potential of Wolken, JCP 58, 3047 (1973). Basis set 16 ============================

  *******************************************  ANGULAR MOMENTUM JTOT  =   0  *******************************************

  IBLOCK =   1

  18 CHANNEL BASIS FOR THETA =  30.000  PHI =   0.000 DEGREES
  CORRESPONDING TO K = (  3.094387  0.000000 ) A-1
  SYMMETRIZED BASIS USED FOR THESE ANGLES
  NOTE THAT CALCULATED INTENSITIES FOR OUT-OF-PLANE BEAMS ARE IMPLICITLY SUMMED OVER EQUIVALENT PAIRS
  BASIS FUNCTIONS LIMITED BY EMAXK =  1000.000

  CHANNEL FUNCTION LIST:

  EACH CHANNEL FUNCTION IS FORMED BY COMBINING A PAIR STATE WITH A VALUE OF L.

  CHANNEL  PAIR STATE    PAIR STATE QUANTUM NUMBERS            L        PAIR LEVEL   PAIR ENERGY (CM-1)
                         ----     G1        G2   ----
        1           1              0         0                 0             1        40.3277200
        2           3             -1         0                 0             3         3.2763455
        3           4              0         1                 0             4        60.9424363
        4           5              1         0                 0             5       118.6085271
        5           8             -1         1                 0             8        23.8910618
        6           9              1         1                 0             9       139.2232434
        7          11             -2         0                 0            11         7.4544036
        8          12              0         2                 0            12       122.7865851
        9          13              2         0                 0            13       238.1187667
       10          15             -2         1                 0            15        28.0691199
       11          17             -1         2                 0            17        85.7352106
       12          18              1         2                 0            18       201.0673922
       13          21              2         1                 0            21       258.7334830
       14          22             -2         2                 0            22        89.9132687
       15          25              2         2                 0            25       320.5776318
       16          26             -3         0                 0            26        52.8618942
       17          27              0         3                 0            27       225.8601665
       18          29              3         0                 0            29       398.8584389

  JTOT =    0   IBLOCK =   1   ENERGY(   1) =   161.31088010     CM-1 =   2.00000000000E-02 EV
  INNER CLASSICAL TURNING POINT AT R = -1.2118
  RADIAL PROPAGATION WILL START AT R = -2.4041

  DWPROP. LOG DERIVATIVE MATRIX PROPAGATED FROM      -2.4041  TO  6.0000      IN    163  STEPS.

  OPEN CHANNEL LIST:

  OPEN CHANNEL   WVEC (1/ANG.)    CHANNEL           L    PAIR LEVEL            PAIR ENERGY (CM-1)
           1    6.12560302E+00         2            0         3              3.276345523520
           2    6.04408744E+00         7            0        11              7.454403576789
           3    5.71212276E+00         5            0         8             23.891061800894
           4    5.62461794E+00        10            0        15             28.069119854163
           5    5.35963617E+00         1            0         1             40.327720025000
           6    5.07441048E+00        16            0        26             52.861894184805
           7    4.88170400E+00         3            0         4             60.942436302374
           8    4.23607703E+00        11            0        17             85.735210633016
           9    4.11732063E+00        14            0        22             89.913268686284
          10    3.18418836E+00         4            0         5            118.608527081228
          11    3.02440674E+00         8            0        12            122.786585134496
          12    2.29006323E+00         6            0         9            139.223243358602

   G1   G2       S**2                  PHASE/2PI              RE (S)                 IM (S)
   -1    0 1.3581585424748E-002   4.1388788355245E-001  -9.9893948917792E-002   6.0023198801441E-002
   -2    0 6.6327064701390E-002   4.6806753803382E-001  -2.5237407882337E-001   5.1326299685891E-002
   -1    1 1.4410966759815E-001   7.8457282526415E-002   3.3441866150086E-001   1.7964917600178E-001
   -2    1 2.4668115369383E-001   3.4918590039997E-001  -2.8987619237867E-001   4.0330254993724E-001
    0    0 2.2260085223791E-002   1.5695122448586E-001   8.2342671905530E-002   1.2441772223944E-001
   -3    0 4.6692381617002E-003   4.0303207338722E-001  -5.6036704668570E-002   3.9104039325723E-002
    0    1 4.3279671538487E-002  -3.1512543062747E-001  -8.2772166294213E-002  -1.9086235884912E-001
   -1    2 9.9961978082146E-002   1.3185579278743E-001   2.1372957195796E-001   2.3298422296974E-001
   -2    2 8.2433754763891E-002   3.5862579692280E-001  -1.8109565028651E-001   2.2279614047644E-001
    1    0 2.8539777821252E-002  -2.1101240177250E-001   4.0971264070138E-002  -1.6389366473951E-001
    0    2 4.7296391078557E-002  -1.5953006411986E-001   1.1707185459945E-001  -1.8327730884973E-001
    1    1 2.0085963191206E-001  -1.9347654744995E-001   1.5584275622536E-001  -4.2020550596600E-001

  FINISHED JTOT =    0   IBLOCK =   1   ENERGY(   1) =  161.3109    

  --------------------------- He-LiF potential of Wolken, JCP 58, 3047 (1973). Basis set 16 ----------------------------

  JTOT =    0   IBLOCK =   1   ENERGY(   2) =   177.44196811     CM-1 =   2.20000000000E-02 EV

  NOTE: K VECTORS PARALLEL TO SURFACE WERE CALCULATED FOR ENERGY(1)
  SUBSEQUENT ENERGY(   2) =  177.4420 CORRESPONDS TO THETA =   28.4721 DEGREES

  DWPROP. LOG DERIVATIVE MATRIX PROPAGATED FROM      -2.4041  TO  6.0000      IN    172  STEPS.

  OPEN CHANNEL LIST:

  OPEN CHANNEL   WVEC (1/ANG.)    CHANNEL           L    PAIR LEVEL            PAIR ENERGY (CM-1)
           1    6.43063805E+00         2            0         3              3.276345523520
           2    6.35303756E+00         7            0        11              7.454403576789
           3    6.03808246E+00         5            0         8             23.891061800894
           4    5.95536903E+00        10            0        15             28.069119854163
           5    5.70576841E+00         1            0         1             40.327720025000
           6    5.43872549E+00        16            0        26             52.861894184805
           7    5.25938468E+00         3            0         4             60.942436302374
           8    4.66630924E+00        11            0        17             85.735210633016
           9    4.55877423E+00        14            0        22             89.913268686284
          10    3.73753245E+00         4            0         5            118.608527081228
          11    3.60237830E+00         8            0        12            122.786585134496
          12    3.01238824E+00         6            0         9            139.223243358602

   G1   G2       S**2                  PHASE/2PI              RE (S)                 IM (S)
   -1    0 1.6593712539181E-002  -4.9971659664061E-001  -1.2881638065008E-001  -2.2938045716020E-004
   -2    0 7.3052022568864E-002  -4.2977190748945E-001  -2.4439272336451E-001  -1.1543058232263E-001
   -1    1 1.1844481875661E-001   1.6430835560662E-001   1.7647642515256E-001   2.9546724035328E-001
   -2    1 2.4209173002943E-001   4.3975498244464E-001  -4.5719684592193E-001   1.8183171920343E-001
    0    0 1.7912427605117E-002   2.2995586260521E-001   1.6811086703074E-002   1.3277731345745E-001
   -3    0 4.4135993054823E-003   4.9675401121223E-001  -6.6421108617393E-002   1.3548562723863E-003
    0    1 2.2818450780082E-002  -2.6185295801175E-001  -1.1239530082704E-002  -1.5063905119059E-001
   -1    2 1.0763477431352E-001   2.2868386376376E-001   4.3809215559620E-002   3.2513924239557E-001
   -2    2 8.9395928817317E-002   4.4360014397704E-001  -2.8041368920970E-001   1.0375014082458E-001
    1    0 1.1820200017253E-002  -1.4632954117611E-001   6.5915754133645E-002  -8.6459894600018E-002
    0    2 5.7491865638865E-002  -5.9785135114007E-002   2.2305575855854E-001  -8.7965869590071E-002
    1    1 2.3833046962828E-001  -1.4462547432411E-001   3.0012263322311E-001  -3.8504139343129E-001

  FINISHED JTOT =    0   IBLOCK =   1   ENERGY(   2) =  177.4420    

  ======================================================================================================================

  IBLOCK =   2

  29 CHANNEL BASIS FOR THETA =  30.000  PHI =   0.001 DEGREES
  CORRESPONDING TO K = (  3.094387  0.000054 ) A-1
  BASIS FUNCTIONS LIMITED BY EMAXK =  1000.000

  CHANNEL FUNCTION LIST:

  EACH CHANNEL FUNCTION IS FORMED BY COMBINING A PAIR STATE WITH A VALUE OF L.

  CHANNEL  PAIR STATE    PAIR STATE QUANTUM NUMBERS            L        PAIR LEVEL   PAIR ENERGY (CM-1)
                         ----     G1        G2   ----
        1           1              0         0                 0             1        40.3277200
        2           2              0        -1                 0             2        60.9414298
        3           3             -1         0                 0             3         3.2763455
        4           4              0         1                 0             4        60.9434428
        5           5              1         0                 0             5       118.6085271
        6           6             -1        -1                 0             6        23.8900553
        7           7              1        -1                 0             7       139.2222369
        8           8             -1         1                 0             8        23.8920683
        9           9              1         1                 0             9       139.2242498
       10          10              0        -2                 0            10       122.7845722
       11          11             -2         0                 0            11         7.4544036
       12          12              0         2                 0            12       122.7885981
       13          13              2         0                 0            13       238.1187667
       14          14              1        -2                 0            14       201.0653793
       15          15             -2         1                 0            15        28.0701263
       16          16             -1        -2                 0            16        85.7331977
       17          17             -1         2                 0            17        85.7372236
       18          18              1         2                 0            18       201.0694051
       19          19              2        -1                 0            19       258.7324765
       20          20             -2        -1                 0            20        28.0681134
       21          21              2         1                 0            21       258.7344894
       22          22             -2         2                 0            22        89.9152816
       23          23             -2        -2                 0            23        89.9112558
       24          24              2        -2                 0            24       320.5756189
       25          25              2         2                 0            25       320.5796447
       26          26             -3         0                 0            26        52.8618942
       27          27              0         3                 0            27       225.8631859
       28          28              0        -3                 0            28       225.8571471
       29          29              3         0                 0            29       398.8584388

  JTOT =    0   IBLOCK =   2   ENERGY(   1) =   161.31088010     CM-1 =   2.00000000000E-02 EV
  INNER CLASSICAL TURNING POINT AT R = -1.2118
  RADIAL PROPAGATION WILL START AT R = -2.4041

  DWPROP. LOG DERIVATIVE MATRIX PROPAGATED FROM      -2.4041  TO  6.0000      IN    163  STEPS.

  OPEN CHANNEL LIST:

  OPEN CHANNEL   WVEC (1/ANG.)    CHANNEL           L    PAIR LEVEL            PAIR ENERGY (CM-1)
           1    6.12560302E+00         3            0         3              3.276345532303
           2    6.04408744E+00        11            0        11              7.454403594355
           3    5.71214368E+00         6            0         6             23.890055346527
           4    5.71210184E+00         8            0         8             23.892068272828
           5    5.62463919E+00        20            0        20             28.068113408578
           6    5.62459670E+00        15            0        15             28.070126334879
           7    5.35963617E+00         1            0         1             40.327720025000
           8    5.07441048E+00        26            0        26             52.861894211154
           9    4.88172848E+00         2            0         2             60.941429839223
          10    4.88167952E+00         4            0         4             60.943442765525
          11    4.23613344E+00        16            0        16             85.733197715498
          12    4.23602062E+00        17            0        17             85.737223568101
          13    4.11737867E+00        23            0        23             89.911255777549
          14    4.11726259E+00        22            0        22             89.915281630152
          15    3.18418836E+00         5            0         5            118.608527072445
          16    3.02448575E+00        10            0        10            122.784572208194
          17    3.02432772E+00        12            0        12            122.788598060797
          18    2.29011540E+00         7            0         7            139.222236886668
          19    2.29001105E+00         9            0         9            139.224249812969

   G1   G2       S**2                  PHASE/2PI              RE (S)                 IM (S)
   -1    0 1.3581585609036E-002   4.1388788620512E-001  -9.9893950595940E-002   6.0023197543718E-002
   -2    0 6.6327064143778E-002   4.6806753824905E-001  -2.5237407783192E-001   5.1326299128840E-002
   -1   -1 7.2052993481183E-002   7.8459286663484E-002   2.3646508388289E-001   1.2703250601890E-001
   -1    1 7.2056674908307E-002   7.8455279301133E-002   2.3647432325785E-001   1.2702979708733E-001
   -2   -1 1.2334133887380E-001   3.4918965252646E-001  -2.0498077764301E-001   2.8517401647182E-001
   -2    1 1.2333981500047E-001   3.4918214854046E-001  -2.0496606558193E-001   2.8518191906278E-001
    0    0 2.2260086223285E-002   1.5695122572958E-001   8.2342672781885E-002   1.2441772567613E-001
   -3    0 4.6692381494049E-003   4.0303207267987E-001  -5.6036704420997E-002   3.9104039523286E-002
    0   -1 2.1638176427856E-002  -3.1513115079540E-001  -5.8531366405281E-002  -1.3495279016970E-001
    0    1 2.1641496261947E-002  -3.1511970727928E-001  -5.8526152081246E-002  -1.3496735080941E-001
   -1   -2 4.9983221212178E-002   1.3186470268303E-001   1.5112378112055E-001   1.6475686326222E-001
   -1    2 4.9978756458992E-002   1.3184687996849E-001   1.5113547966610E-001   1.6473258100658E-001
   -2   -2 4.1218210760762E-002   3.5863240790623E-001  -1.2806257756174E-001   1.5753789064541E-001
   -2    2 4.1215544340895E-002   3.5861918458522E-001  -1.2804534630171E-001   1.5754343411063E-001
    1    0 2.8539779867489E-002  -2.1101240172955E-001   4.0971265583146E-002  -1.6389367060385E-001
    0   -2 2.3650857518527E-002  -1.5951870318912E-001   8.2796212656582E-002  -1.2959801189931E-001
    0    2 2.3645532053746E-002  -1.5954143313828E-001   8.2768383025586E-002  -1.2959524229337E-001
    1   -1 1.0043199519015E-001  -1.9346967529689E-001   1.1021149513392E-001  -2.9712862792147E-001
    1    1 1.0042763351820E-001  -1.9348342467945E-001   1.1018343314272E-001  -2.9713169568238E-001

  FINISHED JTOT =    0   IBLOCK =   2   ENERGY(   1) =  161.3109    

  --------------------------- He-LiF potential of Wolken, JCP 58, 3047 (1973). Basis set 16 ----------------------------

  JTOT =    0   IBLOCK =   2   ENERGY(   2) =   177.44196811     CM-1 =   2.20000000000E-02 EV

  NOTE: K VECTORS PARALLEL TO SURFACE WERE CALCULATED FOR ENERGY(1)
  SUBSEQUENT ENERGY(   2) =  177.4420 CORRESPONDS TO THETA =   28.4721 DEGREES

  DWPROP. LOG DERIVATIVE MATRIX PROPAGATED FROM      -2.4041  TO  6.0000      IN    172  STEPS.

  OPEN CHANNEL LIST:

  OPEN CHANNEL   WVEC (1/ANG.)    CHANNEL           L    PAIR LEVEL            PAIR ENERGY (CM-1)
           1    6.43063805E+00         3            0         3              3.276345532303
           2    6.35303756E+00        11            0        11              7.454403594355
           3    6.03810224E+00         6            0         6             23.890055346527
           4    6.03806267E+00         8            0         8             23.892068272828
           5    5.95538910E+00        20            0        20             28.068113408578
           6    5.95534897E+00        15            0        15             28.070126334879
           7    5.70576841E+00         1            0         1             40.327720025000
           8    5.43872549E+00        26            0        26             52.861894211154
           9    5.25940740E+00         2            0         2             60.941429839223
          10    5.25936197E+00         4            0         4             60.943442765525
          11    4.66636045E+00        16            0        16             85.733197715498
          12    4.66625803E+00        17            0        17             85.737223568101
          13    4.55882665E+00        23            0        23             89.911255777549
          14    4.55872181E+00        22            0        22             89.915281630152
          15    3.73753245E+00         5            0         5            118.608527072445
          16    3.60244464E+00        10            0        10            122.784572208194
          17    3.60231197E+00        12            0        12            122.788598060797
          18    3.01242790E+00         7            0         7            139.222236886668
          19    3.01234857E+00         9            0         9            139.224249812969

   G1   G2       S**2                  PHASE/2PI              RE (S)                 IM (S)
   -1    0 1.6593712805326E-002  -4.9971659891835E-001  -1.2881638168640E-001  -2.2937861545441E-004
   -2    0 7.3052023111896E-002  -4.2977190735382E-001  -2.4439272417449E-001  -1.1543058295992E-001
   -1   -1 5.9222089275671E-002   1.6430979390812E-001   1.2478545160370E-001   2.0892745234586E-001
   -1    1 5.9222729900085E-002   1.6430691593528E-001   1.2478990452510E-001   2.0892632583928E-001
   -2   -1 1.2104757495519E-001   4.3975876277859E-001  -3.2329232741844E-001   1.2856767084909E-001
   -2    1 1.2104415553652E-001   4.3975120165160E-001  -3.2328165284960E-001   1.2858121350860E-001
    0    0 1.7912427301798E-002   2.2995585865996E-001   1.6811089852116E-002   1.3277731191654E-001
   -3    0 4.4135992889221E-003   4.9675401167460E-001  -6.6421108496720E-002   1.3548560768831E-003
    0   -1 1.1409535427999E-002  -2.6186342062496E-001  -7.9546583312895E-003  -1.0651881917686E-001
    0    1 1.1408915877132E-002  -2.6184250122333E-001  -7.9404417818905E-003  -1.0651697170611E-001
   -1   -2 5.3818390019228E-002   2.2869306977928E-001   3.0964783250921E-002   2.2991209671840E-001
   -1    2 5.3816383016062E-002   2.2867465964272E-001   3.0990800091592E-002   2.2990422641993E-001
   -2   -2 4.4698957585655E-002   4.4360670751389E-001  -1.9828764938261E-001   7.3355065864431E-002
   -2    2 4.4696970525586E-002   4.4359358051791E-001  -1.9827719114809E-001   7.3369789395963E-002
    1    0 1.1820198954547E-002  -1.4632954741038E-001   6.5915747783807E-002  -8.6459893295381E-002
    0   -2 2.8747549469090E-002  -5.9770982408595E-002   1.5773420526485E-001  -6.2188985829935E-002
    0    2 2.8744315886079E-002  -5.9799280241197E-002   1.5771427477724E-001  -6.2213530823828E-002
    1   -1 1.1916419303171E-001  -1.4461605311692E-001   2.1223393785268E-001  -2.7225162746117E-001
    1    1 1.1916627803150E-001  -1.4463488997161E-001   2.1220357032700E-001  -2.7227912658148E-001

  FINISHED JTOT =    0   IBLOCK =   2   ENERGY(   2) =  177.4420    

  ======================================================================================================================


  ---- MOLSCAT ------ MOLSCAT ------ MOLSCAT ------ MOLSCAT ------ MOLSCAT ---
 |                                                                            |
 |                Non-reactive quantum scattering calculations                |
 |                     on atomic and molecular collisions                     |
 |                                                                            |
 |              Copyright (C) 2018 J. M. Hutson & C. R. Le Sueur              |
 |                                                                            |
 |                               Version 2019.0 (beta)                        |
 |                                                                            |
 |                    This run used       0.11 cpu secs and                   |
 |               4271 of the allocated   1000000 words of storage             |
 |                                                                            |
  ---- MOLSCAT ------ MOLSCAT ------ MOLSCAT ------ MOLSCAT ------ MOLSCAT ---
