  ---- MOLSCAT ------ MOLSCAT ------ MOLSCAT ------ MOLSCAT ------ MOLSCAT ---
 |                                                                            |
 |                Non-reactive quantum scattering calculations                |
 |                     on atomic and molecular collisions                     |
 |                                                                            |
 |              Copyright (C) 2025 J. M. Hutson & C. R. Le Sueur              |
 |                                                                            |
 |                               Version 2025.0                               |
 |                                                                            |
 |                       Run on 06 Nov 2025   at 16:33:42                     |
 |                                                                            |
  ---- MOLSCAT ------ MOLSCAT ------ MOLSCAT ------ MOLSCAT ------ MOLSCAT ---


  This program is free software: you can redistribute it and/or modify it under
  the terms of the GNU General Public License, version 3, as published by
  the Free Software Foundation.

  Publications resulting from the use of this program should cite both the
  version of the program used:

  J. M. Hutson & C. R. Le Sueur, MOLSCAT: a program for non-reactive quantum
  scattering calculation on atomic and molecular collisions,
  Version 2025.0, https//github.com/molscat/molscat

  and the published paper:

  J. M. Hutson & C. R. Le Sueur, Comput. Phys. Commun., 241, 9-18 (2019).


  USING CODATA 2022 RECOMMENDED VALUES OF FUNDAMENTAL PHYSICAL CONSTANTS

  PRINT LEVEL (IPRINT) = 11     OTHER PRINT CONTROLS  ISIGPR = 1

  REDUCED MASS FOR INTERACTION =   1.007940000 ATOMIC MASS UNITS (DALTONS)

  ======================================================================================================================

  INTERACTION TYPE IS    LINEAR ROTOR - LINEAR ROTOR.  

  PAIR LEVEL QUANTUM NUMBERS TAKEN FROM JLEVEL INPUT.  NLEVEL =  3

  ENERGY LEVELS OF ROTOR 1 OBTAINED FROM B(E) =   59.067000

  ENERGY LEVELS OF ROTOR 2 OBTAINED FROM B(E) =   59.067000

  QUANTUM NUMBERS FOR INTERACTING PAIR:
  EACH PAIR STATE IS LABELLED BY  3 QUANTUM NUMBERS
  EACH CHANNEL FUNCTION IS FORMED BY COMBINING A PAIR STATE WITH A VALUE OF L.
  THE RESULTING BASIS SET IS ASYMPTOTICALLY DIAGONAL.

  PAIR STATE    - PAIR STATE QUANTUM NUMBERS -   PAIR LEVEL     PAIR ENERGY (CM-1)
                       J1        J2       J12
        1               0         1         1       1           118.1340000
        2               0         3         3       2           708.8040000
        3               2         1         1       3           472.5360000
        4               2         1         2       3           472.5360000
        5               2         1         3       3           472.5360000

  ======================================================================================================================
  GENERAL-PURPOSE POTENL ROUTINE (MAY 18)

  UNEXPANDED POTENTIAL IS OBTAINED FROM VRTP ROUTINE.

  A SUITABLE VRTP ROUTINE MUST BE SUPPLIED.
          FARRAR-LEE MSV H2-H2 POTENTIAL
          RM=   3.490
          EPSIL=       24.17
          ANISOTROPIC TERM IS .14/5.0 TIMES ISOTROPIC TERM
          FOR R LESS THAN  1.0754, MORSE BETA =   6.5000
          FOR R GREATER THAN  1.4000, VAN DER WAAL C6, C8 =   1.32601   0.29375 (EPSIL/RM**N).
          QUADRUPOLE-QUADRUPOLE LONG-RANGE W/ Q=.662 BUCKINGHAM.
          CUBIC SPLINE COEFFICIENTS, TO INCREASING POWERS OF R, ARE AS FOLLOWS
                -0.68294444E+01  0.72113010E+01 -0.76899426E+00 -0.71252210E+00
  IHOMO  = 2 SPECIFIES HOMONUCLEAR SYMMETRY FOR ROTOR 1.
  IHOMO2 = 2 SPECIFIES HOMONUCLEAR SYMMETRY FOR ROTOR 2.
  USING   3-POINT QUADRATURE FOR THETA-1
  HOMONUCLEAR SYMMETRY: ONLY HALF OF THE THETA-1 POINTS WILL BE USED
  USING   3-POINT QUADRATURE FOR THETA-2
  HOMONUCLEAR MOLECULE 2: ONLY HALF OF THE THETA-2 POINTS WILL BE USED
  USING   3-POINT QUADRATURE FOR PHI

  ANGULAR DEPENDENCE OF POTENTIAL EXPANDED IN TERMS OF
  CONTRACTED NORMALISED SPHERICAL HARMONICS,
  SUM(M1,M2,M) C(L1,M1,L2,M2,L,M) Y(L1,M1) Y(L2,M2) Y(L,M)
  SEE GREEN, J. CHEM. PHYS. 62, 2271 (1975)

  INTERACTION POTENTIAL FOR EXPANSION TERM NUMBER   1
  WHICH HAS LAM1 =   0,  LAM2 =   0,  LAM =   0


  INTERACTION POTENTIAL FOR EXPANSION TERM NUMBER   2
  WHICH HAS LAM1 =   2,  LAM2 =   0,  LAM =   2


  INTERACTION POTENTIAL FOR EXPANSION TERM NUMBER   3
  WHICH HAS LAM1 =   0,  LAM2 =   2,  LAM =   2


  INTERACTION POTENTIAL FOR EXPANSION TERM NUMBER   4
  WHICH HAS LAM1 =   2,  LAM2 =   2,  LAM =   4


  POTENL PROCESSING FINISHED.

  POTENTIAL RETURNED IN UNITS OF EPSIL  =  24.170000     CM-1
        CODED WITH R IN UNITS OF RM     =  3.4900000     ANGSTROM

  ALL LENGTHS ARE IN UNITS OF RM (  3.49000000 ANGSTROM ) UNLESS OTHERWISE STATED

  INTERACTION MATRIX USES   4 BLOCKS OF VL ARRAY FOR R-DEPENDENT TERMS IN POTENTIAL

  ======================================================================================================================

  PROPAGATION METHODS FOR COUPLED EQUATIONS SPECIFIED BY IPROPS =  6 AND IPROPL =  9

  COUPLED EQUATIONS WILL BE PROPAGATED OUTWARDS IN 2 SEGMENTS

  PROPAGATION RANGES ARE CONTROLLED BY VARIABLES RMIN, RMID AND RMAX, WITH INPUT VALUES
  RMIN =  0.4300     RMID =   2.000     RMAX =   20.00    
  ++++++++++++++++++++++++++++++++++++++++++++++++++++++++++++++++++++++++++++++++++++++++++++++++++++++++++++++++++++++
  SEGMENT 1 WILL BE PROPAGATED OUTWARDS

  FROM RMIN CHOSEN USING IRMSET =  9 TO RMID =      2.00

  COUPLED EQUATIONS SOLVED BY DIABATIC MODIFIED LOG-DERIVATIVE PROPAGATOR OF MANOLOPOULOS

  PROPAGATION STEP SIZE DETERMINED USING STEP =   15.0     (PER HALF WAVELENGTH)
  STEP SIZE CONSTANT THROUGHOUT RANGE
  STEP SIZE MAY BE ADJUSTED SLIGHTLY SO THAT RANGE IS A WHOLE NUMBER OF STEPS

  LOG-DERIVATIVE MATRIX INITIALISED IN THE LOCAL EIGENBASIS AT RMIN
  LOCALLY CLOSED CHANNELS INITIALISED WITH A WKB BOUNDARY CONDITION
  ++++++++++++++++++++++++++++++++++++++++++++++++++++++++++++++++++++++++++++++++++++++++++++++++++++++++++++++++++++++
  SEGMENT 2 WILL BE PROPAGATED OUTWARDS

  FROM RMID =      2.00 TO WHICHEVER IS LARGER OF
  OUTERMOST CENTRIFUGAL TURNING POINT IN OPEN CHANNELS, AND RMAX, WHICH =     20.00

  COUPLED EQUATIONS SOLVED BY VARIABLE-STEP AIRY PROPAGATOR.
  PUBLICATIONS RESULTING FROM THE USE OF THIS PROPAGATOR SHOULD REFERENCE
  M. H. ALEXANDER AND D. E. MANOLOPOULOS,  J. CHEM. PHYS. 86, 2044 (1987).

  PROPAGATION STEP SIZE DETERMINED USING STEP =   15.0     (PER HALF WAVELENGTH)
  STEP SIZES ADJUSTED TO MAINTAIN APPROXIMATE ACCURACY VIA PERTURBATION THEORY
  WITH TOLHI =  1.00E-04 AND POWR =   3.0    

  ======================================================================================================================

  INPUT ENERGIES IN UNITS OF CM-1 BY DEFAULT.

  CALCULATIONS WILL BE PERFORMED FOR    1 ENERGY  
  ENERGY    1           =   700.0000000     CM-1

  ======================================================================================================================

  TOTAL ANGULAR MOMENTUM JTOT =   6

  EACH JTOT IS SPLIT INTO A MAXIMUM OF   2 SYMMETRY BLOCKS

  STATE-TO-STATE INTEGRAL CROSS-SECTIONS WILL BE COMPUTED BUT NOT STORED ON DISK

  ======================================================================================================================

  INITIALIZATION DONE.  TIME WAS   0.00 CPU SECS.

  ============================ p-H2 + o-H2: potential of Zarur and Rabitz supplied by VRTP =============================

  *****************************  ANGULAR MOMENTUM JTOT  =   6   AND SYMMETRY BLOCK  =    1  ****************************

  CHANNEL FUNCTION LIST:

  EACH CHANNEL FUNCTION IS FORMED BY COMBINING A PAIR STATE WITH A VALUE OF L.

  CHANNEL  PAIR STATE   - PAIR STATE QUANTUM NUMBERS -           L        PAIR LEVEL   PAIR ENERGY (CM-1)
                              J1        J2       J12  
        1           2          0         3         3             4             2       708.8040000
        2           4          2         1         2             4             3       472.5360000
        3           5          2         1         3             4             3       472.5360000
        4           1          0         1         1             6             1       118.1340000
        5           2          0         3         3             6             2       708.8040000
        6           3          2         1         1             6             3       472.5360000
        7           4          2         1         2             6             3       472.5360000
        8           5          2         1         3             6             3       472.5360000
        9           2          0         3         3             8             2       708.8040000
       10           4          2         1         2             8             3       472.5360000
       11           5          2         1         3             8             3       472.5360000

  COUPLED EQUATIONS PROPAGATED AT                                 ENERGY =   700.0000000     CM-1    
  INNER CLASSICAL TURNING POINT AT R =     0.734
  RADIAL PROPAGATION WILL START AT R =     0.430

  MDPROP. LOG-DERIVATIVE MATRIX PROPAGATED FROM       0.4304  TO  2.0000      IN    154  STEPS.
  TIME TAKEN FOR CURRENT PROPAGATION:        0.00 CPU SECS.

  AIPROP. LOG-DERIVATIVE MATRIX PROPAGATED FROM       2.0000  TO  20.000      IN     82  STEPS.
  TIME TAKEN FOR CURRENT PROPAGATION:        0.01 CPU SECS.

  OPEN CHANNEL   WVEC (1/ANG.)    CHANNEL           L    PAIR LEVEL            PAIR ENERGY (CM-1)  PAIR ENERGY (EPSIL)
           1    5.89835059E+00         4            6         1                118.134000000000     4.887629292511
           2    3.68786851E+00         3            4         3                472.536000000000    19.550517170046
           3    3.68786851E+00         2            4         3                472.536000000000    19.550517170046
           4    3.68786851E+00         6            6         3                472.536000000000    19.550517170046
           5    3.68786851E+00         7            6         3                472.536000000000    19.550517170046
           6    3.68786851E+00         8            6         3                472.536000000000    19.550517170046
           7    3.68786851E+00        10            8         3                472.536000000000    19.550517170046
           8    3.68786851E+00        11            8         3                472.536000000000    19.550517170046

  ROW  COL       S**2                  PHASE/2PI              RE (S)                 IM (S)
    1    1 9.9281505103293E-001  -1.5519889208423E-001   5.5903016764688E-001  -8.2480320240263E-001
    2    1 7.5823637370767E-004   1.4529421384187E-002   2.7421428212003E-002   2.5103084514894E-003
    3    1 2.0242315161312E-003  -4.8664668101233E-001  -4.4833195984213E-002  -3.7704182755171E-003
    4    1 5.8176332955377E-004   3.1255866810878E-001  -9.2384502384864E-003   2.2280358317244E-002
    5    1 4.7093941435643E-005   3.2715698869674E-001  -3.1980911289976E-003   6.0717505355762E-003
    6    1 1.4466656390100E-003  -1.7984018883493E-001   1.6229088939545E-002  -3.4398870783826E-002
    7    1 9.3806872433968E-004  -4.4638050606824E-001  -2.8906115118943E-002  -1.0124486805271E-002
    8    1 1.3888894428908E-003  -4.4825258379263E-001  -3.5315214697589E-002  -1.1904833209837E-002
    1    2 7.5823637370767E-004   1.4529421384187E-002   2.7421428212003E-002   2.5103084514894E-003
    2    2 9.9583533498873E-001  -3.1910477055078E-001  -4.1980611188497E-001  -9.0531660948684E-001
    3    2 1.0428391674538E-004   4.2951182962536E-001  -9.2266683248216E-003   4.3763578886001E-003
    4    2 3.4403802458681E-006  -2.9046093984758E-001  -4.6647770248254E-004  -1.7952099595743E-003
    5    2 9.1675441414154E-004   2.3933424712747E-001   2.0275555989777E-003   3.0209988951249E-002
    6    2 3.6791659276139E-004  -2.5079061094875E-001  -9.5283037595579E-005  -1.9180915356263E-002
    7    2 4.9592922488313E-004   4.6414967443979E-001  -2.1706882732079E-002   4.9739789845646E-003
    8    2 1.5181041087831E-003  -3.3572407831159E-002   3.8099211970749E-002  -8.1580730562439E-003
    1    3 2.0242315161312E-003  -4.8664668101233E-001  -4.4833195984213E-002  -3.7704182755171E-003
    2    3 1.0428391674538E-004   4.2951182962536E-001  -9.2266683248216E-003   4.3763578886001E-003
    3    3 9.9508741461547E-001  -3.2452112870059E-001  -4.5019764701984E-001  -8.9017385562219E-001
    4    3 1.8709018601638E-004   2.2975584657434E-001   1.7351349786178E-003   1.3567589786781E-002
    5    3 7.8081159783598E-005  -2.5925814308059E-001  -5.1372645117479E-004  -8.8214083295674E-003
    6    3 7.5029676373188E-004   2.3306855050548E-001   2.9085132854674E-003   2.7236690588251E-002
    7    3 4.1112547850377E-004   4.4791054912991E-001  -1.9199921992826E-002   6.5183183393558E-003
    8    3 1.3574763636171E-003  -3.4022760129555E-002   3.6005296647559E-002  -7.8163275864293E-003
    1    4 5.8176332955377E-004   3.1255866810878E-001  -9.2384502384864E-003   2.2280358317244E-002
    2    4 3.4403802458681E-006  -2.9046093984758E-001  -4.6647770248254E-004  -1.7952099595743E-003
    3    4 1.8709018601638E-004   2.2975584657434E-001   1.7351349786178E-003   1.3567589786781E-002
    4    4 9.9902663531448E-001   2.9040456864370E-001  -2.5102893921560E-001   9.6747666999818E-001
    5    4 1.4664140185819E-006   3.5286265668364E-002   1.1813150422243E-003   2.6628704361368E-004
    6    4 7.4817262131816E-005  -4.6607593758214E-001  -8.4539473765117E-003  -1.8297638883163E-003
    7    4 2.3930855673496E-005   2.6553232229774E-001  -4.7665677009538E-004   4.8686398508226E-003
    8    4 1.0085625788038E-004   2.6955733033721E-001  -1.2309696202763E-003   9.9669941142925E-003
    1    5 4.7093941435643E-005   3.2715698869674E-001  -3.1980911289976E-003   6.0717505355762E-003
    2    5 9.1675441414154E-004   2.3933424712747E-001   2.0275555989777E-003   3.0209988951249E-002
    3    5 7.8081159783598E-005  -2.5925814308059E-001  -5.1372645117479E-004  -8.8214083295674E-003
    4    5 1.4664140185819E-006   3.5286265668364E-002   1.1813150422243E-003   2.6628704361368E-004
    5    5 9.9789611568974E-001   2.9199808631512E-001  -2.6055537605436E-001   9.6436871148898E-001
    6    5 4.1514370480064E-004   4.3161545499430E-002   1.9630412836221E-002   5.4580762801714E-003
    7    5 2.4734250037689E-004   2.6742429537162E-001  -1.7183694852907E-003   1.5632968582100E-002
    8    5 3.9800217570179E-004   2.8074425691181E-001  -3.8298542621146E-003   1.9578927244176E-002
    1    6 1.4466656390100E-003  -1.7984018883493E-001   1.6229088939545E-002  -3.4398870783826E-002
    2    6 3.6791659276139E-004  -2.5079061094875E-001  -9.5283037595579E-005  -1.9180915356263E-002
    3    6 7.5029676373189E-004   2.3306855050548E-001   2.9085132854674E-003   2.7236690588251E-002
    4    6 7.4817262131816E-005  -4.6607593758214E-001  -8.4539473765117E-003  -1.8297638883163E-003
    5    6 4.1514370480064E-004   4.3161545499430E-002   1.9630412836221E-002   5.4580762801714E-003
    6    6 9.9502056145601E-001   2.8700647286962E-001  -2.2985458314262E-001   9.7066339792141E-001
    7    6 1.4361109062350E-003   2.6887257718977E-001  -4.4831865259125E-003   3.7629934158976E-002
    8    6 4.8848767531657E-004  -2.3783722861223E-001   1.6873936494001E-003  -2.2037249782778E-002
    1    7 9.3806872433968E-004  -4.4638050606824E-001  -2.8906115118943E-002  -1.0124486805271E-002
    2    7 4.9592922488313E-004   4.6414967443979E-001  -2.1706882732079E-002   4.9739789845646E-003
    3    7 4.1112547850377E-004   4.4791054912991E-001  -1.9199921992826E-002   6.5183183393558E-003
    4    7 2.3930855673496E-005   2.6553232229774E-001  -4.7665677009538E-004   4.8686398508226E-003
    5    7 2.4734250037689E-004   2.6742429537162E-001  -1.7183694852907E-003   1.5632968582100E-002
    6    7 1.4361109062350E-003   2.6887257718977E-001  -4.4831865259125E-003   3.7629934158976E-002
    7    7 9.9521322805854E-001  -2.4919413649791E-001   5.0512349489946E-003  -9.9759095479261E-001
    8    7 1.2342642514477E-003   1.6557772306069E-003   3.5130195942515E-002   3.6549211784134E-004
    1    8 1.3888894428908E-003  -4.4825258379263E-001  -3.5315214697589E-002  -1.1904833209837E-002
    2    8 1.5181041087831E-003  -3.3572407831159E-002   3.8099211970749E-002  -8.1580730562439E-003
    3    8 1.3574763636171E-003  -3.4022760129555E-002   3.6005296647559E-002  -7.8163275864293E-003
    4    8 1.0085625788038E-004   2.6955733033721E-001  -1.2309696202763E-003   9.9669941142925E-003
    5    8 3.9800217570179E-004   2.8074425691181E-001  -3.8298542621146E-003   1.9578927244176E-002
    6    8 4.8848767531657E-004  -2.3783722861223E-001   1.6873936494001E-003  -2.2037249782778E-002
    7    8 1.2342642514477E-003   1.6557772306069E-003   3.5130195942515E-002   3.6549211784134E-004
    8    8 9.9351391972436E-001  -2.4320435013539E-001   4.2546698826389E-002  -9.9584320961853E-001

  * * * * * * * * * *  STATE-TO-STATE PARTIAL CROSS SECTIONS (ANGSTROM**2) FROM LEVEL I TO LEVEL F  * * * * * * * * * *
                       FOR JTOT =   6 AND SYMMETRY BLOCK =   1 AT ENERGY(  1) =  700.0000     CM-1

    F  I =      1              3
    1       3.42292E-01    1.43838E-03
    3       2.81148E-03    3.42742E+00

  FOR JTOT =    6, SYMMETRY BLOCK =  1, ENERGY(  1) =  700.0000    : MAX DIAG & OFF-DIAG =  3.43E+00 &   2.81E-03

  *****************************  ANGULAR MOMENTUM JTOT  =   6   AND SYMMETRY BLOCK  =    2  ****************************

  CHANNEL FUNCTION LIST:

  EACH CHANNEL FUNCTION IS FORMED BY COMBINING A PAIR STATE WITH A VALUE OF L.

  CHANNEL  PAIR STATE   - PAIR STATE QUANTUM NUMBERS -           L        PAIR LEVEL   PAIR ENERGY (CM-1)
                              J1        J2       J12  
        1           2          0         3         3             3             2       708.8040000
        2           5          2         1         3             3             3       472.5360000
        3           1          0         1         1             5             1       118.1340000
        4           2          0         3         3             5             2       708.8040000
        5           3          2         1         1             5             3       472.5360000
        6           4          2         1         2             5             3       472.5360000
        7           5          2         1         3             5             3       472.5360000
        8           1          0         1         1             7             1       118.1340000
        9           2          0         3         3             7             2       708.8040000
       10           3          2         1         1             7             3       472.5360000
       11           4          2         1         2             7             3       472.5360000
       12           5          2         1         3             7             3       472.5360000
       13           2          0         3         3             9             2       708.8040000
       14           5          2         1         3             9             3       472.5360000

  COUPLED EQUATIONS PROPAGATED AT                                 ENERGY =   700.0000000     CM-1    
  INNER CLASSICAL TURNING POINT AT R =     0.732
  RADIAL PROPAGATION WILL START AT R =     0.430

  MDPROP. LOG-DERIVATIVE MATRIX PROPAGATED FROM       0.4298  TO  2.0000      IN    154  STEPS.
  TIME TAKEN FOR CURRENT PROPAGATION:        0.00 CPU SECS.

  AIPROP. LOG-DERIVATIVE MATRIX PROPAGATED FROM       2.0000  TO  20.000      IN     83  STEPS.
  TIME TAKEN FOR CURRENT PROPAGATION:        0.01 CPU SECS.

  OPEN CHANNEL   WVEC (1/ANG.)    CHANNEL           L    PAIR LEVEL            PAIR ENERGY (CM-1)  PAIR ENERGY (EPSIL)
           1    5.89835059E+00         3            5         1                118.134000000000     4.887629292511
           2    5.89835059E+00         8            7         1                118.134000000000     4.887629292511
           3    3.68786851E+00         5            5         3                472.536000000000    19.550517170046
           4    3.68786851E+00         6            5         3                472.536000000000    19.550517170046
           5    3.68786851E+00         7            5         3                472.536000000000    19.550517170046
           6    3.68786851E+00         2            3         3                472.536000000000    19.550517170046
           7    3.68786851E+00        10            7         3                472.536000000000    19.550517170046
           8    3.68786851E+00        11            7         3                472.536000000000    19.550517170046
           9    3.68786851E+00        12            7         3                472.536000000000    19.550517170046
          10    3.68786851E+00        14            9         3                472.536000000000    19.550517170046

  ROW  COL       S**2                  PHASE/2PI              RE (S)                 IM (S)
    1    1 9.8930369432058E-001   4.7777870174793E-001  -9.8495852893319E-001   1.3842106271210E-001
    2    1 4.3588630125838E-003   7.3680262880981E-002   5.9072270145681E-002   2.9484401171120E-002
    3    1 6.7439618796925E-005   4.5683629665187E-001  -7.9119971274230E-003   2.1999818755105E-003
    4    1 7.6910479065554E-004   4.9868689750963E-001  -2.7731794726114E-002   2.2880542874768E-004
    5    1 8.1611957261722E-004   4.8331191464625E-001  -2.8410907017434E-002   2.9899724185911E-003
    6    1 2.6014756954402E-003  -3.5642259266406E-001  -3.1620096686329E-002  -4.0020559478690E-002
    7    1 9.3904128951128E-004   2.5290591526789E-001  -5.5947544329121E-004   3.0638672894557E-002
    8    1 7.7653918332561E-004   2.7015633800091E-001  -3.5197483171419E-003   2.7643273234362E-002
    9    1 6.5954458296581E-005   2.3406653666771E-001   8.1168296320453E-004   8.0805710852529E-003
   10    1 3.0176805819049E-004   4.6871263154233E-001  -1.7036888381313E-002   3.3930064062951E-003
    1    2 4.3588630125839E-003   7.3680262880981E-002   5.9072270145681E-002   2.9484401171121E-002
    2    2 9.9162784241374E-001   1.6638656830629E-001   4.9941952265828E-001   8.6151493475245E-001
    3    2 1.3341321643695E-003   3.2990868737570E-001  -1.7578058960121E-002   3.2017870128477E-002
    4    2 6.4500484876220E-004  -1.6161719547848E-001   1.3389776364839E-002  -2.1580517548516E-002
    5    2 1.0906507084033E-005   2.2724178518683E-001   4.7063028238465E-004   3.2687940010554E-003
    6    2 2.2289678571455E-005   1.1097554494372E-001   3.6192285263639E-003   3.0316436870794E-003
    7    2 1.4822852950078E-004   8.7307784822435E-002   1.0388495834781E-002   6.3488332622235E-003
    8    2 7.3739541753367E-004  -3.9054977471300E-001  -2.0982973935435E-002  -1.7236885517939E-002
    9    2 1.6083230338472E-004   8.9770130477380E-002   1.0717542856202E-002   6.7798656705124E-003
   10    2 9.5450512446922E-004  -2.0614672708344E-001   8.4054635494972E-003  -2.9729670482319E-002
    1    3 6.7439618796925E-005   4.5683629665187E-001  -7.9119971274230E-003   2.1999818755105E-003
    2    3 1.3341321643695E-003   3.2990868737570E-001  -1.7578058960121E-002   3.2017870128477E-002
    3    3 9.9748861958567E-001   7.1307744778475E-004   9.9873349606843E-001   4.4747532434978E-003
    4    3 6.9635514346155E-005   2.3660433954610E-001   7.0153041332811E-004   8.3152492100556E-003
    5    3 1.7547589653804E-004  -2.6157208328030E-001  -9.6231537331529E-004  -1.3211731364977E-002
    6    3 3.2203342229215E-004  -1.0405933520664E-001   1.4244319519963E-002  -1.0914796548968E-002
    7    3 4.5153166217708E-005  -4.9650703574913E-001  -6.7179923238212E-003  -1.4746306245229E-004
    8    3 7.4097300778951E-005   9.6936021192201E-003   8.5920176464145E-003   5.2395948569813E-004
    9    3 2.1149246063468E-004  -4.8876940032516E-001  -1.4506589170980E-002  -1.0253444587505E-003
   10    3 2.1192087036079E-004   1.9905821184952E-001   4.5803631926055E-003   1.3818145439407E-002
    1    4 7.6910479065554E-004   4.9868689750963E-001  -2.7731794726114E-002   2.2880542874766E-004
    2    4 6.4500484876220E-004  -1.6161719547848E-001   1.3389776364839E-002  -2.1580517548516E-002
    3    4 6.9635514346155E-005   2.3660433954610E-001   7.0153041332811E-004   8.3152492100556E-003
    4    4 9.9568536165627E-001  -4.5686639386731E-004   9.9783623757835E-001  -2.8643728360325E-003
    5    4 9.2521671100876E-004   2.5023655580037E-001  -4.5210055903328E-005   3.0417341551483E-002
    6    4 2.0571087926648E-004   3.9535772137506E-001  -1.1352626272792E-002   8.7652014224876E-003
    7    4 2.9455091594086E-005  -4.7324637959421E-001  -5.3507561512336E-003  -9.0801993597144E-004
    8    4 2.0620237516016E-004  -4.9725096841075E-001  -1.4357606408065E-002  -2.4801893327805E-004
    9    4 6.5976214552707E-004   2.5336408796883E-002   2.5361050339528E-002   4.0717651212936E-003
   10    4 8.0454598741394E-004   2.1416839989901E-001   6.3320812513347E-003   2.7648702219823E-002
    1    5 8.1611957261722E-004   4.8331191464625E-001  -2.8410907017434E-002   2.9899724185911E-003
    2    5 1.0906507084033E-005   2.2724178518683E-001   4.7063028238465E-004   3.2687940010554E-003
    3    5 1.7547589653804E-004  -2.6157208328030E-001  -9.6231537331529E-004  -1.3211731364977E-002
    4    5 9.2521671100876E-004   2.5023655580037E-001  -4.5210055903328E-005   3.0417341551483E-002
    5    5 9.9510644725686E-001  -3.1742774708297E-003   9.9735182373757E-001  -1.9894394793312E-002
    6    5 1.9599598414500E-003  -1.0047765698609E-001   3.5738083333595E-002  -2.6129470738822E-002
    7    5 2.8783653320845E-004  -4.8848403146303E-001  -1.6921352913636E-002  -1.2265189687212E-003
    8    5 1.5298952970522E-004   7.9810538553952E-003   1.2353345076823E-002   6.1999606302408E-004
    9    5 1.5026566270100E-004   4.8165209212848E-002   1.1701220031196E-002   3.6533700171929E-003
   10    5 4.1478248882972E-004   2.1265267289810E-001   4.7353980640873E-003   1.9808041145059E-002
    1    6 2.6014756954402E-003  -3.5642259266406E-001  -3.1620096686329E-002  -4.0020559478690E-002
    2    6 2.2289678571455E-005   1.1097554494372E-001   3.6192285263639E-003   3.0316436870794E-003
    3    6 3.2203342229215E-004  -1.0405933520664E-001   1.4244319519963E-002  -1.0914796548968E-002
    4    6 2.0571087926648E-004   3.9535772137506E-001  -1.1352626272792E-002   8.7652014224876E-003
    5    6 1.9599598414500E-003  -1.0047765698609E-001   3.5738083333595E-002  -2.6129470738822E-002
    6    6 9.9031243944912E-001   3.1078505484482E-001  -3.7089661202313E-001   9.2344363262675E-001
    7    6 2.6911415194765E-004  -3.3892489668129E-001  -8.6963133401007E-003  -1.3910006694407E-002
    8    6 1.9182385656173E-003   1.7740875724008E-001   1.9290869397909E-002   3.9320489868390E-002
    9    6 2.3877453270487E-003  -3.2212233495283E-001  -2.1393245325635E-002  -4.3932611821811E-002
   10    6 9.9298924258054E-007   3.0529086561287E-001  -3.3926134270336E-004   9.3695836830013E-004
    1    7 9.3904128951127E-004   2.5290591526789E-001  -5.5947544329121E-004   3.0638672894556E-002
    2    7 1.4822852950078E-004   8.7307784822434E-002   1.0388495834781E-002   6.3488332622234E-003
    3    7 4.5153166217708E-005  -4.9650703574913E-001  -6.7179923238212E-003  -1.4746306245228E-004
    4    7 2.9455091594086E-005  -4.7324637959421E-001  -5.3507561512336E-003  -9.0801993597141E-004
    5    7 2.8783653320845E-004  -4.8848403146303E-001  -1.6921352913636E-002  -1.2265189687211E-003
    6    7 2.6911415194765E-004  -3.3892489668129E-001  -8.6963133401007E-003  -1.3910006694407E-002
    7    7 9.9807704669677E-001  -4.5971736151843E-001  -9.6720870122328E-001  -2.5016869303482E-001
    8    7 3.9725676971816E-008   2.4287367472479E-001   8.9214620949697E-006   1.9911324538037E-004
    9    7 1.7861640194984E-004   2.8491373142174E-001  -2.9083585290510E-003   1.3044456777357E-002
   10    7 2.5468413621619E-005  -4.0269119718550E-002   4.8859458320391E-003  -1.2633079387065E-003
    1    8 7.7653918332561E-004   2.7015633800091E-001  -3.5197483171419E-003   2.7643273234362E-002
    2    8 7.3739541753368E-004  -3.9054977471300E-001  -2.0982973935435E-002  -1.7236885517939E-002
    3    8 7.4097300778951E-005   9.6936021192198E-003   8.5920176464145E-003   5.2395948569812E-004
    4    8 2.0620237516016E-004  -4.9725096841075E-001  -1.4357606408065E-002  -2.4801893327806E-004
    5    8 1.5298952970522E-004   7.9810538553949E-003   1.2353345076823E-002   6.1999606302406E-004
    6    8 1.9182385656173E-003   1.7740875724008E-001   1.9290869397909E-002   3.9320489868390E-002
    7    8 3.9725676971816E-008   2.4287367472479E-001   8.9214620949697E-006   1.9911324538037E-004
    8    8 9.9445741341707E-001  -4.6276073274092E-001  -9.7005152884447E-001  -2.3120866074515E-001
    9    8 6.2737788806477E-004   2.9402521930764E-001  -6.8405852189283E-003   2.4095316597367E-002
   10    8 1.0497065970713E-003  -2.4187001289095E-002   3.2025760876847E-002  -4.9048177672873E-003
    1    9 6.5954458296581E-005   2.3406653666771E-001   8.1168296320453E-004   8.0805710852529E-003
    2    9 1.6083230338472E-004   8.9770130477380E-002   1.0717542856202E-002   6.7798656705124E-003
    3    9 2.1149246063468E-004  -4.8876940032516E-001  -1.4506589170980E-002  -1.0253444587505E-003
    4    9 6.5976214552707E-004   2.5336408796883E-002   2.5361050339528E-002   4.0717651212935E-003
    5    9 1.5026566270100E-004   4.8165209212848E-002   1.1701220031196E-002   3.6533700171929E-003
    6    9 2.3877453270487E-003  -3.2212233495283E-001  -2.1393245325635E-002  -4.3932611821811E-002
    7    9 1.7861640194984E-004   2.8491373142174E-001  -2.9083585290510E-003   1.3044456777357E-002
    8    9 6.2737788806477E-004   2.9402521930764E-001  -6.8405852189283E-003   2.4095316597367E-002
    9    9 9.9342321511616E-001  -4.5623498978429E-001  -9.5925956495194E-001  -2.7063684554100E-001
   10    9 2.1347382362281E-003  -2.2077476413889E-002   4.5759410077211E-002  -6.3886325308096E-003
    1   10 3.0176805819049E-004   4.6871263154233E-001  -1.7036888381313E-002   3.3930064062952E-003
    2   10 9.5450512446922E-004  -2.0614672708344E-001   8.4054635494972E-003  -2.9729670482319E-002
    3   10 2.1192087036079E-004   1.9905821184952E-001   4.5803631926055E-003   1.3818145439407E-002
    4   10 8.0454598741394E-004   2.1416839989901E-001   6.3320812513347E-003   2.7648702219823E-002
    5   10 4.1478248882972E-004   2.1265267289810E-001   4.7353980640873E-003   1.9808041145059E-002
    6   10 9.9298924258057E-007   3.0529086561287E-001  -3.3926134270336E-004   9.3695836830015E-004
    7   10 2.5468413621619E-005  -4.0269119718550E-002   4.8859458320391E-003  -1.2633079387065E-003
    8   10 1.0497065970713E-003  -2.4187001289095E-002   3.2025760876847E-002  -4.9048177672873E-003
    9   10 2.1347382362281E-003  -2.2077476413889E-002   4.5759410077211E-002  -6.3886325308096E-003
   10   10 9.9410157123457E-001  -8.6487058633315E-002   8.5342020575627E-001  -5.1553421190208E-001

  * * * * * * * * * *  STATE-TO-STATE PARTIAL CROSS SECTIONS (ANGSTROM**2) FROM LEVEL I TO LEVEL F  * * * * * * * * * *
                       FOR JTOT =   6 AND SYMMETRY BLOCK =   2 AT ENERGY(  1) =  700.0000     CM-1

    F  I =      1              3
    1       1.94114E+00    2.07216E-03
    3       4.05025E-03    2.96884E+00

  FOR JTOT =    6, SYMMETRY BLOCK =  2, ENERGY(  1) =  700.0000    : MAX DIAG & OFF-DIAG =  2.97E+00 &   4.05E-03

  *-*-*-*-*-*-*-*-*-*-STATE-TO-STATE INTEGRAL CROSS SECTIONS: (ANGSTROM**2) ACCUMULATED FROM JTOT =   6 TO   6 -*-*-*-*-*-*-*-*-*-*

    F  I =      1              3
    1       2.28343E+00    3.51054E-03
    3       6.86173E-03    6.39626E+00

  ============================ p-H2 + o-H2: potential of Zarur and Rabitz supplied by VRTP =============================

  LEVEL   2 WITH ENERGY    708.804000000000 IS NEVER OPEN

  STATE-TO-STATE INTEGRAL CROSS SECTIONS IN ANGSTROM**2 BETWEEN    2 LEVELS WITH THRESHOLD ENERGIES (IN CM-1):

    1   118.134000000000
    3   472.536000000000

   ENERGY (CM-1)    JTOTL  JSTEP  JTOTU      F    I         SIG(F,I)
   700.0000000          6      1      6      1    1          2.28343      
   700.0000000          6      1      6      3    1         6.861729E-03  

   700.0000000          6      1      6      1    3         3.510540E-03  
   700.0000000          6      1      6      3    3          6.39626      

  TOTAL INELASTIC INTEGRAL CROSS SECTIONS IN ANGSTROM**2 FROM LEVEL
   6.86173E-03                                                  1
   3.51054E-03                                                  3



  ---- MOLSCAT ------ MOLSCAT ------ MOLSCAT ------ MOLSCAT ------ MOLSCAT ---
 |                                                                            |
 |                Non-reactive quantum scattering calculations                |
 |                     on atomic and molecular collisions                     |
 |                                                                            |
 |              Copyright (C) 2025 J. M. Hutson & C. R. Le Sueur              |
 |                                                                            |
 |                               Version 2025.0                               |
 |                                                                            |
 |                      This run used       0.02 cpu secs                     |
 |                                                                            |
  ---- MOLSCAT ------ MOLSCAT ------ MOLSCAT ------ MOLSCAT ------ MOLSCAT ---
